<?xml version="1.0" encoding="UTF-8"?>
<coverage generated="1606885216158" clover="3.2.0">
  <project timestamp="1606885216158" name="All files">
    <metrics statements="319" coveredstatements="236" conditionals="178" coveredconditionals="106" methods="26" coveredmethods="24" elements="523" coveredelements="366" complexity="0" loc="319" ncloc="319" packages="3" files="12" classes="12"/>
    <package name="movements">
      <metrics statements="108" coveredstatements="104" conditionals="18" coveredconditionals="16" methods="19" coveredmethods="17"/>
      <file name="black.js" path="D:\Escritorio\Renzo\Megachess\movements\black.js">
        <metrics statements="48" coveredstatements="46" conditionals="9" coveredconditionals="8" methods="9" coveredmethods="8"/>
        <line num="1" count="1" type="stmt"/>
        <line num="2" count="1" type="stmt"/>
        <line num="3" count="1" type="stmt"/>
        <line num="4" count="1" type="stmt"/>
        <line num="5" count="1" type="stmt"/>
        <line num="6" count="1" type="stmt"/>
        <line num="7" count="1" type="stmt"/>
        <line num="8" count="1" type="stmt"/>
        <line num="9" count="1" type="stmt"/>
        <line num="12" count="1" type="stmt"/>
        <line num="14" count="3" type="stmt"/>
        <line num="16" count="3" type="stmt"/>
        <line num="17" count="3" type="stmt"/>
        <line num="18" count="3" type="stmt"/>
        <line num="19" count="3" type="stmt"/>
        <line num="20" count="3" type="stmt"/>
        <line num="22" count="3" type="stmt"/>
        <line num="25" count="3" type="stmt"/>
        <line num="26" count="93" type="cond" truecount="1" falsecount="1"/>
        <line num="27" count="93" type="stmt"/>
        <line num="29" count="0" type="stmt"/>
        <line num="33" count="3" type="stmt"/>
        <line num="45" count="0" type="stmt"/>
        <line num="47" count="3" type="stmt"/>
        <line num="48" count="3" type="stmt"/>
        <line num="53" count="1" type="stmt"/>
        <line num="55" count="3" type="stmt"/>
        <line num="56" count="48" type="stmt"/>
        <line num="57" count="768" type="cond" truecount="7" falsecount="0"/>
        <line num="60" count="96" type="stmt"/>
        <line num="61" count="96" type="stmt"/>
        <line num="63" count="24" type="stmt"/>
        <line num="64" count="24" type="stmt"/>
        <line num="66" count="24" type="stmt"/>
        <line num="67" count="24" type="stmt"/>
        <line num="69" count="24" type="stmt"/>
        <line num="70" count="24" type="stmt"/>
        <line num="72" count="12" type="stmt"/>
        <line num="73" count="12" type="stmt"/>
        <line num="75" count="12" type="stmt"/>
        <line num="76" count="12" type="stmt"/>
        <line num="78" count="576" type="stmt"/>
        <line num="82" count="3" type="stmt"/>
        <line num="85" count="3" type="stmt"/>
        <line num="86" count="192" type="stmt"/>
        <line num="87" count="96" type="stmt"/>
        <line num="91" count="3" type="stmt"/>
        <line num="94" count="1" type="stmt"/>
      </file>
      <file name="matriz.js" path="D:\Escritorio\Renzo\Megachess\movements\matriz.js">
        <metrics statements="12" coveredstatements="12" conditionals="0" coveredconditionals="0" methods="1" coveredmethods="1"/>
        <line num="1" count="3" type="stmt"/>
        <line num="2" count="262" type="stmt"/>
        <line num="3" count="262" type="stmt"/>
        <line num="4" count="262" type="stmt"/>
        <line num="6" count="262" type="stmt"/>
        <line num="7" count="4192" type="stmt"/>
        <line num="8" count="4192" type="stmt"/>
        <line num="9" count="67072" type="stmt"/>
        <line num="10" count="67072" type="stmt"/>
        <line num="12" count="4192" type="stmt"/>
        <line num="14" count="262" type="stmt"/>
        <line num="17" count="3" type="stmt"/>
      </file>
      <file name="white.js" path="D:\Escritorio\Renzo\Megachess\movements\white.js">
        <metrics statements="48" coveredstatements="46" conditionals="9" coveredconditionals="8" methods="9" coveredmethods="8"/>
        <line num="1" count="1" type="stmt"/>
        <line num="2" count="1" type="stmt"/>
        <line num="3" count="1" type="stmt"/>
        <line num="4" count="1" type="stmt"/>
        <line num="5" count="1" type="stmt"/>
        <line num="6" count="1" type="stmt"/>
        <line num="7" count="1" type="stmt"/>
        <line num="8" count="1" type="stmt"/>
        <line num="9" count="1" type="stmt"/>
        <line num="11" count="1" type="stmt"/>
        <line num="13" count="3" type="stmt"/>
        <line num="15" count="3" type="stmt"/>
        <line num="16" count="3" type="stmt"/>
        <line num="17" count="3" type="stmt"/>
        <line num="18" count="3" type="stmt"/>
        <line num="19" count="3" type="stmt"/>
        <line num="22" count="3" type="stmt"/>
        <line num="25" count="3" type="stmt"/>
        <line num="27" count="93" type="cond" truecount="1" falsecount="1"/>
        <line num="28" count="93" type="stmt"/>
        <line num="30" count="0" type="stmt"/>
        <line num="33" count="3" type="stmt"/>
        <line num="45" count="0" type="stmt"/>
        <line num="47" count="3" type="stmt"/>
        <line num="48" count="3" type="stmt"/>
        <line num="54" count="1" type="stmt"/>
        <line num="57" count="3" type="stmt"/>
        <line num="58" count="48" type="stmt"/>
        <line num="59" count="768" type="cond" truecount="7" falsecount="0"/>
        <line num="61" count="96" type="stmt"/>
        <line num="62" count="96" type="stmt"/>
        <line num="65" count="24" type="stmt"/>
        <line num="66" count="24" type="stmt"/>
        <line num="69" count="24" type="stmt"/>
        <line num="70" count="24" type="stmt"/>
        <line num="73" count="24" type="stmt"/>
        <line num="74" count="24" type="stmt"/>
        <line num="77" count="12" type="stmt"/>
        <line num="78" count="12" type="stmt"/>
        <line num="81" count="12" type="stmt"/>
        <line num="82" count="12" type="stmt"/>
        <line num="85" count="576" type="stmt"/>
        <line num="89" count="3" type="stmt"/>
        <line num="92" count="3" type="stmt"/>
        <line num="93" count="192" type="stmt"/>
        <line num="94" count="96" type="stmt"/>
        <line num="98" count="3" type="stmt"/>
        <line num="101" count="1" type="stmt"/>
      </file>
    </package>
    <package name="pieces">
      <metrics statements="205" coveredstatements="126" conditionals="160" coveredconditionals="90" methods="7" coveredmethods="7"/>
      <file name="bishop.js" path="D:\Escritorio\Renzo\Megachess\pieces\bishop.js">
        <metrics statements="40" coveredstatements="24" conditionals="32" coveredconditionals="20" methods="1" coveredmethods="1"/>
        <line num="1" count="2" type="stmt"/>
        <line num="3" count="48" type="stmt"/>
        <line num="6" count="48" type="stmt"/>
        <line num="8" count="48" type="cond" truecount="4" falsecount="0"/>
        <line num="9" count="12" type="stmt"/>
        <line num="12" count="36" type="cond" truecount="1" falsecount="1"/>
        <line num="13" count="36" type="stmt"/>
        <line num="16" count="0" type="cond" truecount="0" falsecount="2"/>
        <line num="17" count="0" type="stmt"/>
        <line num="25" count="0" type="stmt"/>
        <line num="32" count="0" type="stmt"/>
        <line num="38" count="48" type="stmt"/>
        <line num="39" count="48" type="cond" truecount="4" falsecount="0"/>
        <line num="40" count="12" type="stmt"/>
        <line num="43" count="36" type="cond" truecount="1" falsecount="1"/>
        <line num="44" count="36" type="stmt"/>
        <line num="47" count="0" type="cond" truecount="0" falsecount="2"/>
        <line num="48" count="0" type="stmt"/>
        <line num="56" count="0" type="stmt"/>
        <line num="63" count="0" type="stmt"/>
        <line num="70" count="48" type="stmt"/>
        <line num="72" count="48" type="cond" truecount="4" falsecount="0"/>
        <line num="73" count="12" type="stmt"/>
        <line num="76" count="36" type="cond" truecount="1" falsecount="1"/>
        <line num="77" count="36" type="stmt"/>
        <line num="80" count="0" type="cond" truecount="0" falsecount="2"/>
        <line num="81" count="0" type="stmt"/>
        <line num="90" count="0" type="stmt"/>
        <line num="97" count="0" type="stmt"/>
        <line num="104" count="48" type="stmt"/>
        <line num="106" count="48" type="cond" truecount="4" falsecount="0"/>
        <line num="107" count="12" type="stmt"/>
        <line num="110" count="36" type="cond" truecount="1" falsecount="1"/>
        <line num="111" count="36" type="stmt"/>
        <line num="114" count="0" type="cond" truecount="0" falsecount="2"/>
        <line num="115" count="0" type="stmt"/>
        <line num="124" count="0" type="stmt"/>
        <line num="131" count="0" type="stmt"/>
        <line num="134" count="48" type="stmt"/>
        <line num="137" count="2" type="stmt"/>
      </file>
      <file name="blackPawn.js" path="D:\Escritorio\Renzo\Megachess\pieces\blackPawn.js">
        <metrics statements="15" coveredstatements="12" conditionals="14" coveredconditionals="9" methods="1" coveredmethods="1"/>
        <line num="1" count="1" type="stmt"/>
        <line num="2" count="96" type="stmt"/>
        <line num="4" count="96" type="cond" truecount="2" falsecount="0"/>
        <line num="5" count="48" type="cond" truecount="1" falsecount="1"/>
        <line num="7" count="48" type="cond" truecount="3" falsecount="1"/>
        <line num="8" count="48" type="stmt"/>
        <line num="18" count="48" type="cond" truecount="1" falsecount="1"/>
        <line num="19" count="0" type="stmt"/>
        <line num="27" count="48" type="cond" truecount="1" falsecount="1"/>
        <line num="28" count="0" type="stmt"/>
        <line num="36" count="48" type="cond" truecount="1" falsecount="1"/>
        <line num="37" count="0" type="stmt"/>
        <line num="45" count="48" type="stmt"/>
        <line num="53" count="96" type="stmt"/>
        <line num="55" count="1" type="stmt"/>
      </file>
      <file name="horse.js" path="D:\Escritorio\Renzo\Megachess\pieces\horse.js">
        <metrics statements="22" coveredstatements="16" conditionals="24" coveredconditionals="16" methods="1" coveredmethods="1"/>
        <line num="1" count="2" type="stmt"/>
        <line num="3" count="48" type="stmt"/>
        <line num="6" count="48" type="stmt"/>
        <line num="7" count="96" type="stmt"/>
        <line num="8" count="192" type="cond" truecount="6" falsecount="2"/>
        <line num="9" count="96" type="stmt"/>
        <line num="11" count="96" type="cond" truecount="1" falsecount="1"/>
        <line num="12" count="96" type="stmt"/>
        <line num="14" count="0" type="cond" truecount="0" falsecount="2"/>
        <line num="15" count="0" type="stmt"/>
        <line num="23" count="0" type="stmt"/>
        <line num="35" count="48" type="stmt"/>
        <line num="36" count="96" type="stmt"/>
        <line num="37" count="192" type="cond" truecount="8" falsecount="0"/>
        <line num="38" count="48" type="stmt"/>
        <line num="40" count="144" type="cond" truecount="1" falsecount="1"/>
        <line num="41" count="144" type="stmt"/>
        <line num="43" count="0" type="cond" truecount="0" falsecount="2"/>
        <line num="44" count="0" type="stmt"/>
        <line num="52" count="0" type="stmt"/>
        <line num="63" count="48" type="stmt"/>
        <line num="66" count="2" type="stmt"/>
      </file>
      <file name="king.js" path="D:\Escritorio\Renzo\Megachess\pieces\king.js">
        <metrics statements="13" coveredstatements="10" conditionals="12" coveredconditionals="9" methods="1" coveredmethods="1"/>
        <line num="1" count="2" type="stmt"/>
        <line num="3" count="24" type="stmt"/>
        <line num="6" count="24" type="stmt"/>
        <line num="7" count="72" type="stmt"/>
        <line num="8" count="216" type="cond" truecount="8" falsecount="0"/>
        <line num="9" count="36" type="stmt"/>
        <line num="12" count="180" type="cond" truecount="1" falsecount="1"/>
        <line num="13" count="180" type="stmt"/>
        <line num="16" count="0" type="cond" truecount="0" falsecount="2"/>
        <line num="17" count="0" type="stmt"/>
        <line num="25" count="0" type="stmt"/>
        <line num="35" count="24" type="stmt"/>
        <line num="37" count="2" type="stmt"/>
      </file>
      <file name="queen.js" path="D:\Escritorio\Renzo\Megachess\pieces\queen.js">
        <metrics statements="68" coveredstatements="36" conditionals="48" coveredconditionals="24" methods="1" coveredmethods="1"/>
        <line num="1" count="2" type="stmt"/>
        <line num="2" count="24" type="stmt"/>
        <line num="4" count="24" type="stmt"/>
        <line num="6" count="18" type="cond" truecount="1" falsecount="1"/>
        <line num="7" count="18" type="stmt"/>
        <line num="10" count="0" type="cond" truecount="0" falsecount="2"/>
        <line num="11" count="0" type="stmt"/>
        <line num="19" count="0" type="stmt"/>
        <line num="26" count="0" type="stmt"/>
        <line num="31" count="24" type="stmt"/>
        <line num="33" count="18" type="cond" truecount="1" falsecount="1"/>
        <line num="34" count="18" type="stmt"/>
        <line num="36" count="0" type="cond" truecount="0" falsecount="2"/>
        <line num="37" count="0" type="stmt"/>
        <line num="45" count="0" type="stmt"/>
        <line num="52" count="0" type="stmt"/>
        <line num="57" count="24" type="stmt"/>
        <line num="58" count="24" type="cond" truecount="1" falsecount="1"/>
        <line num="59" count="24" type="stmt"/>
        <line num="61" count="0" type="cond" truecount="0" falsecount="2"/>
        <line num="62" count="0" type="stmt"/>
        <line num="70" count="0" type="stmt"/>
        <line num="77" count="0" type="stmt"/>
        <line num="83" count="24" type="stmt"/>
        <line num="84" count="24" type="cond" truecount="1" falsecount="1"/>
        <line num="85" count="24" type="stmt"/>
        <line num="88" count="0" type="cond" truecount="0" falsecount="2"/>
        <line num="89" count="0" type="stmt"/>
        <line num="97" count="0" type="stmt"/>
        <line num="104" count="0" type="stmt"/>
        <line num="109" count="24" type="stmt"/>
        <line num="111" count="24" type="cond" truecount="4" falsecount="0"/>
        <line num="112" count="6" type="stmt"/>
        <line num="115" count="18" type="cond" truecount="1" falsecount="1"/>
        <line num="116" count="18" type="stmt"/>
        <line num="119" count="0" type="cond" truecount="0" falsecount="2"/>
        <line num="120" count="0" type="stmt"/>
        <line num="128" count="0" type="stmt"/>
        <line num="135" count="0" type="stmt"/>
        <line num="142" count="24" type="stmt"/>
        <line num="143" count="24" type="cond" truecount="4" falsecount="0"/>
        <line num="144" count="6" type="stmt"/>
        <line num="147" count="18" type="cond" truecount="1" falsecount="1"/>
        <line num="149" count="18" type="stmt"/>
        <line num="152" count="0" type="cond" truecount="0" falsecount="2"/>
        <line num="153" count="0" type="stmt"/>
        <line num="161" count="0" type="stmt"/>
        <line num="168" count="0" type="stmt"/>
        <line num="175" count="24" type="stmt"/>
        <line num="177" count="24" type="cond" truecount="4" falsecount="0"/>
        <line num="178" count="6" type="stmt"/>
        <line num="181" count="18" type="cond" truecount="1" falsecount="1"/>
        <line num="182" count="18" type="stmt"/>
        <line num="185" count="0" type="cond" truecount="0" falsecount="2"/>
        <line num="186" count="0" type="stmt"/>
        <line num="195" count="0" type="stmt"/>
        <line num="202" count="0" type="stmt"/>
        <line num="209" count="24" type="stmt"/>
        <line num="211" count="24" type="cond" truecount="4" falsecount="0"/>
        <line num="212" count="6" type="stmt"/>
        <line num="215" count="18" type="cond" truecount="1" falsecount="1"/>
        <line num="216" count="18" type="stmt"/>
        <line num="219" count="0" type="cond" truecount="0" falsecount="2"/>
        <line num="220" count="0" type="stmt"/>
        <line num="228" count="0" type="stmt"/>
        <line num="235" count="0" type="stmt"/>
        <line num="238" count="24" type="stmt"/>
        <line num="241" count="2" type="stmt"/>
      </file>
      <file name="rook.js" path="D:\Escritorio\Renzo\Megachess\pieces\rook.js">
        <metrics statements="32" coveredstatements="16" conditionals="16" coveredconditionals="4" methods="1" coveredmethods="1"/>
        <line num="2" count="2" type="stmt"/>
        <line num="4" count="48" type="stmt"/>
        <line num="6" count="48" type="stmt"/>
        <line num="8" count="36" type="cond" truecount="1" falsecount="1"/>
        <line num="9" count="36" type="stmt"/>
        <line num="12" count="0" type="cond" truecount="0" falsecount="2"/>
        <line num="13" count="0" type="stmt"/>
        <line num="21" count="0" type="stmt"/>
        <line num="28" count="0" type="stmt"/>
        <line num="34" count="48" type="stmt"/>
        <line num="36" count="36" type="cond" truecount="1" falsecount="1"/>
        <line num="37" count="36" type="stmt"/>
        <line num="40" count="0" type="cond" truecount="0" falsecount="2"/>
        <line num="41" count="0" type="stmt"/>
        <line num="49" count="0" type="stmt"/>
        <line num="56" count="0" type="stmt"/>
        <line num="60" count="48" type="stmt"/>
        <line num="61" count="24" type="cond" truecount="1" falsecount="1"/>
        <line num="62" count="24" type="stmt"/>
        <line num="65" count="0" type="cond" truecount="0" falsecount="2"/>
        <line num="66" count="0" type="stmt"/>
        <line num="74" count="0" type="stmt"/>
        <line num="81" count="0" type="stmt"/>
        <line num="87" count="48" type="stmt"/>
        <line num="88" count="36" type="cond" truecount="1" falsecount="1"/>
        <line num="89" count="36" type="stmt"/>
        <line num="92" count="0" type="cond" truecount="0" falsecount="2"/>
        <line num="93" count="0" type="stmt"/>
        <line num="101" count="0" type="stmt"/>
        <line num="108" count="0" type="stmt"/>
        <line num="111" count="48" type="stmt"/>
        <line num="114" count="2" type="stmt"/>
      </file>
      <file name="whitePawn.js" path="D:\Escritorio\Renzo\Megachess\pieces\whitePawn.js">
        <metrics statements="15" coveredstatements="12" conditionals="14" coveredconditionals="8" methods="1" coveredmethods="1"/>
        <line num="1" count="1" type="stmt"/>
        <line num="3" count="96" type="stmt"/>
        <line num="5" count="96" type="cond" truecount="2" falsecount="0"/>
        <line num="6" count="48" type="cond" truecount="1" falsecount="1"/>
        <line num="7" count="48" type="cond" truecount="2" falsecount="2"/>
        <line num="8" count="48" type="stmt"/>
        <line num="17" count="48" type="cond" truecount="1" falsecount="1"/>
        <line num="18" count="0" type="stmt"/>
        <line num="27" count="48" type="cond" truecount="1" falsecount="1"/>
        <line num="28" count="0" type="stmt"/>
        <line num="37" count="48" type="cond" truecount="1" falsecount="1"/>
        <line num="38" count="0" type="stmt"/>
        <line num="47" count="48" type="stmt"/>
        <line num="56" count="96" type="stmt"/>
        <line num="59" count="1" type="stmt"/>
      </file>
    </package>
    <package name="piecesValues">
      <metrics statements="6" coveredstatements="6" conditionals="0" coveredconditionals="0" methods="0" coveredmethods="0"/>
      <file name="eatValue.js" path="D:\Escritorio\Renzo\Megachess\piecesValues\eatValue.js">
        <metrics statements="3" coveredstatements="3" conditionals="0" coveredconditionals="0" methods="0" coveredmethods="0"/>
        <line num="2" count="2" type="stmt"/>
        <line num="12" count="2" type="stmt"/>
        <line num="21" count="2" type="stmt"/>
      </file>
      <file name="moveValue.js" path="D:\Escritorio\Renzo\Megachess\piecesValues\moveValue.js">
        <metrics statements="3" coveredstatements="3" conditionals="0" coveredconditionals="0" methods="0" coveredmethods="0"/>
        <line num="2" count="2" type="stmt"/>
        <line num="11" count="2" type="stmt"/>
        <line num="20" count="2" type="stmt"/>
      </file>
    </package>
  </project>
</coverage>
