<?xml version="1.0" encoding="UTF-8"?>
<coverage generated="1606869659444" clover="3.2.0">
  <project timestamp="1606869659444" name="All files">
    <metrics statements="354" coveredstatements="255" conditionals="236" coveredconditionals="119" methods="27" coveredmethods="24" elements="617" coveredelements="398" complexity="0" loc="354" ncloc="354" packages="3" files="13" classes="13"/>
    <package name="movements">
      <metrics statements="133" coveredstatements="112" conditionals="48" coveredconditionals="18" methods="20" coveredmethods="17"/>
      <file name="black.js" path="D:\Escritorio\Renzo\Megachess\movements\black.js">
        <metrics statements="53" coveredstatements="49" conditionals="11" coveredconditionals="9" methods="9" coveredmethods="8"/>
        <line num="1" count="1" type="stmt"/>
        <line num="2" count="1" type="stmt"/>
        <line num="3" count="1" type="stmt"/>
        <line num="4" count="1" type="stmt"/>
        <line num="5" count="1" type="stmt"/>
        <line num="6" count="1" type="stmt"/>
        <line num="7" count="1" type="stmt"/>
        <line num="8" count="1" type="stmt"/>
        <line num="9" count="1" type="stmt"/>
        <line num="10" count="1" type="stmt"/>
        <line num="13" count="1" type="stmt"/>
        <line num="15" count="3" type="stmt"/>
        <line num="17" count="3" type="stmt"/>
        <line num="18" count="3" type="stmt"/>
        <line num="19" count="3" type="stmt"/>
        <line num="21" count="3" type="stmt"/>
        <line num="22" count="3" type="stmt"/>
        <line num="23" count="3" type="stmt"/>
        <line num="25" count="3" type="stmt"/>
        <line num="27" count="3" type="cond" truecount="1" falsecount="1"/>
        <line num="28" count="0" type="stmt"/>
        <line num="29" count="0" type="stmt"/>
        <line num="43" count="3" type="stmt"/>
        <line num="44" count="93" type="cond" truecount="1" falsecount="1"/>
        <line num="45" count="93" type="stmt"/>
        <line num="47" count="0" type="stmt"/>
        <line num="51" count="3" type="stmt"/>
        <line num="63" count="0" type="stmt"/>
        <line num="65" count="3" type="stmt"/>
        <line num="66" count="3" type="stmt"/>
        <line num="71" count="1" type="stmt"/>
        <line num="73" count="3" type="stmt"/>
        <line num="74" count="48" type="stmt"/>
        <line num="75" count="768" type="cond" truecount="7" falsecount="0"/>
        <line num="78" count="96" type="stmt"/>
        <line num="79" count="96" type="stmt"/>
        <line num="81" count="24" type="stmt"/>
        <line num="82" count="24" type="stmt"/>
        <line num="84" count="24" type="stmt"/>
        <line num="85" count="24" type="stmt"/>
        <line num="87" count="24" type="stmt"/>
        <line num="88" count="24" type="stmt"/>
        <line num="90" count="12" type="stmt"/>
        <line num="91" count="12" type="stmt"/>
        <line num="93" count="12" type="stmt"/>
        <line num="94" count="12" type="stmt"/>
        <line num="96" count="576" type="stmt"/>
        <line num="100" count="3" type="stmt"/>
        <line num="103" count="3" type="stmt"/>
        <line num="104" count="192" type="stmt"/>
        <line num="105" count="96" type="stmt"/>
        <line num="109" count="3" type="stmt"/>
        <line num="112" count="1" type="stmt"/>
      </file>
      <file name="matriz.js" path="D:\Escritorio\Renzo\Megachess\movements\matriz.js">
        <metrics statements="12" coveredstatements="12" conditionals="0" coveredconditionals="0" methods="1" coveredmethods="1"/>
        <line num="1" count="3" type="stmt"/>
        <line num="2" count="262" type="stmt"/>
        <line num="3" count="262" type="stmt"/>
        <line num="4" count="262" type="stmt"/>
        <line num="6" count="262" type="stmt"/>
        <line num="7" count="4192" type="stmt"/>
        <line num="8" count="4192" type="stmt"/>
        <line num="9" count="67072" type="stmt"/>
        <line num="10" count="67072" type="stmt"/>
        <line num="12" count="4192" type="stmt"/>
        <line num="14" count="262" type="stmt"/>
        <line num="17" count="3" type="stmt"/>
      </file>
      <file name="movementsWithoutEating.js" path="D:\Escritorio\Renzo\Megachess\movements\movementsWithoutEating.js">
        <metrics statements="15" coveredstatements="2" conditionals="26" coveredconditionals="0" methods="1" coveredmethods="0"/>
        <line num="4" count="2" type="stmt"/>
        <line num="5" count="0" type="stmt"/>
        <line num="6" count="0" type="stmt"/>
        <line num="7" count="0" type="cond" truecount="0" falsecount="4"/>
        <line num="10" count="0" type="cond" truecount="0" falsecount="2"/>
        <line num="11" count="0" type="stmt"/>
        <line num="18" count="0" type="stmt"/>
        <line num="26" count="0" type="cond" truecount="0" falsecount="4"/>
        <line num="27" count="0" type="stmt"/>
        <line num="34" count="0" type="stmt"/>
        <line num="43" count="0" type="cond" truecount="0" falsecount="4"/>
        <line num="44" count="0" type="stmt"/>
        <line num="51" count="0" type="stmt"/>
        <line num="59" count="0" type="stmt"/>
        <line num="65" count="2" type="stmt"/>
      </file>
      <file name="white.js" path="D:\Escritorio\Renzo\Megachess\movements\white.js">
        <metrics statements="53" coveredstatements="49" conditionals="11" coveredconditionals="9" methods="9" coveredmethods="8"/>
        <line num="1" count="1" type="stmt"/>
        <line num="2" count="1" type="stmt"/>
        <line num="3" count="1" type="stmt"/>
        <line num="4" count="1" type="stmt"/>
        <line num="5" count="1" type="stmt"/>
        <line num="6" count="1" type="stmt"/>
        <line num="7" count="1" type="stmt"/>
        <line num="8" count="1" type="stmt"/>
        <line num="9" count="1" type="stmt"/>
        <line num="10" count="1" type="stmt"/>
        <line num="12" count="1" type="stmt"/>
        <line num="14" count="3" type="stmt"/>
        <line num="16" count="3" type="stmt"/>
        <line num="17" count="3" type="stmt"/>
        <line num="18" count="3" type="stmt"/>
        <line num="20" count="3" type="stmt"/>
        <line num="21" count="3" type="stmt"/>
        <line num="22" count="3" type="stmt"/>
        <line num="25" count="3" type="stmt"/>
        <line num="28" count="3" type="cond" truecount="1" falsecount="1"/>
        <line num="29" count="0" type="stmt"/>
        <line num="30" count="0" type="stmt"/>
        <line num="43" count="3" type="stmt"/>
        <line num="45" count="93" type="cond" truecount="1" falsecount="1"/>
        <line num="46" count="93" type="stmt"/>
        <line num="48" count="0" type="stmt"/>
        <line num="51" count="3" type="stmt"/>
        <line num="63" count="0" type="stmt"/>
        <line num="65" count="3" type="stmt"/>
        <line num="66" count="3" type="stmt"/>
        <line num="72" count="1" type="stmt"/>
        <line num="75" count="3" type="stmt"/>
        <line num="76" count="48" type="stmt"/>
        <line num="77" count="768" type="cond" truecount="7" falsecount="0"/>
        <line num="79" count="96" type="stmt"/>
        <line num="80" count="96" type="stmt"/>
        <line num="83" count="24" type="stmt"/>
        <line num="84" count="24" type="stmt"/>
        <line num="87" count="24" type="stmt"/>
        <line num="88" count="24" type="stmt"/>
        <line num="91" count="24" type="stmt"/>
        <line num="92" count="24" type="stmt"/>
        <line num="95" count="12" type="stmt"/>
        <line num="96" count="12" type="stmt"/>
        <line num="99" count="12" type="stmt"/>
        <line num="100" count="12" type="stmt"/>
        <line num="103" count="576" type="stmt"/>
        <line num="107" count="3" type="stmt"/>
        <line num="110" count="3" type="stmt"/>
        <line num="111" count="192" type="stmt"/>
        <line num="112" count="96" type="stmt"/>
        <line num="116" count="3" type="stmt"/>
        <line num="119" count="1" type="stmt"/>
      </file>
    </package>
    <package name="pieces">
      <metrics statements="215" coveredstatements="137" conditionals="188" coveredconditionals="101" methods="7" coveredmethods="7"/>
      <file name="bishop.js" path="D:\Escritorio\Renzo\Megachess\pieces\bishop.js">
        <metrics statements="44" coveredstatements="28" conditionals="40" coveredconditionals="24" methods="1" coveredmethods="1"/>
        <line num="1" count="2" type="stmt"/>
        <line num="3" count="48" type="stmt"/>
        <line num="6" count="48" type="stmt"/>
        <line num="8" count="48" type="cond" truecount="4" falsecount="0"/>
        <line num="9" count="12" type="stmt"/>
        <line num="12" count="36" type="cond" truecount="1" falsecount="1"/>
        <line num="13" count="36" type="cond" truecount="1" falsecount="1"/>
        <line num="14" count="0" type="stmt"/>
        <line num="22" count="36" type="stmt"/>
        <line num="25" count="0" type="cond" truecount="0" falsecount="2"/>
        <line num="26" count="0" type="stmt"/>
        <line num="33" count="0" type="stmt"/>
        <line num="39" count="48" type="stmt"/>
        <line num="40" count="48" type="cond" truecount="4" falsecount="0"/>
        <line num="41" count="12" type="stmt"/>
        <line num="44" count="36" type="cond" truecount="1" falsecount="1"/>
        <line num="45" count="36" type="cond" truecount="1" falsecount="1"/>
        <line num="46" count="0" type="stmt"/>
        <line num="54" count="36" type="stmt"/>
        <line num="57" count="0" type="cond" truecount="0" falsecount="2"/>
        <line num="58" count="0" type="stmt"/>
        <line num="65" count="0" type="stmt"/>
        <line num="72" count="48" type="stmt"/>
        <line num="74" count="48" type="cond" truecount="4" falsecount="0"/>
        <line num="75" count="12" type="stmt"/>
        <line num="78" count="36" type="cond" truecount="1" falsecount="1"/>
        <line num="79" count="36" type="cond" truecount="1" falsecount="1"/>
        <line num="80" count="0" type="stmt"/>
        <line num="88" count="36" type="stmt"/>
        <line num="91" count="0" type="cond" truecount="0" falsecount="2"/>
        <line num="93" count="0" type="stmt"/>
        <line num="100" count="0" type="stmt"/>
        <line num="107" count="48" type="stmt"/>
        <line num="109" count="48" type="cond" truecount="4" falsecount="0"/>
        <line num="110" count="12" type="stmt"/>
        <line num="113" count="36" type="cond" truecount="1" falsecount="1"/>
        <line num="114" count="36" type="cond" truecount="1" falsecount="1"/>
        <line num="115" count="0" type="stmt"/>
        <line num="123" count="36" type="stmt"/>
        <line num="126" count="0" type="cond" truecount="0" falsecount="2"/>
        <line num="128" count="0" type="stmt"/>
        <line num="135" count="0" type="stmt"/>
        <line num="138" count="48" type="stmt"/>
        <line num="141" count="2" type="stmt"/>
      </file>
      <file name="blackPawn.js" path="D:\Escritorio\Renzo\Megachess\pieces\blackPawn.js">
        <metrics statements="15" coveredstatements="12" conditionals="14" coveredconditionals="9" methods="1" coveredmethods="1"/>
        <line num="1" count="1" type="stmt"/>
        <line num="2" count="96" type="stmt"/>
        <line num="4" count="96" type="cond" truecount="2" falsecount="0"/>
        <line num="5" count="48" type="cond" truecount="1" falsecount="1"/>
        <line num="7" count="48" type="cond" truecount="3" falsecount="1"/>
        <line num="8" count="48" type="stmt"/>
        <line num="18" count="48" type="cond" truecount="1" falsecount="1"/>
        <line num="19" count="0" type="stmt"/>
        <line num="27" count="48" type="cond" truecount="1" falsecount="1"/>
        <line num="28" count="0" type="stmt"/>
        <line num="36" count="48" type="cond" truecount="1" falsecount="1"/>
        <line num="37" count="0" type="stmt"/>
        <line num="45" count="48" type="stmt"/>
        <line num="53" count="96" type="stmt"/>
        <line num="55" count="1" type="stmt"/>
      </file>
      <file name="horse.js" path="D:\Escritorio\Renzo\Megachess\pieces\horse.js">
        <metrics statements="22" coveredstatements="16" conditionals="26" coveredconditionals="16" methods="1" coveredmethods="1"/>
        <line num="1" count="2" type="stmt"/>
        <line num="3" count="48" type="stmt"/>
        <line num="6" count="48" type="stmt"/>
        <line num="7" count="96" type="stmt"/>
        <line num="8" count="192" type="cond" truecount="6" falsecount="2"/>
        <line num="9" count="96" type="stmt"/>
        <line num="11" count="96" type="cond" truecount="1" falsecount="1"/>
        <line num="12" count="96" type="stmt"/>
        <line num="23" count="0" type="cond" truecount="0" falsecount="2"/>
        <line num="24" count="0" type="stmt"/>
        <line num="37" count="48" type="stmt"/>
        <line num="38" count="96" type="stmt"/>
        <line num="39" count="120" type="cond" truecount="8" falsecount="0"/>
        <line num="40" count="48" type="stmt"/>
        <line num="42" count="72" type="cond" truecount="1" falsecount="1"/>
        <line num="43" count="72" type="stmt"/>
        <line num="45" count="0" type="cond" truecount="0" falsecount="2"/>
        <line num="46" count="0" type="stmt"/>
        <line num="54" count="0" type="cond" truecount="0" falsecount="2"/>
        <line num="55" count="0" type="stmt"/>
        <line num="66" count="48" type="stmt"/>
        <line num="69" count="2" type="stmt"/>
      </file>
      <file name="king.js" path="D:\Escritorio\Renzo\Megachess\pieces\king.js">
        <metrics statements="14" coveredstatements="10" conditionals="14" coveredconditionals="9" methods="1" coveredmethods="1"/>
        <line num="1" count="2" type="stmt"/>
        <line num="3" count="24" type="stmt"/>
        <line num="6" count="24" type="stmt"/>
        <line num="7" count="72" type="stmt"/>
        <line num="8" count="216" type="cond" truecount="8" falsecount="0"/>
        <line num="9" count="36" type="stmt"/>
        <line num="11" count="180" type="cond" truecount="1" falsecount="1"/>
        <line num="12" count="180" type="stmt"/>
        <line num="14" count="0" type="cond" truecount="0" falsecount="2"/>
        <line num="15" count="0" type="stmt"/>
        <line num="23" count="0" type="cond" truecount="0" falsecount="2"/>
        <line num="24" count="0" type="stmt"/>
        <line num="34" count="24" type="stmt"/>
        <line num="36" count="2" type="stmt"/>
      </file>
      <file name="queen.js" path="D:\Escritorio\Renzo\Megachess\pieces\queen.js">
        <metrics statements="77" coveredstatements="43" conditionals="64" coveredconditionals="31" methods="1" coveredmethods="1"/>
        <line num="1" count="2" type="stmt"/>
        <line num="2" count="24" type="stmt"/>
        <line num="4" count="24" type="stmt"/>
        <line num="6" count="18" type="cond" truecount="1" falsecount="1"/>
        <line num="7" count="18" type="stmt"/>
        <line num="10" count="0" type="cond" truecount="0" falsecount="2"/>
        <line num="11" count="0" type="stmt"/>
        <line num="18" count="0" type="stmt"/>
        <line num="21" count="0" type="cond" truecount="0" falsecount="2"/>
        <line num="22" count="0" type="stmt"/>
        <line num="29" count="0" type="stmt"/>
        <line num="34" count="24" type="stmt"/>
        <line num="36" count="18" type="cond" truecount="1" falsecount="1"/>
        <line num="37" count="18" type="cond" truecount="1" falsecount="1"/>
        <line num="38" count="0" type="stmt"/>
        <line num="46" count="18" type="stmt"/>
        <line num="49" count="0" type="cond" truecount="0" falsecount="2"/>
        <line num="50" count="0" type="stmt"/>
        <line num="57" count="0" type="stmt"/>
        <line num="61" count="24" type="stmt"/>
        <line num="62" count="24" type="cond" truecount="1" falsecount="1"/>
        <line num="63" count="24" type="cond" truecount="1" falsecount="1"/>
        <line num="64" count="0" type="stmt"/>
        <line num="72" count="24" type="stmt"/>
        <line num="74" count="0" type="cond" truecount="0" falsecount="2"/>
        <line num="75" count="0" type="stmt"/>
        <line num="82" count="0" type="stmt"/>
        <line num="88" count="24" type="stmt"/>
        <line num="89" count="24" type="cond" truecount="1" falsecount="1"/>
        <line num="90" count="24" type="cond" truecount="1" falsecount="1"/>
        <line num="91" count="0" type="stmt"/>
        <line num="99" count="24" type="stmt"/>
        <line num="102" count="0" type="cond" truecount="0" falsecount="2"/>
        <line num="103" count="0" type="stmt"/>
        <line num="110" count="0" type="stmt"/>
        <line num="115" count="24" type="stmt"/>
        <line num="117" count="24" type="cond" truecount="4" falsecount="0"/>
        <line num="118" count="6" type="stmt"/>
        <line num="121" count="18" type="cond" truecount="1" falsecount="1"/>
        <line num="122" count="18" type="cond" truecount="1" falsecount="1"/>
        <line num="123" count="0" type="stmt"/>
        <line num="131" count="18" type="stmt"/>
        <line num="134" count="0" type="cond" truecount="0" falsecount="2"/>
        <line num="135" count="0" type="stmt"/>
        <line num="142" count="0" type="stmt"/>
        <line num="149" count="24" type="stmt"/>
        <line num="150" count="24" type="cond" truecount="4" falsecount="0"/>
        <line num="151" count="6" type="stmt"/>
        <line num="154" count="18" type="cond" truecount="1" falsecount="1"/>
        <line num="155" count="18" type="cond" truecount="1" falsecount="1"/>
        <line num="156" count="0" type="stmt"/>
        <line num="164" count="18" type="stmt"/>
        <line num="167" count="0" type="cond" truecount="0" falsecount="2"/>
        <line num="168" count="0" type="stmt"/>
        <line num="175" count="0" type="stmt"/>
        <line num="182" count="24" type="stmt"/>
        <line num="184" count="24" type="cond" truecount="4" falsecount="0"/>
        <line num="185" count="6" type="stmt"/>
        <line num="188" count="18" type="cond" truecount="1" falsecount="1"/>
        <line num="189" count="18" type="cond" truecount="1" falsecount="1"/>
        <line num="190" count="0" type="stmt"/>
        <line num="198" count="18" type="stmt"/>
        <line num="201" count="0" type="cond" truecount="0" falsecount="2"/>
        <line num="203" count="0" type="stmt"/>
        <line num="210" count="0" type="stmt"/>
        <line num="217" count="24" type="stmt"/>
        <line num="219" count="24" type="cond" truecount="4" falsecount="0"/>
        <line num="220" count="6" type="stmt"/>
        <line num="223" count="18" type="cond" truecount="1" falsecount="1"/>
        <line num="224" count="18" type="cond" truecount="1" falsecount="1"/>
        <line num="225" count="0" type="stmt"/>
        <line num="233" count="18" type="stmt"/>
        <line num="236" count="0" type="cond" truecount="0" falsecount="2"/>
        <line num="238" count="0" type="stmt"/>
        <line num="245" count="0" type="stmt"/>
        <line num="248" count="24" type="stmt"/>
        <line num="251" count="2" type="stmt"/>
      </file>
      <file name="rook.js" path="D:\Escritorio\Renzo\Megachess\pieces\rook.js">
        <metrics statements="28" coveredstatements="16" conditionals="16" coveredconditionals="4" methods="1" coveredmethods="1"/>
        <line num="2" count="2" type="stmt"/>
        <line num="4" count="48" type="stmt"/>
        <line num="6" count="48" type="stmt"/>
        <line num="8" count="36" type="cond" truecount="1" falsecount="1"/>
        <line num="18" count="36" type="stmt"/>
        <line num="20" count="0" type="cond" truecount="0" falsecount="2"/>
        <line num="21" count="0" type="stmt"/>
        <line num="28" count="0" type="stmt"/>
        <line num="34" count="48" type="stmt"/>
        <line num="36" count="36" type="cond" truecount="1" falsecount="1"/>
        <line num="46" count="36" type="stmt"/>
        <line num="49" count="0" type="cond" truecount="0" falsecount="2"/>
        <line num="50" count="0" type="stmt"/>
        <line num="57" count="0" type="stmt"/>
        <line num="61" count="48" type="stmt"/>
        <line num="62" count="24" type="cond" truecount="1" falsecount="1"/>
        <line num="72" count="24" type="stmt"/>
        <line num="74" count="0" type="cond" truecount="0" falsecount="2"/>
        <line num="75" count="0" type="stmt"/>
        <line num="82" count="0" type="stmt"/>
        <line num="88" count="48" type="stmt"/>
        <line num="89" count="36" type="cond" truecount="1" falsecount="1"/>
        <line num="99" count="36" type="stmt"/>
        <line num="101" count="0" type="cond" truecount="0" falsecount="2"/>
        <line num="102" count="0" type="stmt"/>
        <line num="109" count="0" type="stmt"/>
        <line num="112" count="48" type="stmt"/>
        <line num="115" count="2" type="stmt"/>
      </file>
      <file name="whitePawn.js" path="D:\Escritorio\Renzo\Megachess\pieces\whitePawn.js">
        <metrics statements="15" coveredstatements="12" conditionals="14" coveredconditionals="8" methods="1" coveredmethods="1"/>
        <line num="1" count="1" type="stmt"/>
        <line num="3" count="96" type="stmt"/>
        <line num="5" count="96" type="cond" truecount="2" falsecount="0"/>
        <line num="6" count="48" type="cond" truecount="1" falsecount="1"/>
        <line num="7" count="48" type="cond" truecount="2" falsecount="2"/>
        <line num="8" count="48" type="stmt"/>
        <line num="17" count="48" type="cond" truecount="1" falsecount="1"/>
        <line num="18" count="0" type="stmt"/>
        <line num="27" count="48" type="cond" truecount="1" falsecount="1"/>
        <line num="28" count="0" type="stmt"/>
        <line num="37" count="48" type="cond" truecount="1" falsecount="1"/>
        <line num="38" count="0" type="stmt"/>
        <line num="47" count="48" type="stmt"/>
        <line num="56" count="96" type="stmt"/>
        <line num="59" count="1" type="stmt"/>
      </file>
    </package>
    <package name="piecesValues">
      <metrics statements="6" coveredstatements="6" conditionals="0" coveredconditionals="0" methods="0" coveredmethods="0"/>
      <file name="eatValue.js" path="D:\Escritorio\Renzo\Megachess\piecesValues\eatValue.js">
        <metrics statements="3" coveredstatements="3" conditionals="0" coveredconditionals="0" methods="0" coveredmethods="0"/>
        <line num="2" count="2" type="stmt"/>
        <line num="12" count="2" type="stmt"/>
        <line num="21" count="2" type="stmt"/>
      </file>
      <file name="moveValue.js" path="D:\Escritorio\Renzo\Megachess\piecesValues\moveValue.js">
        <metrics statements="3" coveredstatements="3" conditionals="0" coveredconditionals="0" methods="0" coveredmethods="0"/>
        <line num="2" count="2" type="stmt"/>
        <line num="11" count="2" type="stmt"/>
        <line num="20" count="2" type="stmt"/>
      </file>
    </package>
  </project>
</coverage>
