{"D:\\Escritorio\\Renzo\\Megachess\\movements\\black.js": {"path":"D:\\Escritorio\\Renzo\\Megachess\\movements\\black.js","statementMap":{"0":{"start":{"line":1,"column":13},"end":{"line":1,"column":38}},"1":{"start":{"line":2,"column":14},"end":{"line":2,"column":40}},"2":{"start":{"line":3,"column":13},"end":{"line":3,"column":38}},"3":{"start":{"line":4,"column":15},"end":{"line":4,"column":42}},"4":{"start":{"line":5,"column":14},"end":{"line":5,"column":40}},"5":{"start":{"line":6,"column":18},"end":{"line":6,"column":48}},"6":{"start":{"line":7,"column":15},"end":{"line":7,"column":34}},"7":{"start":{"line":8,"column":28},"end":{"line":8,"column":63}},"8":{"start":{"line":9,"column":27},"end":{"line":9,"column":63}},"9":{"start":{"line":10,"column":26},"end":{"line":10,"column":61}},"10":{"start":{"line":13,"column":23},"end":{"line":69,"column":1}},"11":{"start":{"line":15,"column":4},"end":{"line":68,"column":6}},"12":{"start":{"line":17,"column":23},"end":{"line":17,"column":41}},"13":{"start":{"line":18,"column":25},"end":{"line":18,"column":45}},"14":{"start":{"line":19,"column":20},"end":{"line":19,"column":32}},"15":{"start":{"line":21,"column":25},"end":{"line":21,"column":33}},"16":{"start":{"line":22,"column":24},"end":{"line":22,"column":32}},"17":{"start":{"line":23,"column":29},"end":{"line":23,"column":31}},"18":{"start":{"line":25,"column":8},"end":{"line":67,"column":14}},"19":{"start":{"line":27,"column":16},"end":{"line":40,"column":17}},"20":{"start":{"line":28,"column":35},"end":{"line":28,"column":57}},"21":{"start":{"line":29,"column":20},"end":{"line":39,"column":22}},"22":{"start":{"line":43,"column":40},"end":{"line":49,"column":18}},"23":{"start":{"line":44,"column":20},"end":{"line":48,"column":21}},"24":{"start":{"line":45,"column":24},"end":{"line":45,"column":35}},"25":{"start":{"line":47,"column":24},"end":{"line":47,"column":38}},"26":{"start":{"line":51,"column":16},"end":{"line":61,"column":18}},"27":{"start":{"line":63,"column":26},"end":{"line":63,"column":37}},"28":{"start":{"line":65,"column":16},"end":{"line":65,"column":30}},"29":{"start":{"line":66,"column":16},"end":{"line":66,"column":38}},"30":{"start":{"line":71,"column":29},"end":{"line":110,"column":1}},"31":{"start":{"line":73,"column":4},"end":{"line":99,"column":5}},"32":{"start":{"line":73,"column":19},"end":{"line":73,"column":20}},"33":{"start":{"line":74,"column":8},"end":{"line":98,"column":9}},"34":{"start":{"line":74,"column":23},"end":{"line":74,"column":24}},"35":{"start":{"line":75,"column":12},"end":{"line":97,"column":13}},"36":{"start":{"line":78,"column":20},"end":{"line":78,"column":101}},"37":{"start":{"line":79,"column":20},"end":{"line":79,"column":26}},"38":{"start":{"line":81,"column":20},"end":{"line":81,"column":124}},"39":{"start":{"line":82,"column":20},"end":{"line":82,"column":26}},"40":{"start":{"line":84,"column":20},"end":{"line":84,"column":125}},"41":{"start":{"line":85,"column":20},"end":{"line":85,"column":26}},"42":{"start":{"line":87,"column":20},"end":{"line":87,"column":123}},"43":{"start":{"line":88,"column":20},"end":{"line":88,"column":26}},"44":{"start":{"line":90,"column":20},"end":{"line":90,"column":124}},"45":{"start":{"line":91,"column":20},"end":{"line":91,"column":26}},"46":{"start":{"line":93,"column":20},"end":{"line":93,"column":123}},"47":{"start":{"line":94,"column":20},"end":{"line":94,"column":26}},"48":{"start":{"line":96,"column":20},"end":{"line":96,"column":26}},"49":{"start":{"line":100,"column":23},"end":{"line":100,"column":25}},"50":{"start":{"line":103,"column":4},"end":{"line":107,"column":7}},"51":{"start":{"line":104,"column":8},"end":{"line":106,"column":11}},"52":{"start":{"line":105,"column":12},"end":{"line":105,"column":46}},"53":{"start":{"line":109,"column":4},"end":{"line":109,"column":24}},"54":{"start":{"line":112,"column":0},"end":{"line":114,"column":1}}},"fnMap":{"0":{"name":"(anonymous_0)","decl":{"start":{"line":13,"column":23},"end":{"line":13,"column":24}},"loc":{"start":{"line":13,"column":33},"end":{"line":69,"column":1}},"line":13},"1":{"name":"(anonymous_1)","decl":{"start":{"line":15,"column":23},"end":{"line":15,"column":24}},"loc":{"start":{"line":15,"column":44},"end":{"line":68,"column":5}},"line":15},"2":{"name":"(anonymous_2)","decl":{"start":{"line":26,"column":18},"end":{"line":26,"column":19}},"loc":{"start":{"line":26,"column":33},"end":{"line":62,"column":13}},"line":26},"3":{"name":"(anonymous_3)","decl":{"start":{"line":43,"column":57},"end":{"line":43,"column":58}},"loc":{"start":{"line":43,"column":76},"end":{"line":49,"column":17}},"line":43},"4":{"name":"(anonymous_4)","decl":{"start":{"line":63,"column":19},"end":{"line":63,"column":20}},"loc":{"start":{"line":63,"column":26},"end":{"line":63,"column":37}},"line":63},"5":{"name":"(anonymous_5)","decl":{"start":{"line":64,"column":21},"end":{"line":64,"column":22}},"loc":{"start":{"line":64,"column":27},"end":{"line":67,"column":13}},"line":64},"6":{"name":"(anonymous_6)","decl":{"start":{"line":71,"column":29},"end":{"line":71,"column":30}},"loc":{"start":{"line":71,"column":85},"end":{"line":110,"column":1}},"line":71},"7":{"name":"(anonymous_7)","decl":{"start":{"line":103,"column":27},"end":{"line":103,"column":28}},"loc":{"start":{"line":103,"column":38},"end":{"line":107,"column":5}},"line":103},"8":{"name":"(anonymous_8)","decl":{"start":{"line":104,"column":24},"end":{"line":104,"column":25}},"loc":{"start":{"line":104,"column":43},"end":{"line":106,"column":9}},"line":104}},"branchMap":{"0":{"loc":{"start":{"line":27,"column":16},"end":{"line":40,"column":17}},"type":"if","locations":[{"start":{"line":27,"column":16},"end":{"line":40,"column":17}},{"start":{"line":27,"column":16},"end":{"line":40,"column":17}}],"line":27},"1":{"loc":{"start":{"line":44,"column":20},"end":{"line":48,"column":21}},"type":"if","locations":[{"start":{"line":44,"column":20},"end":{"line":48,"column":21}},{"start":{"line":44,"column":20},"end":{"line":48,"column":21}}],"line":44},"2":{"loc":{"start":{"line":75,"column":12},"end":{"line":97,"column":13}},"type":"switch","locations":[{"start":{"line":77,"column":16},"end":{"line":79,"column":26}},{"start":{"line":80,"column":16},"end":{"line":82,"column":26}},{"start":{"line":83,"column":16},"end":{"line":85,"column":26}},{"start":{"line":86,"column":16},"end":{"line":88,"column":26}},{"start":{"line":89,"column":16},"end":{"line":91,"column":26}},{"start":{"line":92,"column":16},"end":{"line":94,"column":26}},{"start":{"line":95,"column":16},"end":{"line":96,"column":26}}],"line":75}},"s":{"0":1,"1":1,"2":1,"3":1,"4":1,"5":1,"6":1,"7":1,"8":1,"9":1,"10":1,"11":3,"12":3,"13":3,"14":3,"15":3,"16":3,"17":3,"18":3,"19":3,"20":0,"21":0,"22":3,"23":93,"24":93,"25":0,"26":3,"27":0,"28":3,"29":3,"30":1,"31":3,"32":3,"33":48,"34":48,"35":768,"36":96,"37":96,"38":24,"39":24,"40":24,"41":24,"42":24,"43":24,"44":12,"45":12,"46":12,"47":12,"48":576,"49":3,"50":3,"51":192,"52":96,"53":3,"54":1},"f":{"0":3,"1":3,"2":3,"3":93,"4":0,"5":3,"6":3,"7":192,"8":96},"b":{"0":[0,3],"1":[93,0],"2":[96,24,24,24,12,12,576]},"_coverageSchema":"1a1c01bbd47fc00a2c39e90264f33305004495a9","hash":"375f27e4365c0b8000cd4241650dcded71bf57b5"}
,"D:\\Escritorio\\Renzo\\Megachess\\movements\\matriz.js": {"path":"D:\\Escritorio\\Renzo\\Megachess\\movements\\matriz.js","statementMap":{"0":{"start":{"line":1,"column":15},"end":{"line":15,"column":1}},"1":{"start":{"line":2,"column":16},"end":{"line":2,"column":26}},"2":{"start":{"line":3,"column":16},"end":{"line":3,"column":17}},"3":{"start":{"line":4,"column":17},"end":{"line":4,"column":19}},"4":{"start":{"line":6,"column":4},"end":{"line":13,"column":5}},"5":{"start":{"line":6,"column":17},"end":{"line":6,"column":18}},"6":{"start":{"line":7,"column":18},"end":{"line":7,"column":20}},"7":{"start":{"line":8,"column":8},"end":{"line":11,"column":9}},"8":{"start":{"line":8,"column":21},"end":{"line":8,"column":22}},"9":{"start":{"line":9,"column":12},"end":{"line":9,"column":34}},"10":{"start":{"line":10,"column":12},"end":{"line":10,"column":19}},"11":{"start":{"line":12,"column":8},"end":{"line":12,"column":24}},"12":{"start":{"line":14,"column":4},"end":{"line":14,"column":18}},"13":{"start":{"line":17,"column":0},"end":{"line":17,"column":23}}},"fnMap":{"0":{"name":"(anonymous_0)","decl":{"start":{"line":1,"column":15},"end":{"line":1,"column":16}},"loc":{"start":{"line":1,"column":29},"end":{"line":15,"column":1}},"line":1}},"branchMap":{},"s":{"0":3,"1":262,"2":262,"3":262,"4":262,"5":262,"6":4192,"7":4192,"8":4192,"9":67072,"10":67072,"11":4192,"12":262,"13":3},"f":{"0":262},"b":{},"_coverageSchema":"1a1c01bbd47fc00a2c39e90264f33305004495a9","hash":"f5a56ccfd9fa68cb074b812cc5625afbccdf90f9"}
,"D:\\Escritorio\\Renzo\\Megachess\\movements\\movementsWithoutEating.js": {"path":"D:\\Escritorio\\Renzo\\Megachess\\movements\\movementsWithoutEating.js","statementMap":{"0":{"start":{"line":4,"column":24},"end":{"line":63,"column":1}},"1":{"start":{"line":5,"column":4},"end":{"line":62,"column":5}},"2":{"start":{"line":5,"column":19},"end":{"line":5,"column":20}},"3":{"start":{"line":6,"column":8},"end":{"line":61,"column":9}},"4":{"start":{"line":6,"column":23},"end":{"line":6,"column":24}},"5":{"start":{"line":7,"column":12},"end":{"line":60,"column":13}},"6":{"start":{"line":10,"column":20},"end":{"line":24,"column":21}},"7":{"start":{"line":11,"column":24},"end":{"line":16,"column":26}},"8":{"start":{"line":18,"column":24},"end":{"line":23,"column":26}},"9":{"start":{"line":26,"column":20},"end":{"line":40,"column":21}},"10":{"start":{"line":27,"column":24},"end":{"line":32,"column":26}},"11":{"start":{"line":34,"column":24},"end":{"line":39,"column":26}},"12":{"start":{"line":43,"column":20},"end":{"line":57,"column":21}},"13":{"start":{"line":44,"column":24},"end":{"line":49,"column":26}},"14":{"start":{"line":51,"column":24},"end":{"line":56,"column":26}},"15":{"start":{"line":59,"column":20},"end":{"line":59,"column":29}},"16":{"start":{"line":65,"column":0},"end":{"line":65,"column":36}}},"fnMap":{"0":{"name":"(anonymous_0)","decl":{"start":{"line":4,"column":24},"end":{"line":4,"column":25}},"loc":{"start":{"line":4,"column":35},"end":{"line":63,"column":1}},"line":4}},"branchMap":{"0":{"loc":{"start":{"line":7,"column":12},"end":{"line":60,"column":13}},"type":"switch","locations":[{"start":{"line":9,"column":16},"end":{"line":24,"column":21}},{"start":{"line":25,"column":16},"end":{"line":40,"column":21}},{"start":{"line":42,"column":16},"end":{"line":57,"column":21}},{"start":{"line":58,"column":16},"end":{"line":59,"column":29}}],"line":7},"1":{"loc":{"start":{"line":9,"column":22},"end":{"line":9,"column":74}},"type":"binary-expr","locations":[{"start":{"line":9,"column":22},"end":{"line":9,"column":25}},{"start":{"line":9,"column":29},"end":{"line":9,"column":32}},{"start":{"line":9,"column":36},"end":{"line":9,"column":39}},{"start":{"line":9,"column":43},"end":{"line":9,"column":46}},{"start":{"line":9,"column":50},"end":{"line":9,"column":53}},{"start":{"line":9,"column":57},"end":{"line":9,"column":60}},{"start":{"line":9,"column":64},"end":{"line":9,"column":67}},{"start":{"line":9,"column":71},"end":{"line":9,"column":74}}],"line":9},"2":{"loc":{"start":{"line":10,"column":20},"end":{"line":24,"column":21}},"type":"if","locations":[{"start":{"line":10,"column":20},"end":{"line":24,"column":21}},{"start":{"line":10,"column":20},"end":{"line":24,"column":21}}],"line":10},"3":{"loc":{"start":{"line":25,"column":22},"end":{"line":25,"column":32}},"type":"binary-expr","locations":[{"start":{"line":25,"column":22},"end":{"line":25,"column":25}},{"start":{"line":25,"column":29},"end":{"line":25,"column":32}}],"line":25},"4":{"loc":{"start":{"line":26,"column":20},"end":{"line":40,"column":21}},"type":"if","locations":[{"start":{"line":26,"column":20},"end":{"line":40,"column":21}},{"start":{"line":26,"column":20},"end":{"line":40,"column":21}}],"line":26},"5":{"loc":{"start":{"line":26,"column":24},"end":{"line":26,"column":70}},"type":"binary-expr","locations":[{"start":{"line":26,"column":24},"end":{"line":26,"column":45}},{"start":{"line":26,"column":49},"end":{"line":26,"column":70}}],"line":26},"6":{"loc":{"start":{"line":42,"column":22},"end":{"line":42,"column":32}},"type":"binary-expr","locations":[{"start":{"line":42,"column":22},"end":{"line":42,"column":25}},{"start":{"line":42,"column":29},"end":{"line":42,"column":32}}],"line":42},"7":{"loc":{"start":{"line":43,"column":20},"end":{"line":57,"column":21}},"type":"if","locations":[{"start":{"line":43,"column":20},"end":{"line":57,"column":21}},{"start":{"line":43,"column":20},"end":{"line":57,"column":21}}],"line":43},"8":{"loc":{"start":{"line":43,"column":24},"end":{"line":43,"column":70}},"type":"binary-expr","locations":[{"start":{"line":43,"column":24},"end":{"line":43,"column":45}},{"start":{"line":43,"column":49},"end":{"line":43,"column":70}}],"line":43}},"s":{"0":2,"1":0,"2":0,"3":0,"4":0,"5":0,"6":0,"7":0,"8":0,"9":0,"10":0,"11":0,"12":0,"13":0,"14":0,"15":0,"16":2},"f":{"0":0},"b":{"0":[0,0,0,0],"1":[0,0,0,0,0,0,0,0],"2":[0,0],"3":[0,0],"4":[0,0],"5":[0,0],"6":[0,0],"7":[0,0],"8":[0,0]},"_coverageSchema":"1a1c01bbd47fc00a2c39e90264f33305004495a9","hash":"6f9bb4e6f2519167ec5865166cab7a0d5179c538"}
,"D:\\Escritorio\\Renzo\\Megachess\\movements\\white.js": {"path":"D:\\Escritorio\\Renzo\\Megachess\\movements\\white.js","statementMap":{"0":{"start":{"line":1,"column":13},"end":{"line":1,"column":38}},"1":{"start":{"line":2,"column":14},"end":{"line":2,"column":40}},"2":{"start":{"line":3,"column":13},"end":{"line":3,"column":38}},"3":{"start":{"line":4,"column":15},"end":{"line":4,"column":42}},"4":{"start":{"line":5,"column":14},"end":{"line":5,"column":40}},"5":{"start":{"line":6,"column":18},"end":{"line":6,"column":48}},"6":{"start":{"line":7,"column":15},"end":{"line":7,"column":34}},"7":{"start":{"line":8,"column":28},"end":{"line":8,"column":63}},"8":{"start":{"line":9,"column":27},"end":{"line":9,"column":63}},"9":{"start":{"line":10,"column":26},"end":{"line":10,"column":61}},"10":{"start":{"line":12,"column":23},"end":{"line":69,"column":1}},"11":{"start":{"line":14,"column":4},"end":{"line":68,"column":6}},"12":{"start":{"line":16,"column":23},"end":{"line":16,"column":41}},"13":{"start":{"line":17,"column":25},"end":{"line":17,"column":45}},"14":{"start":{"line":18,"column":20},"end":{"line":18,"column":32}},"15":{"start":{"line":20,"column":24},"end":{"line":20,"column":32}},"16":{"start":{"line":21,"column":25},"end":{"line":21,"column":33}},"17":{"start":{"line":22,"column":29},"end":{"line":22,"column":31}},"18":{"start":{"line":25,"column":8},"end":{"line":67,"column":14}},"19":{"start":{"line":28,"column":16},"end":{"line":41,"column":17}},"20":{"start":{"line":29,"column":35},"end":{"line":29,"column":57}},"21":{"start":{"line":30,"column":20},"end":{"line":40,"column":22}},"22":{"start":{"line":43,"column":40},"end":{"line":50,"column":18}},"23":{"start":{"line":45,"column":20},"end":{"line":49,"column":21}},"24":{"start":{"line":46,"column":24},"end":{"line":46,"column":35}},"25":{"start":{"line":48,"column":24},"end":{"line":48,"column":38}},"26":{"start":{"line":51,"column":16},"end":{"line":61,"column":18}},"27":{"start":{"line":63,"column":26},"end":{"line":63,"column":37}},"28":{"start":{"line":65,"column":16},"end":{"line":65,"column":35}},"29":{"start":{"line":66,"column":16},"end":{"line":66,"column":38}},"30":{"start":{"line":72,"column":29},"end":{"line":117,"column":1}},"31":{"start":{"line":75,"column":4},"end":{"line":106,"column":5}},"32":{"start":{"line":75,"column":19},"end":{"line":75,"column":20}},"33":{"start":{"line":76,"column":8},"end":{"line":105,"column":9}},"34":{"start":{"line":76,"column":23},"end":{"line":76,"column":24}},"35":{"start":{"line":77,"column":12},"end":{"line":104,"column":13}},"36":{"start":{"line":79,"column":20},"end":{"line":79,"column":101}},"37":{"start":{"line":80,"column":20},"end":{"line":80,"column":26}},"38":{"start":{"line":83,"column":20},"end":{"line":83,"column":124}},"39":{"start":{"line":84,"column":20},"end":{"line":84,"column":26}},"40":{"start":{"line":87,"column":20},"end":{"line":87,"column":125}},"41":{"start":{"line":88,"column":20},"end":{"line":88,"column":26}},"42":{"start":{"line":91,"column":20},"end":{"line":91,"column":123}},"43":{"start":{"line":92,"column":20},"end":{"line":92,"column":26}},"44":{"start":{"line":95,"column":20},"end":{"line":95,"column":124}},"45":{"start":{"line":96,"column":20},"end":{"line":96,"column":26}},"46":{"start":{"line":99,"column":20},"end":{"line":99,"column":123}},"47":{"start":{"line":100,"column":20},"end":{"line":100,"column":26}},"48":{"start":{"line":103,"column":20},"end":{"line":103,"column":26}},"49":{"start":{"line":107,"column":23},"end":{"line":107,"column":25}},"50":{"start":{"line":110,"column":4},"end":{"line":114,"column":7}},"51":{"start":{"line":111,"column":8},"end":{"line":113,"column":11}},"52":{"start":{"line":112,"column":12},"end":{"line":112,"column":46}},"53":{"start":{"line":116,"column":4},"end":{"line":116,"column":24}},"54":{"start":{"line":119,"column":0},"end":{"line":121,"column":1}}},"fnMap":{"0":{"name":"(anonymous_0)","decl":{"start":{"line":12,"column":23},"end":{"line":12,"column":24}},"loc":{"start":{"line":12,"column":33},"end":{"line":69,"column":1}},"line":12},"1":{"name":"(anonymous_1)","decl":{"start":{"line":14,"column":23},"end":{"line":14,"column":24}},"loc":{"start":{"line":14,"column":44},"end":{"line":68,"column":5}},"line":14},"2":{"name":"(anonymous_2)","decl":{"start":{"line":26,"column":18},"end":{"line":26,"column":19}},"loc":{"start":{"line":26,"column":33},"end":{"line":62,"column":13}},"line":26},"3":{"name":"(anonymous_3)","decl":{"start":{"line":43,"column":57},"end":{"line":43,"column":58}},"loc":{"start":{"line":43,"column":76},"end":{"line":50,"column":17}},"line":43},"4":{"name":"(anonymous_4)","decl":{"start":{"line":63,"column":19},"end":{"line":63,"column":20}},"loc":{"start":{"line":63,"column":26},"end":{"line":63,"column":37}},"line":63},"5":{"name":"(anonymous_5)","decl":{"start":{"line":64,"column":21},"end":{"line":64,"column":22}},"loc":{"start":{"line":64,"column":27},"end":{"line":67,"column":13}},"line":64},"6":{"name":"(anonymous_6)","decl":{"start":{"line":72,"column":29},"end":{"line":72,"column":30}},"loc":{"start":{"line":72,"column":85},"end":{"line":117,"column":1}},"line":72},"7":{"name":"(anonymous_7)","decl":{"start":{"line":110,"column":27},"end":{"line":110,"column":28}},"loc":{"start":{"line":110,"column":38},"end":{"line":114,"column":5}},"line":110},"8":{"name":"(anonymous_8)","decl":{"start":{"line":111,"column":24},"end":{"line":111,"column":25}},"loc":{"start":{"line":111,"column":43},"end":{"line":113,"column":9}},"line":111}},"branchMap":{"0":{"loc":{"start":{"line":28,"column":16},"end":{"line":41,"column":17}},"type":"if","locations":[{"start":{"line":28,"column":16},"end":{"line":41,"column":17}},{"start":{"line":28,"column":16},"end":{"line":41,"column":17}}],"line":28},"1":{"loc":{"start":{"line":45,"column":20},"end":{"line":49,"column":21}},"type":"if","locations":[{"start":{"line":45,"column":20},"end":{"line":49,"column":21}},{"start":{"line":45,"column":20},"end":{"line":49,"column":21}}],"line":45},"2":{"loc":{"start":{"line":77,"column":12},"end":{"line":104,"column":13}},"type":"switch","locations":[{"start":{"line":78,"column":16},"end":{"line":80,"column":26}},{"start":{"line":82,"column":16},"end":{"line":84,"column":26}},{"start":{"line":86,"column":16},"end":{"line":88,"column":26}},{"start":{"line":90,"column":16},"end":{"line":92,"column":26}},{"start":{"line":94,"column":16},"end":{"line":96,"column":26}},{"start":{"line":98,"column":16},"end":{"line":100,"column":26}},{"start":{"line":102,"column":16},"end":{"line":103,"column":26}}],"line":77}},"s":{"0":1,"1":1,"2":1,"3":1,"4":1,"5":1,"6":1,"7":1,"8":1,"9":1,"10":1,"11":3,"12":3,"13":3,"14":3,"15":3,"16":3,"17":3,"18":3,"19":3,"20":0,"21":0,"22":3,"23":93,"24":93,"25":0,"26":3,"27":0,"28":3,"29":3,"30":1,"31":3,"32":3,"33":48,"34":48,"35":768,"36":96,"37":96,"38":24,"39":24,"40":24,"41":24,"42":24,"43":24,"44":12,"45":12,"46":12,"47":12,"48":576,"49":3,"50":3,"51":192,"52":96,"53":3,"54":1},"f":{"0":3,"1":3,"2":3,"3":93,"4":0,"5":3,"6":3,"7":192,"8":96},"b":{"0":[0,3],"1":[93,0],"2":[96,24,24,24,12,12,576]},"_coverageSchema":"1a1c01bbd47fc00a2c39e90264f33305004495a9","hash":"2bfb38c7892bd48f2859f0cf3e1041994f19c416"}
,"D:\\Escritorio\\Renzo\\Megachess\\pieces\\bishop.js": {"path":"D:\\Escritorio\\Renzo\\Megachess\\pieces\\bishop.js","statementMap":{"0":{"start":{"line":1,"column":15},"end":{"line":139,"column":1}},"1":{"start":{"line":3,"column":26},"end":{"line":3,"column":28}},"2":{"start":{"line":6,"column":4},"end":{"line":35,"column":5}},"3":{"start":{"line":6,"column":27},"end":{"line":35,"column":5}},"4":{"start":{"line":6,"column":40},"end":{"line":6,"column":41}},"5":{"start":{"line":8,"column":8},"end":{"line":10,"column":9}},"6":{"start":{"line":9,"column":12},"end":{"line":9,"column":40}},"7":{"start":{"line":12,"column":8},"end":{"line":23,"column":9}},"8":{"start":{"line":13,"column":12},"end":{"line":21,"column":13}},"9":{"start":{"line":14,"column":16},"end":{"line":20,"column":18}},"10":{"start":{"line":22,"column":12},"end":{"line":22,"column":40}},"11":{"start":{"line":25,"column":8},"end":{"line":34,"column":9}},"12":{"start":{"line":26,"column":12},"end":{"line":32,"column":14}},"13":{"start":{"line":33,"column":12},"end":{"line":33,"column":40}},"14":{"start":{"line":39,"column":4},"end":{"line":68,"column":5}},"15":{"start":{"line":39,"column":29},"end":{"line":68,"column":5}},"16":{"start":{"line":39,"column":42},"end":{"line":39,"column":43}},"17":{"start":{"line":40,"column":8},"end":{"line":42,"column":9}},"18":{"start":{"line":41,"column":12},"end":{"line":41,"column":42}},"19":{"start":{"line":44,"column":8},"end":{"line":55,"column":9}},"20":{"start":{"line":45,"column":12},"end":{"line":53,"column":13}},"21":{"start":{"line":46,"column":16},"end":{"line":52,"column":18}},"22":{"start":{"line":54,"column":12},"end":{"line":54,"column":42}},"23":{"start":{"line":57,"column":8},"end":{"line":66,"column":9}},"24":{"start":{"line":58,"column":12},"end":{"line":64,"column":14}},"25":{"start":{"line":65,"column":12},"end":{"line":65,"column":42}},"26":{"start":{"line":72,"column":4},"end":{"line":102,"column":5}},"27":{"start":{"line":72,"column":28},"end":{"line":102,"column":5}},"28":{"start":{"line":72,"column":41},"end":{"line":72,"column":42}},"29":{"start":{"line":74,"column":8},"end":{"line":76,"column":9}},"30":{"start":{"line":75,"column":12},"end":{"line":75,"column":41}},"31":{"start":{"line":78,"column":8},"end":{"line":89,"column":9}},"32":{"start":{"line":79,"column":12},"end":{"line":87,"column":13}},"33":{"start":{"line":80,"column":16},"end":{"line":86,"column":18}},"34":{"start":{"line":88,"column":12},"end":{"line":88,"column":41}},"35":{"start":{"line":91,"column":8},"end":{"line":101,"column":9}},"36":{"start":{"line":93,"column":12},"end":{"line":99,"column":14}},"37":{"start":{"line":100,"column":12},"end":{"line":100,"column":41}},"38":{"start":{"line":107,"column":4},"end":{"line":137,"column":5}},"39":{"start":{"line":107,"column":26},"end":{"line":137,"column":5}},"40":{"start":{"line":107,"column":39},"end":{"line":107,"column":40}},"41":{"start":{"line":109,"column":8},"end":{"line":111,"column":9}},"42":{"start":{"line":110,"column":12},"end":{"line":110,"column":39}},"43":{"start":{"line":113,"column":8},"end":{"line":124,"column":9}},"44":{"start":{"line":114,"column":12},"end":{"line":122,"column":13}},"45":{"start":{"line":115,"column":16},"end":{"line":121,"column":18}},"46":{"start":{"line":123,"column":12},"end":{"line":123,"column":39}},"47":{"start":{"line":126,"column":8},"end":{"line":136,"column":9}},"48":{"start":{"line":128,"column":12},"end":{"line":134,"column":14}},"49":{"start":{"line":135,"column":12},"end":{"line":135,"column":39}},"50":{"start":{"line":138,"column":4},"end":{"line":138,"column":27}},"51":{"start":{"line":141,"column":0},"end":{"line":141,"column":24}}},"fnMap":{"0":{"name":"(anonymous_0)","decl":{"start":{"line":1,"column":15},"end":{"line":1,"column":16}},"loc":{"start":{"line":1,"column":96},"end":{"line":139,"column":1}},"line":1}},"branchMap":{"0":{"loc":{"start":{"line":8,"column":8},"end":{"line":10,"column":9}},"type":"if","locations":[{"start":{"line":8,"column":8},"end":{"line":10,"column":9}},{"start":{"line":8,"column":8},"end":{"line":10,"column":9}}],"line":8},"1":{"loc":{"start":{"line":8,"column":12},"end":{"line":8,"column":49}},"type":"binary-expr","locations":[{"start":{"line":8,"column":12},"end":{"line":8,"column":29}},{"start":{"line":8,"column":33},"end":{"line":8,"column":49}}],"line":8},"2":{"loc":{"start":{"line":12,"column":8},"end":{"line":23,"column":9}},"type":"if","locations":[{"start":{"line":12,"column":8},"end":{"line":23,"column":9}},{"start":{"line":12,"column":8},"end":{"line":23,"column":9}}],"line":12},"3":{"loc":{"start":{"line":13,"column":12},"end":{"line":21,"column":13}},"type":"if","locations":[{"start":{"line":13,"column":12},"end":{"line":21,"column":13}},{"start":{"line":13,"column":12},"end":{"line":21,"column":13}}],"line":13},"4":{"loc":{"start":{"line":25,"column":8},"end":{"line":34,"column":9}},"type":"if","locations":[{"start":{"line":25,"column":8},"end":{"line":34,"column":9}},{"start":{"line":25,"column":8},"end":{"line":34,"column":9}}],"line":25},"5":{"loc":{"start":{"line":40,"column":8},"end":{"line":42,"column":9}},"type":"if","locations":[{"start":{"line":40,"column":8},"end":{"line":42,"column":9}},{"start":{"line":40,"column":8},"end":{"line":42,"column":9}}],"line":40},"6":{"loc":{"start":{"line":40,"column":12},"end":{"line":40,"column":48}},"type":"binary-expr","locations":[{"start":{"line":40,"column":12},"end":{"line":40,"column":28}},{"start":{"line":40,"column":32},"end":{"line":40,"column":48}}],"line":40},"7":{"loc":{"start":{"line":44,"column":8},"end":{"line":55,"column":9}},"type":"if","locations":[{"start":{"line":44,"column":8},"end":{"line":55,"column":9}},{"start":{"line":44,"column":8},"end":{"line":55,"column":9}}],"line":44},"8":{"loc":{"start":{"line":45,"column":12},"end":{"line":53,"column":13}},"type":"if","locations":[{"start":{"line":45,"column":12},"end":{"line":53,"column":13}},{"start":{"line":45,"column":12},"end":{"line":53,"column":13}}],"line":45},"9":{"loc":{"start":{"line":57,"column":8},"end":{"line":66,"column":9}},"type":"if","locations":[{"start":{"line":57,"column":8},"end":{"line":66,"column":9}},{"start":{"line":57,"column":8},"end":{"line":66,"column":9}}],"line":57},"10":{"loc":{"start":{"line":74,"column":8},"end":{"line":76,"column":9}},"type":"if","locations":[{"start":{"line":74,"column":8},"end":{"line":76,"column":9}},{"start":{"line":74,"column":8},"end":{"line":76,"column":9}}],"line":74},"11":{"loc":{"start":{"line":74,"column":12},"end":{"line":74,"column":49}},"type":"binary-expr","locations":[{"start":{"line":74,"column":12},"end":{"line":74,"column":28}},{"start":{"line":74,"column":32},"end":{"line":74,"column":49}}],"line":74},"12":{"loc":{"start":{"line":78,"column":8},"end":{"line":89,"column":9}},"type":"if","locations":[{"start":{"line":78,"column":8},"end":{"line":89,"column":9}},{"start":{"line":78,"column":8},"end":{"line":89,"column":9}}],"line":78},"13":{"loc":{"start":{"line":79,"column":12},"end":{"line":87,"column":13}},"type":"if","locations":[{"start":{"line":79,"column":12},"end":{"line":87,"column":13}},{"start":{"line":79,"column":12},"end":{"line":87,"column":13}}],"line":79},"14":{"loc":{"start":{"line":91,"column":8},"end":{"line":101,"column":9}},"type":"if","locations":[{"start":{"line":91,"column":8},"end":{"line":101,"column":9}},{"start":{"line":91,"column":8},"end":{"line":101,"column":9}}],"line":91},"15":{"loc":{"start":{"line":109,"column":8},"end":{"line":111,"column":9}},"type":"if","locations":[{"start":{"line":109,"column":8},"end":{"line":111,"column":9}},{"start":{"line":109,"column":8},"end":{"line":111,"column":9}}],"line":109},"16":{"loc":{"start":{"line":109,"column":12},"end":{"line":109,"column":50}},"type":"binary-expr","locations":[{"start":{"line":109,"column":12},"end":{"line":109,"column":29}},{"start":{"line":109,"column":33},"end":{"line":109,"column":50}}],"line":109},"17":{"loc":{"start":{"line":113,"column":8},"end":{"line":124,"column":9}},"type":"if","locations":[{"start":{"line":113,"column":8},"end":{"line":124,"column":9}},{"start":{"line":113,"column":8},"end":{"line":124,"column":9}}],"line":113},"18":{"loc":{"start":{"line":114,"column":12},"end":{"line":122,"column":13}},"type":"if","locations":[{"start":{"line":114,"column":12},"end":{"line":122,"column":13}},{"start":{"line":114,"column":12},"end":{"line":122,"column":13}}],"line":114},"19":{"loc":{"start":{"line":126,"column":8},"end":{"line":136,"column":9}},"type":"if","locations":[{"start":{"line":126,"column":8},"end":{"line":136,"column":9}},{"start":{"line":126,"column":8},"end":{"line":136,"column":9}}],"line":126}},"s":{"0":2,"1":48,"2":48,"3":48,"4":48,"5":48,"6":12,"7":36,"8":36,"9":0,"10":36,"11":0,"12":0,"13":0,"14":48,"15":48,"16":48,"17":48,"18":12,"19":36,"20":36,"21":0,"22":36,"23":0,"24":0,"25":0,"26":48,"27":48,"28":48,"29":48,"30":12,"31":36,"32":36,"33":0,"34":36,"35":0,"36":0,"37":0,"38":48,"39":48,"40":48,"41":48,"42":12,"43":36,"44":36,"45":0,"46":36,"47":0,"48":0,"49":0,"50":48,"51":2},"f":{"0":48},"b":{"0":[12,36],"1":[48,48],"2":[36,0],"3":[0,36],"4":[0,0],"5":[12,36],"6":[48,48],"7":[36,0],"8":[0,36],"9":[0,0],"10":[12,36],"11":[48,48],"12":[36,0],"13":[0,36],"14":[0,0],"15":[12,36],"16":[48,48],"17":[36,0],"18":[0,36],"19":[0,0]},"_coverageSchema":"1a1c01bbd47fc00a2c39e90264f33305004495a9","hash":"449bdfd0d732a2b646a80b3cd3e75936517c07df"}
,"D:\\Escritorio\\Renzo\\Megachess\\pieces\\blackPawn.js": {"path":"D:\\Escritorio\\Renzo\\Megachess\\pieces\\blackPawn.js","statementMap":{"0":{"start":{"line":1,"column":18},"end":{"line":54,"column":1}},"1":{"start":{"line":2,"column":24},"end":{"line":2,"column":26}},"2":{"start":{"line":4,"column":4},"end":{"line":52,"column":5}},"3":{"start":{"line":5,"column":8},"end":{"line":17,"column":9}},"4":{"start":{"line":7,"column":12},"end":{"line":15,"column":13}},"5":{"start":{"line":8,"column":16},"end":{"line":14,"column":18}},"6":{"start":{"line":18,"column":8},"end":{"line":26,"column":9}},"7":{"start":{"line":19,"column":12},"end":{"line":25,"column":14}},"8":{"start":{"line":27,"column":8},"end":{"line":35,"column":9}},"9":{"start":{"line":28,"column":12},"end":{"line":34,"column":14}},"10":{"start":{"line":36,"column":8},"end":{"line":44,"column":9}},"11":{"start":{"line":37,"column":12},"end":{"line":43,"column":14}},"12":{"start":{"line":45,"column":8},"end":{"line":51,"column":10}},"13":{"start":{"line":53,"column":4},"end":{"line":53,"column":25}},"14":{"start":{"line":55,"column":0},"end":{"line":55,"column":27}}},"fnMap":{"0":{"name":"(anonymous_0)","decl":{"start":{"line":1,"column":18},"end":{"line":1,"column":19}},"loc":{"start":{"line":1,"column":77},"end":{"line":54,"column":1}},"line":1}},"branchMap":{"0":{"loc":{"start":{"line":4,"column":4},"end":{"line":52,"column":5}},"type":"if","locations":[{"start":{"line":4,"column":4},"end":{"line":52,"column":5}},{"start":{"line":4,"column":4},"end":{"line":52,"column":5}}],"line":4},"1":{"loc":{"start":{"line":5,"column":8},"end":{"line":17,"column":9}},"type":"if","locations":[{"start":{"line":5,"column":8},"end":{"line":17,"column":9}},{"start":{"line":5,"column":8},"end":{"line":17,"column":9}}],"line":5},"2":{"loc":{"start":{"line":7,"column":12},"end":{"line":15,"column":13}},"type":"if","locations":[{"start":{"line":7,"column":12},"end":{"line":15,"column":13}},{"start":{"line":7,"column":12},"end":{"line":15,"column":13}}],"line":7},"3":{"loc":{"start":{"line":7,"column":16},"end":{"line":7,"column":48}},"type":"binary-expr","locations":[{"start":{"line":7,"column":16},"end":{"line":7,"column":30}},{"start":{"line":7,"column":34},"end":{"line":7,"column":48}}],"line":7},"4":{"loc":{"start":{"line":18,"column":8},"end":{"line":26,"column":9}},"type":"if","locations":[{"start":{"line":18,"column":8},"end":{"line":26,"column":9}},{"start":{"line":18,"column":8},"end":{"line":26,"column":9}}],"line":18},"5":{"loc":{"start":{"line":27,"column":8},"end":{"line":35,"column":9}},"type":"if","locations":[{"start":{"line":27,"column":8},"end":{"line":35,"column":9}},{"start":{"line":27,"column":8},"end":{"line":35,"column":9}}],"line":27},"6":{"loc":{"start":{"line":36,"column":8},"end":{"line":44,"column":9}},"type":"if","locations":[{"start":{"line":36,"column":8},"end":{"line":44,"column":9}},{"start":{"line":36,"column":8},"end":{"line":44,"column":9}}],"line":36}},"s":{"0":1,"1":96,"2":96,"3":48,"4":48,"5":48,"6":48,"7":0,"8":48,"9":0,"10":48,"11":0,"12":48,"13":96,"14":1},"f":{"0":96},"b":{"0":[48,48],"1":[48,0],"2":[48,0],"3":[48,48],"4":[0,48],"5":[0,48],"6":[0,48]},"_coverageSchema":"1a1c01bbd47fc00a2c39e90264f33305004495a9","hash":"b76f72b8872490d6033e9f5433e5c3a950c819a2"}
,"D:\\Escritorio\\Renzo\\Megachess\\pieces\\horse.js": {"path":"D:\\Escritorio\\Renzo\\Megachess\\pieces\\horse.js","statementMap":{"0":{"start":{"line":1,"column":14},"end":{"line":67,"column":1}},"1":{"start":{"line":3,"column":25},"end":{"line":3,"column":27}},"2":{"start":{"line":6,"column":4},"end":{"line":34,"column":5}},"3":{"start":{"line":6,"column":17},"end":{"line":6,"column":19}},"4":{"start":{"line":7,"column":8},"end":{"line":33,"column":9}},"5":{"start":{"line":7,"column":21},"end":{"line":7,"column":23}},"6":{"start":{"line":8,"column":12},"end":{"line":10,"column":13}},"7":{"start":{"line":9,"column":16},"end":{"line":9,"column":25}},"8":{"start":{"line":11,"column":12},"end":{"line":13,"column":13}},"9":{"start":{"line":12,"column":16},"end":{"line":12,"column":25}},"10":{"start":{"line":23,"column":12},"end":{"line":31,"column":13}},"11":{"start":{"line":24,"column":16},"end":{"line":30,"column":18}},"12":{"start":{"line":37,"column":4},"end":{"line":64,"column":5}},"13":{"start":{"line":37,"column":17},"end":{"line":37,"column":19}},"14":{"start":{"line":38,"column":8},"end":{"line":63,"column":9}},"15":{"start":{"line":38,"column":21},"end":{"line":38,"column":23}},"16":{"start":{"line":39,"column":12},"end":{"line":41,"column":13}},"17":{"start":{"line":40,"column":16},"end":{"line":40,"column":25}},"18":{"start":{"line":42,"column":12},"end":{"line":44,"column":13}},"19":{"start":{"line":43,"column":16},"end":{"line":43,"column":22}},"20":{"start":{"line":45,"column":12},"end":{"line":53,"column":13}},"21":{"start":{"line":46,"column":16},"end":{"line":52,"column":18}},"22":{"start":{"line":54,"column":12},"end":{"line":62,"column":13}},"23":{"start":{"line":55,"column":16},"end":{"line":61,"column":18}},"24":{"start":{"line":66,"column":4},"end":{"line":66,"column":26}},"25":{"start":{"line":69,"column":0},"end":{"line":69,"column":23}}},"fnMap":{"0":{"name":"(anonymous_0)","decl":{"start":{"line":1,"column":14},"end":{"line":1,"column":15}},"loc":{"start":{"line":1,"column":95},"end":{"line":67,"column":1}},"line":1}},"branchMap":{"0":{"loc":{"start":{"line":8,"column":12},"end":{"line":10,"column":13}},"type":"if","locations":[{"start":{"line":8,"column":12},"end":{"line":10,"column":13}},{"start":{"line":8,"column":12},"end":{"line":10,"column":13}}],"line":8},"1":{"loc":{"start":{"line":8,"column":16},"end":{"line":8,"column":89}},"type":"binary-expr","locations":[{"start":{"line":8,"column":16},"end":{"line":8,"column":50}},{"start":{"line":8,"column":54},"end":{"line":8,"column":89}}],"line":8},"2":{"loc":{"start":{"line":8,"column":17},"end":{"line":8,"column":45}},"type":"binary-expr","locations":[{"start":{"line":8,"column":17},"end":{"line":8,"column":29}},{"start":{"line":8,"column":33},"end":{"line":8,"column":45}}],"line":8},"3":{"loc":{"start":{"line":8,"column":55},"end":{"line":8,"column":83}},"type":"binary-expr","locations":[{"start":{"line":8,"column":55},"end":{"line":8,"column":67}},{"start":{"line":8,"column":71},"end":{"line":8,"column":83}}],"line":8},"4":{"loc":{"start":{"line":11,"column":12},"end":{"line":13,"column":13}},"type":"if","locations":[{"start":{"line":11,"column":12},"end":{"line":13,"column":13}},{"start":{"line":11,"column":12},"end":{"line":13,"column":13}}],"line":11},"5":{"loc":{"start":{"line":23,"column":12},"end":{"line":31,"column":13}},"type":"if","locations":[{"start":{"line":23,"column":12},"end":{"line":31,"column":13}},{"start":{"line":23,"column":12},"end":{"line":31,"column":13}}],"line":23},"6":{"loc":{"start":{"line":39,"column":12},"end":{"line":41,"column":13}},"type":"if","locations":[{"start":{"line":39,"column":12},"end":{"line":41,"column":13}},{"start":{"line":39,"column":12},"end":{"line":41,"column":13}}],"line":39},"7":{"loc":{"start":{"line":39,"column":16},"end":{"line":39,"column":89}},"type":"binary-expr","locations":[{"start":{"line":39,"column":16},"end":{"line":39,"column":50}},{"start":{"line":39,"column":54},"end":{"line":39,"column":89}}],"line":39},"8":{"loc":{"start":{"line":39,"column":17},"end":{"line":39,"column":45}},"type":"binary-expr","locations":[{"start":{"line":39,"column":17},"end":{"line":39,"column":29}},{"start":{"line":39,"column":33},"end":{"line":39,"column":45}}],"line":39},"9":{"loc":{"start":{"line":39,"column":55},"end":{"line":39,"column":83}},"type":"binary-expr","locations":[{"start":{"line":39,"column":55},"end":{"line":39,"column":67}},{"start":{"line":39,"column":71},"end":{"line":39,"column":83}}],"line":39},"10":{"loc":{"start":{"line":42,"column":12},"end":{"line":44,"column":13}},"type":"if","locations":[{"start":{"line":42,"column":12},"end":{"line":44,"column":13}},{"start":{"line":42,"column":12},"end":{"line":44,"column":13}}],"line":42},"11":{"loc":{"start":{"line":45,"column":12},"end":{"line":53,"column":13}},"type":"if","locations":[{"start":{"line":45,"column":12},"end":{"line":53,"column":13}},{"start":{"line":45,"column":12},"end":{"line":53,"column":13}}],"line":45},"12":{"loc":{"start":{"line":54,"column":12},"end":{"line":62,"column":13}},"type":"if","locations":[{"start":{"line":54,"column":12},"end":{"line":62,"column":13}},{"start":{"line":54,"column":12},"end":{"line":62,"column":13}}],"line":54}},"s":{"0":2,"1":48,"2":48,"3":48,"4":96,"5":96,"6":192,"7":96,"8":96,"9":96,"10":0,"11":0,"12":48,"13":48,"14":96,"15":96,"16":120,"17":48,"18":72,"19":72,"20":0,"21":0,"22":0,"23":0,"24":48,"25":2},"f":{"0":48},"b":{"0":[96,96],"1":[192,144],"2":[192,0],"3":[144,0],"4":[96,0],"5":[0,0],"6":[48,72],"7":[120,96],"8":[120,12],"9":[96,12],"10":[72,0],"11":[0,0],"12":[0,0]},"_coverageSchema":"1a1c01bbd47fc00a2c39e90264f33305004495a9","hash":"4fcb660ebccd2b3fb8e11419d0a905c21874bcca"}
,"D:\\Escritorio\\Renzo\\Megachess\\pieces\\king.js": {"path":"D:\\Escritorio\\Renzo\\Megachess\\pieces\\king.js","statementMap":{"0":{"start":{"line":1,"column":13},"end":{"line":35,"column":1}},"1":{"start":{"line":3,"column":24},"end":{"line":3,"column":26}},"2":{"start":{"line":6,"column":4},"end":{"line":33,"column":5}},"3":{"start":{"line":6,"column":19},"end":{"line":6,"column":21}},"4":{"start":{"line":7,"column":8},"end":{"line":32,"column":9}},"5":{"start":{"line":7,"column":23},"end":{"line":7,"column":25}},"6":{"start":{"line":8,"column":12},"end":{"line":10,"column":13}},"7":{"start":{"line":9,"column":16},"end":{"line":9,"column":25}},"8":{"start":{"line":11,"column":12},"end":{"line":13,"column":13}},"9":{"start":{"line":12,"column":16},"end":{"line":12,"column":25}},"10":{"start":{"line":14,"column":12},"end":{"line":22,"column":13}},"11":{"start":{"line":15,"column":16},"end":{"line":21,"column":18}},"12":{"start":{"line":23,"column":12},"end":{"line":31,"column":13}},"13":{"start":{"line":24,"column":16},"end":{"line":30,"column":18}},"14":{"start":{"line":34,"column":4},"end":{"line":34,"column":25}},"15":{"start":{"line":36,"column":0},"end":{"line":36,"column":22}}},"fnMap":{"0":{"name":"(anonymous_0)","decl":{"start":{"line":1,"column":13},"end":{"line":1,"column":14}},"loc":{"start":{"line":1,"column":94},"end":{"line":35,"column":1}},"line":1}},"branchMap":{"0":{"loc":{"start":{"line":8,"column":12},"end":{"line":10,"column":13}},"type":"if","locations":[{"start":{"line":8,"column":12},"end":{"line":10,"column":13}},{"start":{"line":8,"column":12},"end":{"line":10,"column":13}}],"line":8},"1":{"loc":{"start":{"line":8,"column":16},"end":{"line":8,"column":97}},"type":"binary-expr","locations":[{"start":{"line":8,"column":16},"end":{"line":8,"column":55}},{"start":{"line":8,"column":59},"end":{"line":8,"column":97}}],"line":8},"2":{"loc":{"start":{"line":8,"column":17},"end":{"line":8,"column":49}},"type":"binary-expr","locations":[{"start":{"line":8,"column":17},"end":{"line":8,"column":31}},{"start":{"line":8,"column":35},"end":{"line":8,"column":49}}],"line":8},"3":{"loc":{"start":{"line":8,"column":60},"end":{"line":8,"column":92}},"type":"binary-expr","locations":[{"start":{"line":8,"column":60},"end":{"line":8,"column":74}},{"start":{"line":8,"column":78},"end":{"line":8,"column":92}}],"line":8},"4":{"loc":{"start":{"line":11,"column":12},"end":{"line":13,"column":13}},"type":"if","locations":[{"start":{"line":11,"column":12},"end":{"line":13,"column":13}},{"start":{"line":11,"column":12},"end":{"line":13,"column":13}}],"line":11},"5":{"loc":{"start":{"line":14,"column":12},"end":{"line":22,"column":13}},"type":"if","locations":[{"start":{"line":14,"column":12},"end":{"line":22,"column":13}},{"start":{"line":14,"column":12},"end":{"line":22,"column":13}}],"line":14},"6":{"loc":{"start":{"line":23,"column":12},"end":{"line":31,"column":13}},"type":"if","locations":[{"start":{"line":23,"column":12},"end":{"line":31,"column":13}},{"start":{"line":23,"column":12},"end":{"line":31,"column":13}}],"line":23}},"s":{"0":2,"1":24,"2":24,"3":24,"4":72,"5":72,"6":216,"7":36,"8":180,"9":180,"10":0,"11":0,"12":0,"13":0,"14":24,"15":2},"f":{"0":24},"b":{"0":[36,180],"1":[216,198],"2":[216,36],"3":[198,36],"4":[180,0],"5":[0,0],"6":[0,0]},"_coverageSchema":"1a1c01bbd47fc00a2c39e90264f33305004495a9","hash":"edcf1f1e7becde79a5ab0e0d9ae9a2bf69cd9206"}
,"D:\\Escritorio\\Renzo\\Megachess\\pieces\\queen.js": {"path":"D:\\Escritorio\\Renzo\\Megachess\\pieces\\queen.js","statementMap":{"0":{"start":{"line":1,"column":14},"end":{"line":249,"column":1}},"1":{"start":{"line":2,"column":25},"end":{"line":2,"column":27}},"2":{"start":{"line":4,"column":4},"end":{"line":31,"column":5}},"3":{"start":{"line":4,"column":20},"end":{"line":31,"column":5}},"4":{"start":{"line":4,"column":35},"end":{"line":4,"column":47}},"5":{"start":{"line":6,"column":8},"end":{"line":8,"column":9}},"6":{"start":{"line":7,"column":12},"end":{"line":7,"column":33}},"7":{"start":{"line":10,"column":8},"end":{"line":19,"column":9}},"8":{"start":{"line":11,"column":12},"end":{"line":17,"column":14}},"9":{"start":{"line":18,"column":12},"end":{"line":18,"column":33}},"10":{"start":{"line":21,"column":8},"end":{"line":30,"column":9}},"11":{"start":{"line":22,"column":12},"end":{"line":28,"column":14}},"12":{"start":{"line":29,"column":12},"end":{"line":29,"column":33}},"13":{"start":{"line":34,"column":4},"end":{"line":59,"column":5}},"14":{"start":{"line":34,"column":19},"end":{"line":59,"column":5}},"15":{"start":{"line":34,"column":34},"end":{"line":34,"column":46}},"16":{"start":{"line":36,"column":8},"end":{"line":47,"column":9}},"17":{"start":{"line":37,"column":12},"end":{"line":45,"column":13}},"18":{"start":{"line":38,"column":16},"end":{"line":44,"column":18}},"19":{"start":{"line":46,"column":12},"end":{"line":46,"column":32}},"20":{"start":{"line":49,"column":8},"end":{"line":58,"column":9}},"21":{"start":{"line":50,"column":12},"end":{"line":56,"column":14}},"22":{"start":{"line":57,"column":12},"end":{"line":57,"column":32}},"23":{"start":{"line":61,"column":4},"end":{"line":84,"column":5}},"24":{"start":{"line":61,"column":25},"end":{"line":84,"column":5}},"25":{"start":{"line":61,"column":40},"end":{"line":61,"column":52}},"26":{"start":{"line":62,"column":8},"end":{"line":73,"column":9}},"27":{"start":{"line":63,"column":12},"end":{"line":71,"column":13}},"28":{"start":{"line":64,"column":16},"end":{"line":70,"column":18}},"29":{"start":{"line":72,"column":12},"end":{"line":72,"column":38}},"30":{"start":{"line":74,"column":8},"end":{"line":83,"column":9}},"31":{"start":{"line":75,"column":12},"end":{"line":81,"column":14}},"32":{"start":{"line":82,"column":12},"end":{"line":82,"column":38}},"33":{"start":{"line":88,"column":4},"end":{"line":112,"column":5}},"34":{"start":{"line":88,"column":23},"end":{"line":112,"column":5}},"35":{"start":{"line":88,"column":38},"end":{"line":88,"column":50}},"36":{"start":{"line":89,"column":8},"end":{"line":100,"column":9}},"37":{"start":{"line":90,"column":12},"end":{"line":98,"column":13}},"38":{"start":{"line":91,"column":16},"end":{"line":97,"column":18}},"39":{"start":{"line":99,"column":12},"end":{"line":99,"column":36}},"40":{"start":{"line":102,"column":8},"end":{"line":111,"column":9}},"41":{"start":{"line":103,"column":12},"end":{"line":109,"column":14}},"42":{"start":{"line":110,"column":12},"end":{"line":110,"column":36}},"43":{"start":{"line":115,"column":4},"end":{"line":145,"column":5}},"44":{"start":{"line":115,"column":27},"end":{"line":145,"column":5}},"45":{"start":{"line":115,"column":40},"end":{"line":115,"column":41}},"46":{"start":{"line":117,"column":8},"end":{"line":119,"column":9}},"47":{"start":{"line":118,"column":12},"end":{"line":118,"column":40}},"48":{"start":{"line":121,"column":8},"end":{"line":132,"column":9}},"49":{"start":{"line":122,"column":12},"end":{"line":130,"column":13}},"50":{"start":{"line":123,"column":16},"end":{"line":129,"column":18}},"51":{"start":{"line":131,"column":12},"end":{"line":131,"column":40}},"52":{"start":{"line":134,"column":8},"end":{"line":143,"column":9}},"53":{"start":{"line":135,"column":12},"end":{"line":141,"column":14}},"54":{"start":{"line":142,"column":12},"end":{"line":142,"column":40}},"55":{"start":{"line":149,"column":4},"end":{"line":178,"column":5}},"56":{"start":{"line":149,"column":29},"end":{"line":178,"column":5}},"57":{"start":{"line":149,"column":42},"end":{"line":149,"column":43}},"58":{"start":{"line":150,"column":8},"end":{"line":152,"column":9}},"59":{"start":{"line":151,"column":12},"end":{"line":151,"column":42}},"60":{"start":{"line":154,"column":8},"end":{"line":165,"column":9}},"61":{"start":{"line":155,"column":12},"end":{"line":163,"column":13}},"62":{"start":{"line":156,"column":16},"end":{"line":162,"column":18}},"63":{"start":{"line":164,"column":12},"end":{"line":164,"column":42}},"64":{"start":{"line":167,"column":8},"end":{"line":176,"column":9}},"65":{"start":{"line":168,"column":12},"end":{"line":174,"column":14}},"66":{"start":{"line":175,"column":12},"end":{"line":175,"column":42}},"67":{"start":{"line":182,"column":4},"end":{"line":212,"column":5}},"68":{"start":{"line":182,"column":28},"end":{"line":212,"column":5}},"69":{"start":{"line":182,"column":41},"end":{"line":182,"column":42}},"70":{"start":{"line":184,"column":8},"end":{"line":186,"column":9}},"71":{"start":{"line":185,"column":12},"end":{"line":185,"column":41}},"72":{"start":{"line":188,"column":8},"end":{"line":199,"column":9}},"73":{"start":{"line":189,"column":12},"end":{"line":197,"column":13}},"74":{"start":{"line":190,"column":16},"end":{"line":196,"column":18}},"75":{"start":{"line":198,"column":12},"end":{"line":198,"column":41}},"76":{"start":{"line":201,"column":8},"end":{"line":211,"column":9}},"77":{"start":{"line":203,"column":12},"end":{"line":209,"column":14}},"78":{"start":{"line":210,"column":12},"end":{"line":210,"column":41}},"79":{"start":{"line":217,"column":4},"end":{"line":247,"column":5}},"80":{"start":{"line":217,"column":26},"end":{"line":247,"column":5}},"81":{"start":{"line":217,"column":39},"end":{"line":217,"column":40}},"82":{"start":{"line":219,"column":8},"end":{"line":221,"column":9}},"83":{"start":{"line":220,"column":12},"end":{"line":220,"column":39}},"84":{"start":{"line":223,"column":8},"end":{"line":234,"column":9}},"85":{"start":{"line":224,"column":12},"end":{"line":232,"column":13}},"86":{"start":{"line":225,"column":16},"end":{"line":231,"column":18}},"87":{"start":{"line":233,"column":12},"end":{"line":233,"column":39}},"88":{"start":{"line":236,"column":8},"end":{"line":246,"column":9}},"89":{"start":{"line":238,"column":12},"end":{"line":244,"column":14}},"90":{"start":{"line":245,"column":12},"end":{"line":245,"column":39}},"91":{"start":{"line":248,"column":4},"end":{"line":248,"column":26}},"92":{"start":{"line":251,"column":0},"end":{"line":251,"column":23}}},"fnMap":{"0":{"name":"(anonymous_0)","decl":{"start":{"line":1,"column":14},"end":{"line":1,"column":15}},"loc":{"start":{"line":1,"column":95},"end":{"line":249,"column":1}},"line":1}},"branchMap":{"0":{"loc":{"start":{"line":6,"column":8},"end":{"line":8,"column":9}},"type":"if","locations":[{"start":{"line":6,"column":8},"end":{"line":8,"column":9}},{"start":{"line":6,"column":8},"end":{"line":8,"column":9}}],"line":6},"1":{"loc":{"start":{"line":10,"column":8},"end":{"line":19,"column":9}},"type":"if","locations":[{"start":{"line":10,"column":8},"end":{"line":19,"column":9}},{"start":{"line":10,"column":8},"end":{"line":19,"column":9}}],"line":10},"2":{"loc":{"start":{"line":21,"column":8},"end":{"line":30,"column":9}},"type":"if","locations":[{"start":{"line":21,"column":8},"end":{"line":30,"column":9}},{"start":{"line":21,"column":8},"end":{"line":30,"column":9}}],"line":21},"3":{"loc":{"start":{"line":36,"column":8},"end":{"line":47,"column":9}},"type":"if","locations":[{"start":{"line":36,"column":8},"end":{"line":47,"column":9}},{"start":{"line":36,"column":8},"end":{"line":47,"column":9}}],"line":36},"4":{"loc":{"start":{"line":37,"column":12},"end":{"line":45,"column":13}},"type":"if","locations":[{"start":{"line":37,"column":12},"end":{"line":45,"column":13}},{"start":{"line":37,"column":12},"end":{"line":45,"column":13}}],"line":37},"5":{"loc":{"start":{"line":49,"column":8},"end":{"line":58,"column":9}},"type":"if","locations":[{"start":{"line":49,"column":8},"end":{"line":58,"column":9}},{"start":{"line":49,"column":8},"end":{"line":58,"column":9}}],"line":49},"6":{"loc":{"start":{"line":62,"column":8},"end":{"line":73,"column":9}},"type":"if","locations":[{"start":{"line":62,"column":8},"end":{"line":73,"column":9}},{"start":{"line":62,"column":8},"end":{"line":73,"column":9}}],"line":62},"7":{"loc":{"start":{"line":63,"column":12},"end":{"line":71,"column":13}},"type":"if","locations":[{"start":{"line":63,"column":12},"end":{"line":71,"column":13}},{"start":{"line":63,"column":12},"end":{"line":71,"column":13}}],"line":63},"8":{"loc":{"start":{"line":74,"column":8},"end":{"line":83,"column":9}},"type":"if","locations":[{"start":{"line":74,"column":8},"end":{"line":83,"column":9}},{"start":{"line":74,"column":8},"end":{"line":83,"column":9}}],"line":74},"9":{"loc":{"start":{"line":89,"column":8},"end":{"line":100,"column":9}},"type":"if","locations":[{"start":{"line":89,"column":8},"end":{"line":100,"column":9}},{"start":{"line":89,"column":8},"end":{"line":100,"column":9}}],"line":89},"10":{"loc":{"start":{"line":90,"column":12},"end":{"line":98,"column":13}},"type":"if","locations":[{"start":{"line":90,"column":12},"end":{"line":98,"column":13}},{"start":{"line":90,"column":12},"end":{"line":98,"column":13}}],"line":90},"11":{"loc":{"start":{"line":102,"column":8},"end":{"line":111,"column":9}},"type":"if","locations":[{"start":{"line":102,"column":8},"end":{"line":111,"column":9}},{"start":{"line":102,"column":8},"end":{"line":111,"column":9}}],"line":102},"12":{"loc":{"start":{"line":117,"column":8},"end":{"line":119,"column":9}},"type":"if","locations":[{"start":{"line":117,"column":8},"end":{"line":119,"column":9}},{"start":{"line":117,"column":8},"end":{"line":119,"column":9}}],"line":117},"13":{"loc":{"start":{"line":117,"column":12},"end":{"line":117,"column":49}},"type":"binary-expr","locations":[{"start":{"line":117,"column":12},"end":{"line":117,"column":29}},{"start":{"line":117,"column":33},"end":{"line":117,"column":49}}],"line":117},"14":{"loc":{"start":{"line":121,"column":8},"end":{"line":132,"column":9}},"type":"if","locations":[{"start":{"line":121,"column":8},"end":{"line":132,"column":9}},{"start":{"line":121,"column":8},"end":{"line":132,"column":9}}],"line":121},"15":{"loc":{"start":{"line":122,"column":12},"end":{"line":130,"column":13}},"type":"if","locations":[{"start":{"line":122,"column":12},"end":{"line":130,"column":13}},{"start":{"line":122,"column":12},"end":{"line":130,"column":13}}],"line":122},"16":{"loc":{"start":{"line":134,"column":8},"end":{"line":143,"column":9}},"type":"if","locations":[{"start":{"line":134,"column":8},"end":{"line":143,"column":9}},{"start":{"line":134,"column":8},"end":{"line":143,"column":9}}],"line":134},"17":{"loc":{"start":{"line":150,"column":8},"end":{"line":152,"column":9}},"type":"if","locations":[{"start":{"line":150,"column":8},"end":{"line":152,"column":9}},{"start":{"line":150,"column":8},"end":{"line":152,"column":9}}],"line":150},"18":{"loc":{"start":{"line":150,"column":12},"end":{"line":150,"column":48}},"type":"binary-expr","locations":[{"start":{"line":150,"column":12},"end":{"line":150,"column":28}},{"start":{"line":150,"column":32},"end":{"line":150,"column":48}}],"line":150},"19":{"loc":{"start":{"line":154,"column":8},"end":{"line":165,"column":9}},"type":"if","locations":[{"start":{"line":154,"column":8},"end":{"line":165,"column":9}},{"start":{"line":154,"column":8},"end":{"line":165,"column":9}}],"line":154},"20":{"loc":{"start":{"line":155,"column":12},"end":{"line":163,"column":13}},"type":"if","locations":[{"start":{"line":155,"column":12},"end":{"line":163,"column":13}},{"start":{"line":155,"column":12},"end":{"line":163,"column":13}}],"line":155},"21":{"loc":{"start":{"line":167,"column":8},"end":{"line":176,"column":9}},"type":"if","locations":[{"start":{"line":167,"column":8},"end":{"line":176,"column":9}},{"start":{"line":167,"column":8},"end":{"line":176,"column":9}}],"line":167},"22":{"loc":{"start":{"line":184,"column":8},"end":{"line":186,"column":9}},"type":"if","locations":[{"start":{"line":184,"column":8},"end":{"line":186,"column":9}},{"start":{"line":184,"column":8},"end":{"line":186,"column":9}}],"line":184},"23":{"loc":{"start":{"line":184,"column":12},"end":{"line":184,"column":49}},"type":"binary-expr","locations":[{"start":{"line":184,"column":12},"end":{"line":184,"column":28}},{"start":{"line":184,"column":32},"end":{"line":184,"column":49}}],"line":184},"24":{"loc":{"start":{"line":188,"column":8},"end":{"line":199,"column":9}},"type":"if","locations":[{"start":{"line":188,"column":8},"end":{"line":199,"column":9}},{"start":{"line":188,"column":8},"end":{"line":199,"column":9}}],"line":188},"25":{"loc":{"start":{"line":189,"column":12},"end":{"line":197,"column":13}},"type":"if","locations":[{"start":{"line":189,"column":12},"end":{"line":197,"column":13}},{"start":{"line":189,"column":12},"end":{"line":197,"column":13}}],"line":189},"26":{"loc":{"start":{"line":201,"column":8},"end":{"line":211,"column":9}},"type":"if","locations":[{"start":{"line":201,"column":8},"end":{"line":211,"column":9}},{"start":{"line":201,"column":8},"end":{"line":211,"column":9}}],"line":201},"27":{"loc":{"start":{"line":219,"column":8},"end":{"line":221,"column":9}},"type":"if","locations":[{"start":{"line":219,"column":8},"end":{"line":221,"column":9}},{"start":{"line":219,"column":8},"end":{"line":221,"column":9}}],"line":219},"28":{"loc":{"start":{"line":219,"column":12},"end":{"line":219,"column":50}},"type":"binary-expr","locations":[{"start":{"line":219,"column":12},"end":{"line":219,"column":29}},{"start":{"line":219,"column":33},"end":{"line":219,"column":50}}],"line":219},"29":{"loc":{"start":{"line":223,"column":8},"end":{"line":234,"column":9}},"type":"if","locations":[{"start":{"line":223,"column":8},"end":{"line":234,"column":9}},{"start":{"line":223,"column":8},"end":{"line":234,"column":9}}],"line":223},"30":{"loc":{"start":{"line":224,"column":12},"end":{"line":232,"column":13}},"type":"if","locations":[{"start":{"line":224,"column":12},"end":{"line":232,"column":13}},{"start":{"line":224,"column":12},"end":{"line":232,"column":13}}],"line":224},"31":{"loc":{"start":{"line":236,"column":8},"end":{"line":246,"column":9}},"type":"if","locations":[{"start":{"line":236,"column":8},"end":{"line":246,"column":9}},{"start":{"line":236,"column":8},"end":{"line":246,"column":9}}],"line":236}},"s":{"0":2,"1":24,"2":24,"3":24,"4":24,"5":18,"6":18,"7":0,"8":0,"9":0,"10":0,"11":0,"12":0,"13":24,"14":24,"15":24,"16":18,"17":18,"18":0,"19":18,"20":0,"21":0,"22":0,"23":24,"24":24,"25":24,"26":24,"27":24,"28":0,"29":24,"30":0,"31":0,"32":0,"33":24,"34":24,"35":24,"36":24,"37":24,"38":0,"39":24,"40":0,"41":0,"42":0,"43":24,"44":24,"45":24,"46":24,"47":6,"48":18,"49":18,"50":0,"51":18,"52":0,"53":0,"54":0,"55":24,"56":24,"57":24,"58":24,"59":6,"60":18,"61":18,"62":0,"63":18,"64":0,"65":0,"66":0,"67":24,"68":24,"69":24,"70":24,"71":6,"72":18,"73":18,"74":0,"75":18,"76":0,"77":0,"78":0,"79":24,"80":24,"81":24,"82":24,"83":6,"84":18,"85":18,"86":0,"87":18,"88":0,"89":0,"90":0,"91":24,"92":2},"f":{"0":24},"b":{"0":[18,0],"1":[0,0],"2":[0,0],"3":[18,0],"4":[0,18],"5":[0,0],"6":[24,0],"7":[0,24],"8":[0,0],"9":[24,0],"10":[0,24],"11":[0,0],"12":[6,18],"13":[24,24],"14":[18,0],"15":[0,18],"16":[0,0],"17":[6,18],"18":[24,24],"19":[18,0],"20":[0,18],"21":[0,0],"22":[6,18],"23":[24,24],"24":[18,0],"25":[0,18],"26":[0,0],"27":[6,18],"28":[24,24],"29":[18,0],"30":[0,18],"31":[0,0]},"_coverageSchema":"1a1c01bbd47fc00a2c39e90264f33305004495a9","hash":"2e907c1eb786bd35f077ee5ccb2cedbc31b1f401"}
,"D:\\Escritorio\\Renzo\\Megachess\\pieces\\rook.js": {"path":"D:\\Escritorio\\Renzo\\Megachess\\pieces\\rook.js","statementMap":{"0":{"start":{"line":2,"column":13},"end":{"line":113,"column":1}},"1":{"start":{"line":4,"column":24},"end":{"line":4,"column":26}},"2":{"start":{"line":6,"column":4},"end":{"line":30,"column":5}},"3":{"start":{"line":6,"column":20},"end":{"line":30,"column":5}},"4":{"start":{"line":6,"column":35},"end":{"line":6,"column":47}},"5":{"start":{"line":8,"column":8},"end":{"line":19,"column":9}},"6":{"start":{"line":18,"column":12},"end":{"line":18,"column":33}},"7":{"start":{"line":20,"column":8},"end":{"line":29,"column":9}},"8":{"start":{"line":21,"column":12},"end":{"line":27,"column":14}},"9":{"start":{"line":28,"column":12},"end":{"line":28,"column":33}},"10":{"start":{"line":34,"column":4},"end":{"line":59,"column":5}},"11":{"start":{"line":34,"column":19},"end":{"line":59,"column":5}},"12":{"start":{"line":34,"column":34},"end":{"line":34,"column":46}},"13":{"start":{"line":36,"column":8},"end":{"line":47,"column":9}},"14":{"start":{"line":46,"column":12},"end":{"line":46,"column":32}},"15":{"start":{"line":49,"column":8},"end":{"line":58,"column":9}},"16":{"start":{"line":50,"column":12},"end":{"line":56,"column":14}},"17":{"start":{"line":57,"column":12},"end":{"line":57,"column":32}},"18":{"start":{"line":61,"column":4},"end":{"line":84,"column":5}},"19":{"start":{"line":61,"column":25},"end":{"line":84,"column":5}},"20":{"start":{"line":61,"column":40},"end":{"line":61,"column":52}},"21":{"start":{"line":62,"column":8},"end":{"line":73,"column":9}},"22":{"start":{"line":72,"column":12},"end":{"line":72,"column":38}},"23":{"start":{"line":74,"column":8},"end":{"line":83,"column":9}},"24":{"start":{"line":75,"column":12},"end":{"line":81,"column":14}},"25":{"start":{"line":82,"column":12},"end":{"line":82,"column":38}},"26":{"start":{"line":88,"column":4},"end":{"line":111,"column":5}},"27":{"start":{"line":88,"column":23},"end":{"line":111,"column":5}},"28":{"start":{"line":88,"column":38},"end":{"line":88,"column":50}},"29":{"start":{"line":89,"column":8},"end":{"line":100,"column":9}},"30":{"start":{"line":99,"column":12},"end":{"line":99,"column":36}},"31":{"start":{"line":101,"column":8},"end":{"line":110,"column":9}},"32":{"start":{"line":102,"column":12},"end":{"line":108,"column":14}},"33":{"start":{"line":109,"column":12},"end":{"line":109,"column":36}},"34":{"start":{"line":112,"column":4},"end":{"line":112,"column":25}},"35":{"start":{"line":115,"column":0},"end":{"line":115,"column":22}}},"fnMap":{"0":{"name":"(anonymous_0)","decl":{"start":{"line":2,"column":13},"end":{"line":2,"column":14}},"loc":{"start":{"line":2,"column":94},"end":{"line":113,"column":1}},"line":2}},"branchMap":{"0":{"loc":{"start":{"line":8,"column":8},"end":{"line":19,"column":9}},"type":"if","locations":[{"start":{"line":8,"column":8},"end":{"line":19,"column":9}},{"start":{"line":8,"column":8},"end":{"line":19,"column":9}}],"line":8},"1":{"loc":{"start":{"line":20,"column":8},"end":{"line":29,"column":9}},"type":"if","locations":[{"start":{"line":20,"column":8},"end":{"line":29,"column":9}},{"start":{"line":20,"column":8},"end":{"line":29,"column":9}}],"line":20},"2":{"loc":{"start":{"line":36,"column":8},"end":{"line":47,"column":9}},"type":"if","locations":[{"start":{"line":36,"column":8},"end":{"line":47,"column":9}},{"start":{"line":36,"column":8},"end":{"line":47,"column":9}}],"line":36},"3":{"loc":{"start":{"line":49,"column":8},"end":{"line":58,"column":9}},"type":"if","locations":[{"start":{"line":49,"column":8},"end":{"line":58,"column":9}},{"start":{"line":49,"column":8},"end":{"line":58,"column":9}}],"line":49},"4":{"loc":{"start":{"line":62,"column":8},"end":{"line":73,"column":9}},"type":"if","locations":[{"start":{"line":62,"column":8},"end":{"line":73,"column":9}},{"start":{"line":62,"column":8},"end":{"line":73,"column":9}}],"line":62},"5":{"loc":{"start":{"line":74,"column":8},"end":{"line":83,"column":9}},"type":"if","locations":[{"start":{"line":74,"column":8},"end":{"line":83,"column":9}},{"start":{"line":74,"column":8},"end":{"line":83,"column":9}}],"line":74},"6":{"loc":{"start":{"line":89,"column":8},"end":{"line":100,"column":9}},"type":"if","locations":[{"start":{"line":89,"column":8},"end":{"line":100,"column":9}},{"start":{"line":89,"column":8},"end":{"line":100,"column":9}}],"line":89},"7":{"loc":{"start":{"line":101,"column":8},"end":{"line":110,"column":9}},"type":"if","locations":[{"start":{"line":101,"column":8},"end":{"line":110,"column":9}},{"start":{"line":101,"column":8},"end":{"line":110,"column":9}}],"line":101}},"s":{"0":2,"1":48,"2":48,"3":48,"4":48,"5":36,"6":36,"7":0,"8":0,"9":0,"10":48,"11":48,"12":48,"13":36,"14":36,"15":0,"16":0,"17":0,"18":48,"19":48,"20":48,"21":24,"22":24,"23":0,"24":0,"25":0,"26":48,"27":48,"28":48,"29":36,"30":36,"31":0,"32":0,"33":0,"34":48,"35":2},"f":{"0":48},"b":{"0":[36,0],"1":[0,0],"2":[36,0],"3":[0,0],"4":[24,0],"5":[0,0],"6":[36,0],"7":[0,0]},"_coverageSchema":"1a1c01bbd47fc00a2c39e90264f33305004495a9","hash":"fd11f1b2dd66e931c7f770d0c67f3eb1b6c6426d"}
,"D:\\Escritorio\\Renzo\\Megachess\\pieces\\whitePawn.js": {"path":"D:\\Escritorio\\Renzo\\Megachess\\pieces\\whitePawn.js","statementMap":{"0":{"start":{"line":1,"column":18},"end":{"line":57,"column":1}},"1":{"start":{"line":3,"column":24},"end":{"line":3,"column":26}},"2":{"start":{"line":5,"column":4},"end":{"line":55,"column":5}},"3":{"start":{"line":6,"column":8},"end":{"line":16,"column":9}},"4":{"start":{"line":7,"column":12},"end":{"line":15,"column":13}},"5":{"start":{"line":8,"column":16},"end":{"line":14,"column":18}},"6":{"start":{"line":17,"column":8},"end":{"line":26,"column":9}},"7":{"start":{"line":18,"column":12},"end":{"line":25,"column":14}},"8":{"start":{"line":27,"column":8},"end":{"line":36,"column":9}},"9":{"start":{"line":28,"column":12},"end":{"line":35,"column":14}},"10":{"start":{"line":37,"column":8},"end":{"line":46,"column":9}},"11":{"start":{"line":38,"column":12},"end":{"line":45,"column":14}},"12":{"start":{"line":47,"column":8},"end":{"line":54,"column":10}},"13":{"start":{"line":56,"column":4},"end":{"line":56,"column":25}},"14":{"start":{"line":59,"column":0},"end":{"line":59,"column":27}}},"fnMap":{"0":{"name":"(anonymous_0)","decl":{"start":{"line":1,"column":18},"end":{"line":1,"column":19}},"loc":{"start":{"line":1,"column":77},"end":{"line":57,"column":1}},"line":1}},"branchMap":{"0":{"loc":{"start":{"line":5,"column":4},"end":{"line":55,"column":5}},"type":"if","locations":[{"start":{"line":5,"column":4},"end":{"line":55,"column":5}},{"start":{"line":5,"column":4},"end":{"line":55,"column":5}}],"line":5},"1":{"loc":{"start":{"line":6,"column":8},"end":{"line":16,"column":9}},"type":"if","locations":[{"start":{"line":6,"column":8},"end":{"line":16,"column":9}},{"start":{"line":6,"column":8},"end":{"line":16,"column":9}}],"line":6},"2":{"loc":{"start":{"line":7,"column":12},"end":{"line":15,"column":13}},"type":"if","locations":[{"start":{"line":7,"column":12},"end":{"line":15,"column":13}},{"start":{"line":7,"column":12},"end":{"line":15,"column":13}}],"line":7},"3":{"loc":{"start":{"line":7,"column":16},"end":{"line":7,"column":50}},"type":"binary-expr","locations":[{"start":{"line":7,"column":16},"end":{"line":7,"column":31}},{"start":{"line":7,"column":35},"end":{"line":7,"column":50}}],"line":7},"4":{"loc":{"start":{"line":17,"column":8},"end":{"line":26,"column":9}},"type":"if","locations":[{"start":{"line":17,"column":8},"end":{"line":26,"column":9}},{"start":{"line":17,"column":8},"end":{"line":26,"column":9}}],"line":17},"5":{"loc":{"start":{"line":27,"column":8},"end":{"line":36,"column":9}},"type":"if","locations":[{"start":{"line":27,"column":8},"end":{"line":36,"column":9}},{"start":{"line":27,"column":8},"end":{"line":36,"column":9}}],"line":27},"6":{"loc":{"start":{"line":37,"column":8},"end":{"line":46,"column":9}},"type":"if","locations":[{"start":{"line":37,"column":8},"end":{"line":46,"column":9}},{"start":{"line":37,"column":8},"end":{"line":46,"column":9}}],"line":37}},"s":{"0":1,"1":96,"2":96,"3":48,"4":48,"5":48,"6":48,"7":0,"8":48,"9":0,"10":48,"11":0,"12":48,"13":96,"14":1},"f":{"0":96},"b":{"0":[48,48],"1":[48,0],"2":[48,0],"3":[48,0],"4":[0,48],"5":[0,48],"6":[0,48]},"_coverageSchema":"1a1c01bbd47fc00a2c39e90264f33305004495a9","hash":"b7817ac49ed5e6279e276999727af25ce6cbae0e"}
,"D:\\Escritorio\\Renzo\\Megachess\\piecesValues\\eatValue.js": {"path":"D:\\Escritorio\\Renzo\\Megachess\\piecesValues\\eatValue.js","statementMap":{"0":{"start":{"line":2,"column":20},"end":{"line":9,"column":1}},"1":{"start":{"line":12,"column":20},"end":{"line":19,"column":1}},"2":{"start":{"line":21,"column":0},"end":{"line":24,"column":1}}},"fnMap":{},"branchMap":{},"s":{"0":2,"1":2,"2":2},"f":{},"b":{},"_coverageSchema":"1a1c01bbd47fc00a2c39e90264f33305004495a9","hash":"9206c9a701c46db743380ecfe05e8cc0f2f69993"}
,"D:\\Escritorio\\Renzo\\Megachess\\piecesValues\\moveValue.js": {"path":"D:\\Escritorio\\Renzo\\Megachess\\piecesValues\\moveValue.js","statementMap":{"0":{"start":{"line":2,"column":21},"end":{"line":9,"column":1}},"1":{"start":{"line":11,"column":21},"end":{"line":18,"column":1}},"2":{"start":{"line":20,"column":0},"end":{"line":23,"column":1}}},"fnMap":{},"branchMap":{},"s":{"0":2,"1":2,"2":2},"f":{},"b":{},"_coverageSchema":"1a1c01bbd47fc00a2c39e90264f33305004495a9","hash":"320e57f11a3103e1213f0fbc8cc0afefba5a3a7b"}
}
