{"D:\\Escritorio\\Renzo\\Megachess\\movements\\black.js": {"path":"D:\\Escritorio\\Renzo\\Megachess\\movements\\black.js","statementMap":{"0":{"start":{"line":1,"column":13},"end":{"line":1,"column":38}},"1":{"start":{"line":2,"column":14},"end":{"line":2,"column":40}},"2":{"start":{"line":3,"column":13},"end":{"line":3,"column":38}},"3":{"start":{"line":4,"column":15},"end":{"line":4,"column":42}},"4":{"start":{"line":5,"column":14},"end":{"line":5,"column":40}},"5":{"start":{"line":6,"column":18},"end":{"line":6,"column":48}},"6":{"start":{"line":7,"column":15},"end":{"line":7,"column":34}},"7":{"start":{"line":8,"column":27},"end":{"line":8,"column":63}},"8":{"start":{"line":9,"column":26},"end":{"line":9,"column":61}},"9":{"start":{"line":12,"column":23},"end":{"line":51,"column":1}},"10":{"start":{"line":14,"column":4},"end":{"line":50,"column":6}},"11":{"start":{"line":16,"column":23},"end":{"line":16,"column":41}},"12":{"start":{"line":17,"column":25},"end":{"line":17,"column":45}},"13":{"start":{"line":18,"column":20},"end":{"line":18,"column":32}},"14":{"start":{"line":19,"column":24},"end":{"line":19,"column":32}},"15":{"start":{"line":20,"column":29},"end":{"line":20,"column":31}},"16":{"start":{"line":22,"column":8},"end":{"line":49,"column":14}},"17":{"start":{"line":25,"column":40},"end":{"line":31,"column":18}},"18":{"start":{"line":26,"column":20},"end":{"line":30,"column":21}},"19":{"start":{"line":27,"column":24},"end":{"line":27,"column":35}},"20":{"start":{"line":29,"column":24},"end":{"line":29,"column":38}},"21":{"start":{"line":33,"column":16},"end":{"line":43,"column":18}},"22":{"start":{"line":45,"column":26},"end":{"line":45,"column":37}},"23":{"start":{"line":47,"column":16},"end":{"line":47,"column":30}},"24":{"start":{"line":48,"column":16},"end":{"line":48,"column":38}},"25":{"start":{"line":53,"column":29},"end":{"line":92,"column":1}},"26":{"start":{"line":55,"column":4},"end":{"line":81,"column":5}},"27":{"start":{"line":55,"column":19},"end":{"line":55,"column":20}},"28":{"start":{"line":56,"column":8},"end":{"line":80,"column":9}},"29":{"start":{"line":56,"column":23},"end":{"line":56,"column":24}},"30":{"start":{"line":57,"column":12},"end":{"line":79,"column":13}},"31":{"start":{"line":60,"column":20},"end":{"line":60,"column":89}},"32":{"start":{"line":61,"column":20},"end":{"line":61,"column":26}},"33":{"start":{"line":63,"column":20},"end":{"line":63,"column":112}},"34":{"start":{"line":64,"column":20},"end":{"line":64,"column":26}},"35":{"start":{"line":66,"column":20},"end":{"line":66,"column":113}},"36":{"start":{"line":67,"column":20},"end":{"line":67,"column":26}},"37":{"start":{"line":69,"column":20},"end":{"line":69,"column":111}},"38":{"start":{"line":70,"column":20},"end":{"line":70,"column":26}},"39":{"start":{"line":72,"column":20},"end":{"line":72,"column":112}},"40":{"start":{"line":73,"column":20},"end":{"line":73,"column":26}},"41":{"start":{"line":75,"column":20},"end":{"line":75,"column":111}},"42":{"start":{"line":76,"column":20},"end":{"line":76,"column":26}},"43":{"start":{"line":78,"column":20},"end":{"line":78,"column":26}},"44":{"start":{"line":82,"column":23},"end":{"line":82,"column":25}},"45":{"start":{"line":85,"column":4},"end":{"line":89,"column":7}},"46":{"start":{"line":86,"column":8},"end":{"line":88,"column":11}},"47":{"start":{"line":87,"column":12},"end":{"line":87,"column":46}},"48":{"start":{"line":91,"column":4},"end":{"line":91,"column":24}},"49":{"start":{"line":94,"column":0},"end":{"line":96,"column":1}}},"fnMap":{"0":{"name":"(anonymous_0)","decl":{"start":{"line":12,"column":23},"end":{"line":12,"column":24}},"loc":{"start":{"line":12,"column":33},"end":{"line":51,"column":1}},"line":12},"1":{"name":"(anonymous_1)","decl":{"start":{"line":14,"column":23},"end":{"line":14,"column":24}},"loc":{"start":{"line":14,"column":44},"end":{"line":50,"column":5}},"line":14},"2":{"name":"(anonymous_2)","decl":{"start":{"line":23,"column":18},"end":{"line":23,"column":19}},"loc":{"start":{"line":23,"column":33},"end":{"line":44,"column":13}},"line":23},"3":{"name":"(anonymous_3)","decl":{"start":{"line":25,"column":57},"end":{"line":25,"column":58}},"loc":{"start":{"line":25,"column":76},"end":{"line":31,"column":17}},"line":25},"4":{"name":"(anonymous_4)","decl":{"start":{"line":45,"column":19},"end":{"line":45,"column":20}},"loc":{"start":{"line":45,"column":26},"end":{"line":45,"column":37}},"line":45},"5":{"name":"(anonymous_5)","decl":{"start":{"line":46,"column":21},"end":{"line":46,"column":22}},"loc":{"start":{"line":46,"column":27},"end":{"line":49,"column":13}},"line":46},"6":{"name":"(anonymous_6)","decl":{"start":{"line":53,"column":29},"end":{"line":53,"column":30}},"loc":{"start":{"line":53,"column":73},"end":{"line":92,"column":1}},"line":53},"7":{"name":"(anonymous_7)","decl":{"start":{"line":85,"column":27},"end":{"line":85,"column":28}},"loc":{"start":{"line":85,"column":38},"end":{"line":89,"column":5}},"line":85},"8":{"name":"(anonymous_8)","decl":{"start":{"line":86,"column":24},"end":{"line":86,"column":25}},"loc":{"start":{"line":86,"column":43},"end":{"line":88,"column":9}},"line":86}},"branchMap":{"0":{"loc":{"start":{"line":26,"column":20},"end":{"line":30,"column":21}},"type":"if","locations":[{"start":{"line":26,"column":20},"end":{"line":30,"column":21}},{"start":{"line":26,"column":20},"end":{"line":30,"column":21}}],"line":26},"1":{"loc":{"start":{"line":57,"column":12},"end":{"line":79,"column":13}},"type":"switch","locations":[{"start":{"line":59,"column":16},"end":{"line":61,"column":26}},{"start":{"line":62,"column":16},"end":{"line":64,"column":26}},{"start":{"line":65,"column":16},"end":{"line":67,"column":26}},{"start":{"line":68,"column":16},"end":{"line":70,"column":26}},{"start":{"line":71,"column":16},"end":{"line":73,"column":26}},{"start":{"line":74,"column":16},"end":{"line":76,"column":26}},{"start":{"line":77,"column":16},"end":{"line":78,"column":26}}],"line":57}},"s":{"0":1,"1":1,"2":1,"3":1,"4":1,"5":1,"6":1,"7":1,"8":1,"9":1,"10":3,"11":3,"12":3,"13":3,"14":3,"15":3,"16":3,"17":3,"18":93,"19":93,"20":0,"21":3,"22":0,"23":3,"24":3,"25":1,"26":3,"27":3,"28":48,"29":48,"30":768,"31":96,"32":96,"33":24,"34":24,"35":24,"36":24,"37":24,"38":24,"39":12,"40":12,"41":12,"42":12,"43":576,"44":3,"45":3,"46":192,"47":96,"48":3,"49":1},"f":{"0":3,"1":3,"2":3,"3":93,"4":0,"5":3,"6":3,"7":192,"8":96},"b":{"0":[93,0],"1":[96,24,24,24,12,12,576]},"_coverageSchema":"1a1c01bbd47fc00a2c39e90264f33305004495a9","hash":"19124972312d51d477f81e771a92852344e8c414"}
,"D:\\Escritorio\\Renzo\\Megachess\\movements\\matriz.js": {"path":"D:\\Escritorio\\Renzo\\Megachess\\movements\\matriz.js","statementMap":{"0":{"start":{"line":1,"column":15},"end":{"line":15,"column":1}},"1":{"start":{"line":2,"column":16},"end":{"line":2,"column":26}},"2":{"start":{"line":3,"column":16},"end":{"line":3,"column":17}},"3":{"start":{"line":4,"column":17},"end":{"line":4,"column":19}},"4":{"start":{"line":6,"column":4},"end":{"line":13,"column":5}},"5":{"start":{"line":6,"column":17},"end":{"line":6,"column":18}},"6":{"start":{"line":7,"column":18},"end":{"line":7,"column":20}},"7":{"start":{"line":8,"column":8},"end":{"line":11,"column":9}},"8":{"start":{"line":8,"column":21},"end":{"line":8,"column":22}},"9":{"start":{"line":9,"column":12},"end":{"line":9,"column":34}},"10":{"start":{"line":10,"column":12},"end":{"line":10,"column":19}},"11":{"start":{"line":12,"column":8},"end":{"line":12,"column":24}},"12":{"start":{"line":14,"column":4},"end":{"line":14,"column":18}},"13":{"start":{"line":17,"column":0},"end":{"line":17,"column":23}}},"fnMap":{"0":{"name":"(anonymous_0)","decl":{"start":{"line":1,"column":15},"end":{"line":1,"column":16}},"loc":{"start":{"line":1,"column":29},"end":{"line":15,"column":1}},"line":1}},"branchMap":{},"s":{"0":3,"1":262,"2":262,"3":262,"4":262,"5":262,"6":4192,"7":4192,"8":4192,"9":67072,"10":67072,"11":4192,"12":262,"13":3},"f":{"0":262},"b":{},"_coverageSchema":"1a1c01bbd47fc00a2c39e90264f33305004495a9","hash":"f5a56ccfd9fa68cb074b812cc5625afbccdf90f9"}
,"D:\\Escritorio\\Renzo\\Megachess\\movements\\white.js": {"path":"D:\\Escritorio\\Renzo\\Megachess\\movements\\white.js","statementMap":{"0":{"start":{"line":1,"column":13},"end":{"line":1,"column":38}},"1":{"start":{"line":2,"column":14},"end":{"line":2,"column":40}},"2":{"start":{"line":3,"column":13},"end":{"line":3,"column":38}},"3":{"start":{"line":4,"column":15},"end":{"line":4,"column":42}},"4":{"start":{"line":5,"column":14},"end":{"line":5,"column":40}},"5":{"start":{"line":6,"column":18},"end":{"line":6,"column":48}},"6":{"start":{"line":7,"column":15},"end":{"line":7,"column":34}},"7":{"start":{"line":8,"column":27},"end":{"line":8,"column":63}},"8":{"start":{"line":9,"column":26},"end":{"line":9,"column":61}},"9":{"start":{"line":11,"column":23},"end":{"line":51,"column":1}},"10":{"start":{"line":13,"column":4},"end":{"line":50,"column":6}},"11":{"start":{"line":15,"column":23},"end":{"line":15,"column":41}},"12":{"start":{"line":16,"column":25},"end":{"line":16,"column":45}},"13":{"start":{"line":17,"column":20},"end":{"line":17,"column":32}},"14":{"start":{"line":18,"column":24},"end":{"line":18,"column":32}},"15":{"start":{"line":19,"column":29},"end":{"line":19,"column":31}},"16":{"start":{"line":22,"column":8},"end":{"line":49,"column":14}},"17":{"start":{"line":25,"column":40},"end":{"line":32,"column":18}},"18":{"start":{"line":27,"column":20},"end":{"line":31,"column":21}},"19":{"start":{"line":28,"column":24},"end":{"line":28,"column":35}},"20":{"start":{"line":30,"column":24},"end":{"line":30,"column":38}},"21":{"start":{"line":33,"column":16},"end":{"line":43,"column":18}},"22":{"start":{"line":45,"column":26},"end":{"line":45,"column":37}},"23":{"start":{"line":47,"column":16},"end":{"line":47,"column":35}},"24":{"start":{"line":48,"column":16},"end":{"line":48,"column":38}},"25":{"start":{"line":54,"column":29},"end":{"line":99,"column":1}},"26":{"start":{"line":57,"column":4},"end":{"line":88,"column":5}},"27":{"start":{"line":57,"column":19},"end":{"line":57,"column":20}},"28":{"start":{"line":58,"column":8},"end":{"line":87,"column":9}},"29":{"start":{"line":58,"column":23},"end":{"line":58,"column":24}},"30":{"start":{"line":59,"column":12},"end":{"line":86,"column":13}},"31":{"start":{"line":61,"column":20},"end":{"line":61,"column":89}},"32":{"start":{"line":62,"column":20},"end":{"line":62,"column":26}},"33":{"start":{"line":65,"column":20},"end":{"line":65,"column":112}},"34":{"start":{"line":66,"column":20},"end":{"line":66,"column":26}},"35":{"start":{"line":69,"column":20},"end":{"line":69,"column":113}},"36":{"start":{"line":70,"column":20},"end":{"line":70,"column":26}},"37":{"start":{"line":73,"column":20},"end":{"line":73,"column":111}},"38":{"start":{"line":74,"column":20},"end":{"line":74,"column":26}},"39":{"start":{"line":77,"column":20},"end":{"line":77,"column":112}},"40":{"start":{"line":78,"column":20},"end":{"line":78,"column":26}},"41":{"start":{"line":81,"column":20},"end":{"line":81,"column":111}},"42":{"start":{"line":82,"column":20},"end":{"line":82,"column":26}},"43":{"start":{"line":85,"column":20},"end":{"line":85,"column":26}},"44":{"start":{"line":89,"column":23},"end":{"line":89,"column":25}},"45":{"start":{"line":92,"column":4},"end":{"line":96,"column":7}},"46":{"start":{"line":93,"column":8},"end":{"line":95,"column":11}},"47":{"start":{"line":94,"column":12},"end":{"line":94,"column":46}},"48":{"start":{"line":98,"column":4},"end":{"line":98,"column":24}},"49":{"start":{"line":101,"column":0},"end":{"line":103,"column":1}}},"fnMap":{"0":{"name":"(anonymous_0)","decl":{"start":{"line":11,"column":23},"end":{"line":11,"column":24}},"loc":{"start":{"line":11,"column":33},"end":{"line":51,"column":1}},"line":11},"1":{"name":"(anonymous_1)","decl":{"start":{"line":13,"column":23},"end":{"line":13,"column":24}},"loc":{"start":{"line":13,"column":44},"end":{"line":50,"column":5}},"line":13},"2":{"name":"(anonymous_2)","decl":{"start":{"line":23,"column":18},"end":{"line":23,"column":19}},"loc":{"start":{"line":23,"column":33},"end":{"line":44,"column":13}},"line":23},"3":{"name":"(anonymous_3)","decl":{"start":{"line":25,"column":57},"end":{"line":25,"column":58}},"loc":{"start":{"line":25,"column":76},"end":{"line":32,"column":17}},"line":25},"4":{"name":"(anonymous_4)","decl":{"start":{"line":45,"column":19},"end":{"line":45,"column":20}},"loc":{"start":{"line":45,"column":26},"end":{"line":45,"column":37}},"line":45},"5":{"name":"(anonymous_5)","decl":{"start":{"line":46,"column":21},"end":{"line":46,"column":22}},"loc":{"start":{"line":46,"column":27},"end":{"line":49,"column":13}},"line":46},"6":{"name":"(anonymous_6)","decl":{"start":{"line":54,"column":29},"end":{"line":54,"column":30}},"loc":{"start":{"line":54,"column":73},"end":{"line":99,"column":1}},"line":54},"7":{"name":"(anonymous_7)","decl":{"start":{"line":92,"column":27},"end":{"line":92,"column":28}},"loc":{"start":{"line":92,"column":38},"end":{"line":96,"column":5}},"line":92},"8":{"name":"(anonymous_8)","decl":{"start":{"line":93,"column":24},"end":{"line":93,"column":25}},"loc":{"start":{"line":93,"column":43},"end":{"line":95,"column":9}},"line":93}},"branchMap":{"0":{"loc":{"start":{"line":27,"column":20},"end":{"line":31,"column":21}},"type":"if","locations":[{"start":{"line":27,"column":20},"end":{"line":31,"column":21}},{"start":{"line":27,"column":20},"end":{"line":31,"column":21}}],"line":27},"1":{"loc":{"start":{"line":59,"column":12},"end":{"line":86,"column":13}},"type":"switch","locations":[{"start":{"line":60,"column":16},"end":{"line":62,"column":26}},{"start":{"line":64,"column":16},"end":{"line":66,"column":26}},{"start":{"line":68,"column":16},"end":{"line":70,"column":26}},{"start":{"line":72,"column":16},"end":{"line":74,"column":26}},{"start":{"line":76,"column":16},"end":{"line":78,"column":26}},{"start":{"line":80,"column":16},"end":{"line":82,"column":26}},{"start":{"line":84,"column":16},"end":{"line":85,"column":26}}],"line":59}},"s":{"0":1,"1":1,"2":1,"3":1,"4":1,"5":1,"6":1,"7":1,"8":1,"9":1,"10":3,"11":3,"12":3,"13":3,"14":3,"15":3,"16":3,"17":3,"18":93,"19":93,"20":0,"21":3,"22":0,"23":3,"24":3,"25":1,"26":3,"27":3,"28":48,"29":48,"30":768,"31":96,"32":96,"33":24,"34":24,"35":24,"36":24,"37":24,"38":24,"39":12,"40":12,"41":12,"42":12,"43":576,"44":3,"45":3,"46":192,"47":96,"48":3,"49":1},"f":{"0":3,"1":3,"2":3,"3":93,"4":0,"5":3,"6":3,"7":192,"8":96},"b":{"0":[93,0],"1":[96,24,24,24,12,12,576]},"_coverageSchema":"1a1c01bbd47fc00a2c39e90264f33305004495a9","hash":"efb9574cce910bedc5cc0a435a65fe28248d44af"}
,"D:\\Escritorio\\Renzo\\Megachess\\pieces\\bishop.js": {"path":"D:\\Escritorio\\Renzo\\Megachess\\pieces\\bishop.js","statementMap":{"0":{"start":{"line":1,"column":15},"end":{"line":135,"column":1}},"1":{"start":{"line":3,"column":26},"end":{"line":3,"column":28}},"2":{"start":{"line":6,"column":4},"end":{"line":34,"column":5}},"3":{"start":{"line":6,"column":27},"end":{"line":34,"column":5}},"4":{"start":{"line":6,"column":40},"end":{"line":6,"column":41}},"5":{"start":{"line":8,"column":8},"end":{"line":10,"column":9}},"6":{"start":{"line":9,"column":12},"end":{"line":9,"column":40}},"7":{"start":{"line":12,"column":8},"end":{"line":14,"column":9}},"8":{"start":{"line":13,"column":12},"end":{"line":13,"column":40}},"9":{"start":{"line":16,"column":8},"end":{"line":33,"column":9}},"10":{"start":{"line":17,"column":12},"end":{"line":23,"column":14}},"11":{"start":{"line":25,"column":12},"end":{"line":31,"column":14}},"12":{"start":{"line":32,"column":12},"end":{"line":32,"column":40}},"13":{"start":{"line":38,"column":4},"end":{"line":66,"column":5}},"14":{"start":{"line":38,"column":29},"end":{"line":66,"column":5}},"15":{"start":{"line":38,"column":42},"end":{"line":38,"column":43}},"16":{"start":{"line":39,"column":8},"end":{"line":41,"column":9}},"17":{"start":{"line":40,"column":12},"end":{"line":40,"column":42}},"18":{"start":{"line":43,"column":8},"end":{"line":45,"column":9}},"19":{"start":{"line":44,"column":12},"end":{"line":44,"column":42}},"20":{"start":{"line":47,"column":8},"end":{"line":64,"column":9}},"21":{"start":{"line":48,"column":12},"end":{"line":54,"column":14}},"22":{"start":{"line":56,"column":12},"end":{"line":62,"column":14}},"23":{"start":{"line":63,"column":12},"end":{"line":63,"column":42}},"24":{"start":{"line":70,"column":4},"end":{"line":99,"column":5}},"25":{"start":{"line":70,"column":28},"end":{"line":99,"column":5}},"26":{"start":{"line":70,"column":41},"end":{"line":70,"column":42}},"27":{"start":{"line":72,"column":8},"end":{"line":74,"column":9}},"28":{"start":{"line":73,"column":12},"end":{"line":73,"column":41}},"29":{"start":{"line":76,"column":8},"end":{"line":78,"column":9}},"30":{"start":{"line":77,"column":12},"end":{"line":77,"column":41}},"31":{"start":{"line":80,"column":8},"end":{"line":98,"column":9}},"32":{"start":{"line":81,"column":12},"end":{"line":87,"column":14}},"33":{"start":{"line":90,"column":12},"end":{"line":96,"column":14}},"34":{"start":{"line":97,"column":12},"end":{"line":97,"column":41}},"35":{"start":{"line":104,"column":4},"end":{"line":133,"column":5}},"36":{"start":{"line":104,"column":26},"end":{"line":133,"column":5}},"37":{"start":{"line":104,"column":39},"end":{"line":104,"column":40}},"38":{"start":{"line":106,"column":8},"end":{"line":108,"column":9}},"39":{"start":{"line":107,"column":12},"end":{"line":107,"column":39}},"40":{"start":{"line":110,"column":8},"end":{"line":112,"column":9}},"41":{"start":{"line":111,"column":12},"end":{"line":111,"column":39}},"42":{"start":{"line":114,"column":8},"end":{"line":132,"column":9}},"43":{"start":{"line":115,"column":12},"end":{"line":121,"column":14}},"44":{"start":{"line":124,"column":12},"end":{"line":130,"column":14}},"45":{"start":{"line":131,"column":12},"end":{"line":131,"column":39}},"46":{"start":{"line":134,"column":4},"end":{"line":134,"column":27}},"47":{"start":{"line":137,"column":0},"end":{"line":137,"column":24}}},"fnMap":{"0":{"name":"(anonymous_0)","decl":{"start":{"line":1,"column":15},"end":{"line":1,"column":16}},"loc":{"start":{"line":1,"column":84},"end":{"line":135,"column":1}},"line":1}},"branchMap":{"0":{"loc":{"start":{"line":8,"column":8},"end":{"line":10,"column":9}},"type":"if","locations":[{"start":{"line":8,"column":8},"end":{"line":10,"column":9}},{"start":{"line":8,"column":8},"end":{"line":10,"column":9}}],"line":8},"1":{"loc":{"start":{"line":8,"column":12},"end":{"line":8,"column":49}},"type":"binary-expr","locations":[{"start":{"line":8,"column":12},"end":{"line":8,"column":29}},{"start":{"line":8,"column":33},"end":{"line":8,"column":49}}],"line":8},"2":{"loc":{"start":{"line":12,"column":8},"end":{"line":14,"column":9}},"type":"if","locations":[{"start":{"line":12,"column":8},"end":{"line":14,"column":9}},{"start":{"line":12,"column":8},"end":{"line":14,"column":9}}],"line":12},"3":{"loc":{"start":{"line":16,"column":8},"end":{"line":33,"column":9}},"type":"if","locations":[{"start":{"line":16,"column":8},"end":{"line":33,"column":9}},{"start":{"line":16,"column":8},"end":{"line":33,"column":9}}],"line":16},"4":{"loc":{"start":{"line":39,"column":8},"end":{"line":41,"column":9}},"type":"if","locations":[{"start":{"line":39,"column":8},"end":{"line":41,"column":9}},{"start":{"line":39,"column":8},"end":{"line":41,"column":9}}],"line":39},"5":{"loc":{"start":{"line":39,"column":12},"end":{"line":39,"column":48}},"type":"binary-expr","locations":[{"start":{"line":39,"column":12},"end":{"line":39,"column":28}},{"start":{"line":39,"column":32},"end":{"line":39,"column":48}}],"line":39},"6":{"loc":{"start":{"line":43,"column":8},"end":{"line":45,"column":9}},"type":"if","locations":[{"start":{"line":43,"column":8},"end":{"line":45,"column":9}},{"start":{"line":43,"column":8},"end":{"line":45,"column":9}}],"line":43},"7":{"loc":{"start":{"line":47,"column":8},"end":{"line":64,"column":9}},"type":"if","locations":[{"start":{"line":47,"column":8},"end":{"line":64,"column":9}},{"start":{"line":47,"column":8},"end":{"line":64,"column":9}}],"line":47},"8":{"loc":{"start":{"line":72,"column":8},"end":{"line":74,"column":9}},"type":"if","locations":[{"start":{"line":72,"column":8},"end":{"line":74,"column":9}},{"start":{"line":72,"column":8},"end":{"line":74,"column":9}}],"line":72},"9":{"loc":{"start":{"line":72,"column":12},"end":{"line":72,"column":49}},"type":"binary-expr","locations":[{"start":{"line":72,"column":12},"end":{"line":72,"column":28}},{"start":{"line":72,"column":32},"end":{"line":72,"column":49}}],"line":72},"10":{"loc":{"start":{"line":76,"column":8},"end":{"line":78,"column":9}},"type":"if","locations":[{"start":{"line":76,"column":8},"end":{"line":78,"column":9}},{"start":{"line":76,"column":8},"end":{"line":78,"column":9}}],"line":76},"11":{"loc":{"start":{"line":80,"column":8},"end":{"line":98,"column":9}},"type":"if","locations":[{"start":{"line":80,"column":8},"end":{"line":98,"column":9}},{"start":{"line":80,"column":8},"end":{"line":98,"column":9}}],"line":80},"12":{"loc":{"start":{"line":106,"column":8},"end":{"line":108,"column":9}},"type":"if","locations":[{"start":{"line":106,"column":8},"end":{"line":108,"column":9}},{"start":{"line":106,"column":8},"end":{"line":108,"column":9}}],"line":106},"13":{"loc":{"start":{"line":106,"column":12},"end":{"line":106,"column":50}},"type":"binary-expr","locations":[{"start":{"line":106,"column":12},"end":{"line":106,"column":29}},{"start":{"line":106,"column":33},"end":{"line":106,"column":50}}],"line":106},"14":{"loc":{"start":{"line":110,"column":8},"end":{"line":112,"column":9}},"type":"if","locations":[{"start":{"line":110,"column":8},"end":{"line":112,"column":9}},{"start":{"line":110,"column":8},"end":{"line":112,"column":9}}],"line":110},"15":{"loc":{"start":{"line":114,"column":8},"end":{"line":132,"column":9}},"type":"if","locations":[{"start":{"line":114,"column":8},"end":{"line":132,"column":9}},{"start":{"line":114,"column":8},"end":{"line":132,"column":9}}],"line":114}},"s":{"0":2,"1":48,"2":48,"3":48,"4":48,"5":48,"6":12,"7":36,"8":36,"9":0,"10":0,"11":0,"12":0,"13":48,"14":48,"15":48,"16":48,"17":12,"18":36,"19":36,"20":0,"21":0,"22":0,"23":0,"24":48,"25":48,"26":48,"27":48,"28":12,"29":36,"30":36,"31":0,"32":0,"33":0,"34":0,"35":48,"36":48,"37":48,"38":48,"39":12,"40":36,"41":36,"42":0,"43":0,"44":0,"45":0,"46":48,"47":2},"f":{"0":48},"b":{"0":[12,36],"1":[48,48],"2":[36,0],"3":[0,0],"4":[12,36],"5":[48,48],"6":[36,0],"7":[0,0],"8":[12,36],"9":[48,48],"10":[36,0],"11":[0,0],"12":[12,36],"13":[48,48],"14":[36,0],"15":[0,0]},"_coverageSchema":"1a1c01bbd47fc00a2c39e90264f33305004495a9","hash":"137a694f260819fcdb1acba0957da88517e51441"}
,"D:\\Escritorio\\Renzo\\Megachess\\pieces\\blackPawn.js": {"path":"D:\\Escritorio\\Renzo\\Megachess\\pieces\\blackPawn.js","statementMap":{"0":{"start":{"line":1,"column":18},"end":{"line":54,"column":1}},"1":{"start":{"line":2,"column":24},"end":{"line":2,"column":26}},"2":{"start":{"line":4,"column":4},"end":{"line":52,"column":5}},"3":{"start":{"line":5,"column":8},"end":{"line":17,"column":9}},"4":{"start":{"line":7,"column":12},"end":{"line":15,"column":13}},"5":{"start":{"line":8,"column":16},"end":{"line":14,"column":18}},"6":{"start":{"line":18,"column":8},"end":{"line":26,"column":9}},"7":{"start":{"line":19,"column":12},"end":{"line":25,"column":14}},"8":{"start":{"line":27,"column":8},"end":{"line":35,"column":9}},"9":{"start":{"line":28,"column":12},"end":{"line":34,"column":14}},"10":{"start":{"line":36,"column":8},"end":{"line":44,"column":9}},"11":{"start":{"line":37,"column":12},"end":{"line":43,"column":14}},"12":{"start":{"line":45,"column":8},"end":{"line":51,"column":10}},"13":{"start":{"line":53,"column":4},"end":{"line":53,"column":25}},"14":{"start":{"line":55,"column":0},"end":{"line":55,"column":27}}},"fnMap":{"0":{"name":"(anonymous_0)","decl":{"start":{"line":1,"column":18},"end":{"line":1,"column":19}},"loc":{"start":{"line":1,"column":65},"end":{"line":54,"column":1}},"line":1}},"branchMap":{"0":{"loc":{"start":{"line":4,"column":4},"end":{"line":52,"column":5}},"type":"if","locations":[{"start":{"line":4,"column":4},"end":{"line":52,"column":5}},{"start":{"line":4,"column":4},"end":{"line":52,"column":5}}],"line":4},"1":{"loc":{"start":{"line":5,"column":8},"end":{"line":17,"column":9}},"type":"if","locations":[{"start":{"line":5,"column":8},"end":{"line":17,"column":9}},{"start":{"line":5,"column":8},"end":{"line":17,"column":9}}],"line":5},"2":{"loc":{"start":{"line":7,"column":12},"end":{"line":15,"column":13}},"type":"if","locations":[{"start":{"line":7,"column":12},"end":{"line":15,"column":13}},{"start":{"line":7,"column":12},"end":{"line":15,"column":13}}],"line":7},"3":{"loc":{"start":{"line":7,"column":16},"end":{"line":7,"column":48}},"type":"binary-expr","locations":[{"start":{"line":7,"column":16},"end":{"line":7,"column":30}},{"start":{"line":7,"column":34},"end":{"line":7,"column":48}}],"line":7},"4":{"loc":{"start":{"line":18,"column":8},"end":{"line":26,"column":9}},"type":"if","locations":[{"start":{"line":18,"column":8},"end":{"line":26,"column":9}},{"start":{"line":18,"column":8},"end":{"line":26,"column":9}}],"line":18},"5":{"loc":{"start":{"line":27,"column":8},"end":{"line":35,"column":9}},"type":"if","locations":[{"start":{"line":27,"column":8},"end":{"line":35,"column":9}},{"start":{"line":27,"column":8},"end":{"line":35,"column":9}}],"line":27},"6":{"loc":{"start":{"line":36,"column":8},"end":{"line":44,"column":9}},"type":"if","locations":[{"start":{"line":36,"column":8},"end":{"line":44,"column":9}},{"start":{"line":36,"column":8},"end":{"line":44,"column":9}}],"line":36}},"s":{"0":1,"1":96,"2":96,"3":48,"4":48,"5":48,"6":48,"7":0,"8":48,"9":0,"10":48,"11":0,"12":48,"13":96,"14":1},"f":{"0":96},"b":{"0":[48,48],"1":[48,0],"2":[48,0],"3":[48,48],"4":[0,48],"5":[0,48],"6":[0,48]},"_coverageSchema":"1a1c01bbd47fc00a2c39e90264f33305004495a9","hash":"4fd5b5caed19cf4b012ff722feb59b19744d020d"}
,"D:\\Escritorio\\Renzo\\Megachess\\pieces\\horse.js": {"path":"D:\\Escritorio\\Renzo\\Megachess\\pieces\\horse.js","statementMap":{"0":{"start":{"line":1,"column":14},"end":{"line":64,"column":1}},"1":{"start":{"line":3,"column":25},"end":{"line":3,"column":27}},"2":{"start":{"line":6,"column":4},"end":{"line":32,"column":5}},"3":{"start":{"line":6,"column":17},"end":{"line":6,"column":19}},"4":{"start":{"line":7,"column":8},"end":{"line":31,"column":9}},"5":{"start":{"line":7,"column":21},"end":{"line":7,"column":23}},"6":{"start":{"line":8,"column":12},"end":{"line":10,"column":13}},"7":{"start":{"line":9,"column":16},"end":{"line":9,"column":25}},"8":{"start":{"line":11,"column":12},"end":{"line":13,"column":13}},"9":{"start":{"line":12,"column":16},"end":{"line":12,"column":25}},"10":{"start":{"line":14,"column":12},"end":{"line":30,"column":13}},"11":{"start":{"line":15,"column":16},"end":{"line":21,"column":18}},"12":{"start":{"line":23,"column":16},"end":{"line":29,"column":18}},"13":{"start":{"line":35,"column":4},"end":{"line":61,"column":5}},"14":{"start":{"line":35,"column":17},"end":{"line":35,"column":19}},"15":{"start":{"line":36,"column":8},"end":{"line":60,"column":9}},"16":{"start":{"line":36,"column":21},"end":{"line":36,"column":23}},"17":{"start":{"line":37,"column":12},"end":{"line":39,"column":13}},"18":{"start":{"line":38,"column":16},"end":{"line":38,"column":25}},"19":{"start":{"line":40,"column":12},"end":{"line":42,"column":13}},"20":{"start":{"line":41,"column":16},"end":{"line":41,"column":25}},"21":{"start":{"line":43,"column":12},"end":{"line":59,"column":13}},"22":{"start":{"line":44,"column":16},"end":{"line":50,"column":18}},"23":{"start":{"line":52,"column":16},"end":{"line":58,"column":18}},"24":{"start":{"line":63,"column":4},"end":{"line":63,"column":26}},"25":{"start":{"line":66,"column":0},"end":{"line":66,"column":23}}},"fnMap":{"0":{"name":"(anonymous_0)","decl":{"start":{"line":1,"column":14},"end":{"line":1,"column":15}},"loc":{"start":{"line":1,"column":83},"end":{"line":64,"column":1}},"line":1}},"branchMap":{"0":{"loc":{"start":{"line":8,"column":12},"end":{"line":10,"column":13}},"type":"if","locations":[{"start":{"line":8,"column":12},"end":{"line":10,"column":13}},{"start":{"line":8,"column":12},"end":{"line":10,"column":13}}],"line":8},"1":{"loc":{"start":{"line":8,"column":16},"end":{"line":8,"column":89}},"type":"binary-expr","locations":[{"start":{"line":8,"column":16},"end":{"line":8,"column":50}},{"start":{"line":8,"column":54},"end":{"line":8,"column":89}}],"line":8},"2":{"loc":{"start":{"line":8,"column":17},"end":{"line":8,"column":45}},"type":"binary-expr","locations":[{"start":{"line":8,"column":17},"end":{"line":8,"column":29}},{"start":{"line":8,"column":33},"end":{"line":8,"column":45}}],"line":8},"3":{"loc":{"start":{"line":8,"column":55},"end":{"line":8,"column":83}},"type":"binary-expr","locations":[{"start":{"line":8,"column":55},"end":{"line":8,"column":67}},{"start":{"line":8,"column":71},"end":{"line":8,"column":83}}],"line":8},"4":{"loc":{"start":{"line":11,"column":12},"end":{"line":13,"column":13}},"type":"if","locations":[{"start":{"line":11,"column":12},"end":{"line":13,"column":13}},{"start":{"line":11,"column":12},"end":{"line":13,"column":13}}],"line":11},"5":{"loc":{"start":{"line":14,"column":12},"end":{"line":30,"column":13}},"type":"if","locations":[{"start":{"line":14,"column":12},"end":{"line":30,"column":13}},{"start":{"line":14,"column":12},"end":{"line":30,"column":13}}],"line":14},"6":{"loc":{"start":{"line":37,"column":12},"end":{"line":39,"column":13}},"type":"if","locations":[{"start":{"line":37,"column":12},"end":{"line":39,"column":13}},{"start":{"line":37,"column":12},"end":{"line":39,"column":13}}],"line":37},"7":{"loc":{"start":{"line":37,"column":16},"end":{"line":37,"column":89}},"type":"binary-expr","locations":[{"start":{"line":37,"column":16},"end":{"line":37,"column":50}},{"start":{"line":37,"column":54},"end":{"line":37,"column":89}}],"line":37},"8":{"loc":{"start":{"line":37,"column":17},"end":{"line":37,"column":45}},"type":"binary-expr","locations":[{"start":{"line":37,"column":17},"end":{"line":37,"column":29}},{"start":{"line":37,"column":33},"end":{"line":37,"column":45}}],"line":37},"9":{"loc":{"start":{"line":37,"column":55},"end":{"line":37,"column":83}},"type":"binary-expr","locations":[{"start":{"line":37,"column":55},"end":{"line":37,"column":67}},{"start":{"line":37,"column":71},"end":{"line":37,"column":83}}],"line":37},"10":{"loc":{"start":{"line":40,"column":12},"end":{"line":42,"column":13}},"type":"if","locations":[{"start":{"line":40,"column":12},"end":{"line":42,"column":13}},{"start":{"line":40,"column":12},"end":{"line":42,"column":13}}],"line":40},"11":{"loc":{"start":{"line":43,"column":12},"end":{"line":59,"column":13}},"type":"if","locations":[{"start":{"line":43,"column":12},"end":{"line":59,"column":13}},{"start":{"line":43,"column":12},"end":{"line":59,"column":13}}],"line":43}},"s":{"0":2,"1":48,"2":48,"3":48,"4":96,"5":96,"6":192,"7":96,"8":96,"9":96,"10":0,"11":0,"12":0,"13":48,"14":48,"15":96,"16":96,"17":192,"18":48,"19":144,"20":144,"21":0,"22":0,"23":0,"24":48,"25":2},"f":{"0":48},"b":{"0":[96,96],"1":[192,144],"2":[192,0],"3":[144,0],"4":[96,0],"5":[0,0],"6":[48,144],"7":[192,168],"8":[192,24],"9":[168,24],"10":[144,0],"11":[0,0]},"_coverageSchema":"1a1c01bbd47fc00a2c39e90264f33305004495a9","hash":"4a4d879e3c8242fd075b2c4c4aa92a42f4f1223e"}
,"D:\\Escritorio\\Renzo\\Megachess\\pieces\\king.js": {"path":"D:\\Escritorio\\Renzo\\Megachess\\pieces\\king.js","statementMap":{"0":{"start":{"line":1,"column":13},"end":{"line":36,"column":1}},"1":{"start":{"line":3,"column":24},"end":{"line":3,"column":26}},"2":{"start":{"line":6,"column":4},"end":{"line":34,"column":5}},"3":{"start":{"line":6,"column":19},"end":{"line":6,"column":21}},"4":{"start":{"line":7,"column":8},"end":{"line":33,"column":9}},"5":{"start":{"line":7,"column":23},"end":{"line":7,"column":25}},"6":{"start":{"line":8,"column":12},"end":{"line":10,"column":13}},"7":{"start":{"line":9,"column":16},"end":{"line":9,"column":25}},"8":{"start":{"line":12,"column":12},"end":{"line":14,"column":13}},"9":{"start":{"line":13,"column":16},"end":{"line":13,"column":25}},"10":{"start":{"line":16,"column":12},"end":{"line":32,"column":13}},"11":{"start":{"line":17,"column":16},"end":{"line":23,"column":18}},"12":{"start":{"line":25,"column":16},"end":{"line":31,"column":18}},"13":{"start":{"line":35,"column":4},"end":{"line":35,"column":25}},"14":{"start":{"line":37,"column":0},"end":{"line":37,"column":22}}},"fnMap":{"0":{"name":"(anonymous_0)","decl":{"start":{"line":1,"column":13},"end":{"line":1,"column":14}},"loc":{"start":{"line":1,"column":82},"end":{"line":36,"column":1}},"line":1}},"branchMap":{"0":{"loc":{"start":{"line":8,"column":12},"end":{"line":10,"column":13}},"type":"if","locations":[{"start":{"line":8,"column":12},"end":{"line":10,"column":13}},{"start":{"line":8,"column":12},"end":{"line":10,"column":13}}],"line":8},"1":{"loc":{"start":{"line":8,"column":16},"end":{"line":8,"column":97}},"type":"binary-expr","locations":[{"start":{"line":8,"column":16},"end":{"line":8,"column":55}},{"start":{"line":8,"column":59},"end":{"line":8,"column":97}}],"line":8},"2":{"loc":{"start":{"line":8,"column":17},"end":{"line":8,"column":49}},"type":"binary-expr","locations":[{"start":{"line":8,"column":17},"end":{"line":8,"column":31}},{"start":{"line":8,"column":35},"end":{"line":8,"column":49}}],"line":8},"3":{"loc":{"start":{"line":8,"column":60},"end":{"line":8,"column":92}},"type":"binary-expr","locations":[{"start":{"line":8,"column":60},"end":{"line":8,"column":74}},{"start":{"line":8,"column":78},"end":{"line":8,"column":92}}],"line":8},"4":{"loc":{"start":{"line":12,"column":12},"end":{"line":14,"column":13}},"type":"if","locations":[{"start":{"line":12,"column":12},"end":{"line":14,"column":13}},{"start":{"line":12,"column":12},"end":{"line":14,"column":13}}],"line":12},"5":{"loc":{"start":{"line":16,"column":12},"end":{"line":32,"column":13}},"type":"if","locations":[{"start":{"line":16,"column":12},"end":{"line":32,"column":13}},{"start":{"line":16,"column":12},"end":{"line":32,"column":13}}],"line":16}},"s":{"0":2,"1":24,"2":24,"3":24,"4":72,"5":72,"6":216,"7":36,"8":180,"9":180,"10":0,"11":0,"12":0,"13":24,"14":2},"f":{"0":24},"b":{"0":[36,180],"1":[216,198],"2":[216,36],"3":[198,36],"4":[180,0],"5":[0,0]},"_coverageSchema":"1a1c01bbd47fc00a2c39e90264f33305004495a9","hash":"cb4081f4e9067d7536f8ff6183f41b5b5659b313"}
,"D:\\Escritorio\\Renzo\\Megachess\\pieces\\queen.js": {"path":"D:\\Escritorio\\Renzo\\Megachess\\pieces\\queen.js","statementMap":{"0":{"start":{"line":1,"column":14},"end":{"line":239,"column":1}},"1":{"start":{"line":2,"column":25},"end":{"line":2,"column":27}},"2":{"start":{"line":4,"column":4},"end":{"line":28,"column":5}},"3":{"start":{"line":4,"column":20},"end":{"line":28,"column":5}},"4":{"start":{"line":4,"column":35},"end":{"line":4,"column":47}},"5":{"start":{"line":6,"column":8},"end":{"line":8,"column":9}},"6":{"start":{"line":7,"column":12},"end":{"line":7,"column":33}},"7":{"start":{"line":10,"column":8},"end":{"line":27,"column":9}},"8":{"start":{"line":11,"column":12},"end":{"line":17,"column":14}},"9":{"start":{"line":19,"column":12},"end":{"line":25,"column":14}},"10":{"start":{"line":26,"column":12},"end":{"line":26,"column":33}},"11":{"start":{"line":31,"column":4},"end":{"line":54,"column":5}},"12":{"start":{"line":31,"column":19},"end":{"line":54,"column":5}},"13":{"start":{"line":31,"column":34},"end":{"line":31,"column":46}},"14":{"start":{"line":33,"column":8},"end":{"line":35,"column":9}},"15":{"start":{"line":34,"column":12},"end":{"line":34,"column":32}},"16":{"start":{"line":36,"column":8},"end":{"line":53,"column":9}},"17":{"start":{"line":37,"column":12},"end":{"line":43,"column":14}},"18":{"start":{"line":45,"column":12},"end":{"line":51,"column":14}},"19":{"start":{"line":52,"column":12},"end":{"line":52,"column":32}},"20":{"start":{"line":57,"column":4},"end":{"line":79,"column":5}},"21":{"start":{"line":57,"column":25},"end":{"line":79,"column":5}},"22":{"start":{"line":57,"column":40},"end":{"line":57,"column":52}},"23":{"start":{"line":58,"column":8},"end":{"line":60,"column":9}},"24":{"start":{"line":59,"column":12},"end":{"line":59,"column":38}},"25":{"start":{"line":61,"column":8},"end":{"line":78,"column":9}},"26":{"start":{"line":62,"column":12},"end":{"line":68,"column":14}},"27":{"start":{"line":70,"column":12},"end":{"line":76,"column":14}},"28":{"start":{"line":77,"column":12},"end":{"line":77,"column":38}},"29":{"start":{"line":83,"column":4},"end":{"line":106,"column":5}},"30":{"start":{"line":83,"column":23},"end":{"line":106,"column":5}},"31":{"start":{"line":83,"column":38},"end":{"line":83,"column":50}},"32":{"start":{"line":84,"column":8},"end":{"line":86,"column":9}},"33":{"start":{"line":85,"column":12},"end":{"line":85,"column":36}},"34":{"start":{"line":88,"column":8},"end":{"line":105,"column":9}},"35":{"start":{"line":89,"column":12},"end":{"line":95,"column":14}},"36":{"start":{"line":97,"column":12},"end":{"line":103,"column":14}},"37":{"start":{"line":104,"column":12},"end":{"line":104,"column":36}},"38":{"start":{"line":109,"column":4},"end":{"line":138,"column":5}},"39":{"start":{"line":109,"column":27},"end":{"line":138,"column":5}},"40":{"start":{"line":109,"column":40},"end":{"line":109,"column":41}},"41":{"start":{"line":111,"column":8},"end":{"line":113,"column":9}},"42":{"start":{"line":112,"column":12},"end":{"line":112,"column":40}},"43":{"start":{"line":115,"column":8},"end":{"line":117,"column":9}},"44":{"start":{"line":116,"column":12},"end":{"line":116,"column":40}},"45":{"start":{"line":119,"column":8},"end":{"line":136,"column":9}},"46":{"start":{"line":120,"column":12},"end":{"line":126,"column":14}},"47":{"start":{"line":128,"column":12},"end":{"line":134,"column":14}},"48":{"start":{"line":135,"column":12},"end":{"line":135,"column":40}},"49":{"start":{"line":142,"column":4},"end":{"line":171,"column":5}},"50":{"start":{"line":142,"column":29},"end":{"line":171,"column":5}},"51":{"start":{"line":142,"column":42},"end":{"line":142,"column":43}},"52":{"start":{"line":143,"column":8},"end":{"line":145,"column":9}},"53":{"start":{"line":144,"column":12},"end":{"line":144,"column":42}},"54":{"start":{"line":147,"column":8},"end":{"line":150,"column":9}},"55":{"start":{"line":149,"column":12},"end":{"line":149,"column":42}},"56":{"start":{"line":152,"column":8},"end":{"line":169,"column":9}},"57":{"start":{"line":153,"column":12},"end":{"line":159,"column":14}},"58":{"start":{"line":161,"column":12},"end":{"line":167,"column":14}},"59":{"start":{"line":168,"column":12},"end":{"line":168,"column":42}},"60":{"start":{"line":175,"column":4},"end":{"line":204,"column":5}},"61":{"start":{"line":175,"column":28},"end":{"line":204,"column":5}},"62":{"start":{"line":175,"column":41},"end":{"line":175,"column":42}},"63":{"start":{"line":177,"column":8},"end":{"line":179,"column":9}},"64":{"start":{"line":178,"column":12},"end":{"line":178,"column":41}},"65":{"start":{"line":181,"column":8},"end":{"line":183,"column":9}},"66":{"start":{"line":182,"column":12},"end":{"line":182,"column":41}},"67":{"start":{"line":185,"column":8},"end":{"line":203,"column":9}},"68":{"start":{"line":186,"column":12},"end":{"line":192,"column":14}},"69":{"start":{"line":195,"column":12},"end":{"line":201,"column":14}},"70":{"start":{"line":202,"column":12},"end":{"line":202,"column":41}},"71":{"start":{"line":209,"column":4},"end":{"line":237,"column":5}},"72":{"start":{"line":209,"column":26},"end":{"line":237,"column":5}},"73":{"start":{"line":209,"column":39},"end":{"line":209,"column":40}},"74":{"start":{"line":211,"column":8},"end":{"line":213,"column":9}},"75":{"start":{"line":212,"column":12},"end":{"line":212,"column":39}},"76":{"start":{"line":215,"column":8},"end":{"line":217,"column":9}},"77":{"start":{"line":216,"column":12},"end":{"line":216,"column":39}},"78":{"start":{"line":219,"column":8},"end":{"line":236,"column":9}},"79":{"start":{"line":220,"column":12},"end":{"line":226,"column":14}},"80":{"start":{"line":228,"column":12},"end":{"line":234,"column":14}},"81":{"start":{"line":235,"column":12},"end":{"line":235,"column":39}},"82":{"start":{"line":238,"column":4},"end":{"line":238,"column":26}},"83":{"start":{"line":241,"column":0},"end":{"line":241,"column":23}}},"fnMap":{"0":{"name":"(anonymous_0)","decl":{"start":{"line":1,"column":14},"end":{"line":1,"column":15}},"loc":{"start":{"line":1,"column":83},"end":{"line":239,"column":1}},"line":1}},"branchMap":{"0":{"loc":{"start":{"line":6,"column":8},"end":{"line":8,"column":9}},"type":"if","locations":[{"start":{"line":6,"column":8},"end":{"line":8,"column":9}},{"start":{"line":6,"column":8},"end":{"line":8,"column":9}}],"line":6},"1":{"loc":{"start":{"line":10,"column":8},"end":{"line":27,"column":9}},"type":"if","locations":[{"start":{"line":10,"column":8},"end":{"line":27,"column":9}},{"start":{"line":10,"column":8},"end":{"line":27,"column":9}}],"line":10},"2":{"loc":{"start":{"line":33,"column":8},"end":{"line":35,"column":9}},"type":"if","locations":[{"start":{"line":33,"column":8},"end":{"line":35,"column":9}},{"start":{"line":33,"column":8},"end":{"line":35,"column":9}}],"line":33},"3":{"loc":{"start":{"line":36,"column":8},"end":{"line":53,"column":9}},"type":"if","locations":[{"start":{"line":36,"column":8},"end":{"line":53,"column":9}},{"start":{"line":36,"column":8},"end":{"line":53,"column":9}}],"line":36},"4":{"loc":{"start":{"line":58,"column":8},"end":{"line":60,"column":9}},"type":"if","locations":[{"start":{"line":58,"column":8},"end":{"line":60,"column":9}},{"start":{"line":58,"column":8},"end":{"line":60,"column":9}}],"line":58},"5":{"loc":{"start":{"line":61,"column":8},"end":{"line":78,"column":9}},"type":"if","locations":[{"start":{"line":61,"column":8},"end":{"line":78,"column":9}},{"start":{"line":61,"column":8},"end":{"line":78,"column":9}}],"line":61},"6":{"loc":{"start":{"line":84,"column":8},"end":{"line":86,"column":9}},"type":"if","locations":[{"start":{"line":84,"column":8},"end":{"line":86,"column":9}},{"start":{"line":84,"column":8},"end":{"line":86,"column":9}}],"line":84},"7":{"loc":{"start":{"line":88,"column":8},"end":{"line":105,"column":9}},"type":"if","locations":[{"start":{"line":88,"column":8},"end":{"line":105,"column":9}},{"start":{"line":88,"column":8},"end":{"line":105,"column":9}}],"line":88},"8":{"loc":{"start":{"line":111,"column":8},"end":{"line":113,"column":9}},"type":"if","locations":[{"start":{"line":111,"column":8},"end":{"line":113,"column":9}},{"start":{"line":111,"column":8},"end":{"line":113,"column":9}}],"line":111},"9":{"loc":{"start":{"line":111,"column":12},"end":{"line":111,"column":49}},"type":"binary-expr","locations":[{"start":{"line":111,"column":12},"end":{"line":111,"column":29}},{"start":{"line":111,"column":33},"end":{"line":111,"column":49}}],"line":111},"10":{"loc":{"start":{"line":115,"column":8},"end":{"line":117,"column":9}},"type":"if","locations":[{"start":{"line":115,"column":8},"end":{"line":117,"column":9}},{"start":{"line":115,"column":8},"end":{"line":117,"column":9}}],"line":115},"11":{"loc":{"start":{"line":119,"column":8},"end":{"line":136,"column":9}},"type":"if","locations":[{"start":{"line":119,"column":8},"end":{"line":136,"column":9}},{"start":{"line":119,"column":8},"end":{"line":136,"column":9}}],"line":119},"12":{"loc":{"start":{"line":143,"column":8},"end":{"line":145,"column":9}},"type":"if","locations":[{"start":{"line":143,"column":8},"end":{"line":145,"column":9}},{"start":{"line":143,"column":8},"end":{"line":145,"column":9}}],"line":143},"13":{"loc":{"start":{"line":143,"column":12},"end":{"line":143,"column":48}},"type":"binary-expr","locations":[{"start":{"line":143,"column":12},"end":{"line":143,"column":28}},{"start":{"line":143,"column":32},"end":{"line":143,"column":48}}],"line":143},"14":{"loc":{"start":{"line":147,"column":8},"end":{"line":150,"column":9}},"type":"if","locations":[{"start":{"line":147,"column":8},"end":{"line":150,"column":9}},{"start":{"line":147,"column":8},"end":{"line":150,"column":9}}],"line":147},"15":{"loc":{"start":{"line":152,"column":8},"end":{"line":169,"column":9}},"type":"if","locations":[{"start":{"line":152,"column":8},"end":{"line":169,"column":9}},{"start":{"line":152,"column":8},"end":{"line":169,"column":9}}],"line":152},"16":{"loc":{"start":{"line":177,"column":8},"end":{"line":179,"column":9}},"type":"if","locations":[{"start":{"line":177,"column":8},"end":{"line":179,"column":9}},{"start":{"line":177,"column":8},"end":{"line":179,"column":9}}],"line":177},"17":{"loc":{"start":{"line":177,"column":12},"end":{"line":177,"column":49}},"type":"binary-expr","locations":[{"start":{"line":177,"column":12},"end":{"line":177,"column":28}},{"start":{"line":177,"column":32},"end":{"line":177,"column":49}}],"line":177},"18":{"loc":{"start":{"line":181,"column":8},"end":{"line":183,"column":9}},"type":"if","locations":[{"start":{"line":181,"column":8},"end":{"line":183,"column":9}},{"start":{"line":181,"column":8},"end":{"line":183,"column":9}}],"line":181},"19":{"loc":{"start":{"line":185,"column":8},"end":{"line":203,"column":9}},"type":"if","locations":[{"start":{"line":185,"column":8},"end":{"line":203,"column":9}},{"start":{"line":185,"column":8},"end":{"line":203,"column":9}}],"line":185},"20":{"loc":{"start":{"line":211,"column":8},"end":{"line":213,"column":9}},"type":"if","locations":[{"start":{"line":211,"column":8},"end":{"line":213,"column":9}},{"start":{"line":211,"column":8},"end":{"line":213,"column":9}}],"line":211},"21":{"loc":{"start":{"line":211,"column":12},"end":{"line":211,"column":50}},"type":"binary-expr","locations":[{"start":{"line":211,"column":12},"end":{"line":211,"column":29}},{"start":{"line":211,"column":33},"end":{"line":211,"column":50}}],"line":211},"22":{"loc":{"start":{"line":215,"column":8},"end":{"line":217,"column":9}},"type":"if","locations":[{"start":{"line":215,"column":8},"end":{"line":217,"column":9}},{"start":{"line":215,"column":8},"end":{"line":217,"column":9}}],"line":215},"23":{"loc":{"start":{"line":219,"column":8},"end":{"line":236,"column":9}},"type":"if","locations":[{"start":{"line":219,"column":8},"end":{"line":236,"column":9}},{"start":{"line":219,"column":8},"end":{"line":236,"column":9}}],"line":219}},"s":{"0":2,"1":24,"2":24,"3":24,"4":24,"5":18,"6":18,"7":0,"8":0,"9":0,"10":0,"11":24,"12":24,"13":24,"14":18,"15":18,"16":0,"17":0,"18":0,"19":0,"20":24,"21":24,"22":24,"23":24,"24":24,"25":0,"26":0,"27":0,"28":0,"29":24,"30":24,"31":24,"32":24,"33":24,"34":0,"35":0,"36":0,"37":0,"38":24,"39":24,"40":24,"41":24,"42":6,"43":18,"44":18,"45":0,"46":0,"47":0,"48":0,"49":24,"50":24,"51":24,"52":24,"53":6,"54":18,"55":18,"56":0,"57":0,"58":0,"59":0,"60":24,"61":24,"62":24,"63":24,"64":6,"65":18,"66":18,"67":0,"68":0,"69":0,"70":0,"71":24,"72":24,"73":24,"74":24,"75":6,"76":18,"77":18,"78":0,"79":0,"80":0,"81":0,"82":24,"83":2},"f":{"0":24},"b":{"0":[18,0],"1":[0,0],"2":[18,0],"3":[0,0],"4":[24,0],"5":[0,0],"6":[24,0],"7":[0,0],"8":[6,18],"9":[24,24],"10":[18,0],"11":[0,0],"12":[6,18],"13":[24,24],"14":[18,0],"15":[0,0],"16":[6,18],"17":[24,24],"18":[18,0],"19":[0,0],"20":[6,18],"21":[24,24],"22":[18,0],"23":[0,0]},"_coverageSchema":"1a1c01bbd47fc00a2c39e90264f33305004495a9","hash":"e523ef97988366f3a2e7000ad2c7d77b83338d88"}
,"D:\\Escritorio\\Renzo\\Megachess\\pieces\\rook.js": {"path":"D:\\Escritorio\\Renzo\\Megachess\\pieces\\rook.js","statementMap":{"0":{"start":{"line":2,"column":13},"end":{"line":112,"column":1}},"1":{"start":{"line":4,"column":24},"end":{"line":4,"column":26}},"2":{"start":{"line":6,"column":4},"end":{"line":30,"column":5}},"3":{"start":{"line":6,"column":20},"end":{"line":30,"column":5}},"4":{"start":{"line":6,"column":35},"end":{"line":6,"column":47}},"5":{"start":{"line":8,"column":8},"end":{"line":10,"column":9}},"6":{"start":{"line":9,"column":12},"end":{"line":9,"column":33}},"7":{"start":{"line":12,"column":8},"end":{"line":29,"column":9}},"8":{"start":{"line":13,"column":12},"end":{"line":19,"column":14}},"9":{"start":{"line":21,"column":12},"end":{"line":27,"column":14}},"10":{"start":{"line":28,"column":12},"end":{"line":28,"column":33}},"11":{"start":{"line":34,"column":4},"end":{"line":58,"column":5}},"12":{"start":{"line":34,"column":19},"end":{"line":58,"column":5}},"13":{"start":{"line":34,"column":34},"end":{"line":34,"column":46}},"14":{"start":{"line":36,"column":8},"end":{"line":38,"column":9}},"15":{"start":{"line":37,"column":12},"end":{"line":37,"column":32}},"16":{"start":{"line":40,"column":8},"end":{"line":57,"column":9}},"17":{"start":{"line":41,"column":12},"end":{"line":47,"column":14}},"18":{"start":{"line":49,"column":12},"end":{"line":55,"column":14}},"19":{"start":{"line":56,"column":12},"end":{"line":56,"column":32}},"20":{"start":{"line":60,"column":4},"end":{"line":83,"column":5}},"21":{"start":{"line":60,"column":25},"end":{"line":83,"column":5}},"22":{"start":{"line":60,"column":40},"end":{"line":60,"column":52}},"23":{"start":{"line":61,"column":8},"end":{"line":63,"column":9}},"24":{"start":{"line":62,"column":12},"end":{"line":62,"column":38}},"25":{"start":{"line":65,"column":8},"end":{"line":82,"column":9}},"26":{"start":{"line":66,"column":12},"end":{"line":72,"column":14}},"27":{"start":{"line":74,"column":12},"end":{"line":80,"column":14}},"28":{"start":{"line":81,"column":12},"end":{"line":81,"column":38}},"29":{"start":{"line":87,"column":4},"end":{"line":110,"column":5}},"30":{"start":{"line":87,"column":23},"end":{"line":110,"column":5}},"31":{"start":{"line":87,"column":38},"end":{"line":87,"column":50}},"32":{"start":{"line":88,"column":8},"end":{"line":90,"column":9}},"33":{"start":{"line":89,"column":12},"end":{"line":89,"column":36}},"34":{"start":{"line":92,"column":8},"end":{"line":109,"column":9}},"35":{"start":{"line":93,"column":12},"end":{"line":99,"column":14}},"36":{"start":{"line":101,"column":12},"end":{"line":107,"column":14}},"37":{"start":{"line":108,"column":12},"end":{"line":108,"column":36}},"38":{"start":{"line":111,"column":4},"end":{"line":111,"column":25}},"39":{"start":{"line":114,"column":0},"end":{"line":114,"column":22}}},"fnMap":{"0":{"name":"(anonymous_0)","decl":{"start":{"line":2,"column":13},"end":{"line":2,"column":14}},"loc":{"start":{"line":2,"column":82},"end":{"line":112,"column":1}},"line":2}},"branchMap":{"0":{"loc":{"start":{"line":8,"column":8},"end":{"line":10,"column":9}},"type":"if","locations":[{"start":{"line":8,"column":8},"end":{"line":10,"column":9}},{"start":{"line":8,"column":8},"end":{"line":10,"column":9}}],"line":8},"1":{"loc":{"start":{"line":12,"column":8},"end":{"line":29,"column":9}},"type":"if","locations":[{"start":{"line":12,"column":8},"end":{"line":29,"column":9}},{"start":{"line":12,"column":8},"end":{"line":29,"column":9}}],"line":12},"2":{"loc":{"start":{"line":36,"column":8},"end":{"line":38,"column":9}},"type":"if","locations":[{"start":{"line":36,"column":8},"end":{"line":38,"column":9}},{"start":{"line":36,"column":8},"end":{"line":38,"column":9}}],"line":36},"3":{"loc":{"start":{"line":40,"column":8},"end":{"line":57,"column":9}},"type":"if","locations":[{"start":{"line":40,"column":8},"end":{"line":57,"column":9}},{"start":{"line":40,"column":8},"end":{"line":57,"column":9}}],"line":40},"4":{"loc":{"start":{"line":61,"column":8},"end":{"line":63,"column":9}},"type":"if","locations":[{"start":{"line":61,"column":8},"end":{"line":63,"column":9}},{"start":{"line":61,"column":8},"end":{"line":63,"column":9}}],"line":61},"5":{"loc":{"start":{"line":65,"column":8},"end":{"line":82,"column":9}},"type":"if","locations":[{"start":{"line":65,"column":8},"end":{"line":82,"column":9}},{"start":{"line":65,"column":8},"end":{"line":82,"column":9}}],"line":65},"6":{"loc":{"start":{"line":88,"column":8},"end":{"line":90,"column":9}},"type":"if","locations":[{"start":{"line":88,"column":8},"end":{"line":90,"column":9}},{"start":{"line":88,"column":8},"end":{"line":90,"column":9}}],"line":88},"7":{"loc":{"start":{"line":92,"column":8},"end":{"line":109,"column":9}},"type":"if","locations":[{"start":{"line":92,"column":8},"end":{"line":109,"column":9}},{"start":{"line":92,"column":8},"end":{"line":109,"column":9}}],"line":92}},"s":{"0":2,"1":48,"2":48,"3":48,"4":48,"5":36,"6":36,"7":0,"8":0,"9":0,"10":0,"11":48,"12":48,"13":48,"14":36,"15":36,"16":0,"17":0,"18":0,"19":0,"20":48,"21":48,"22":48,"23":24,"24":24,"25":0,"26":0,"27":0,"28":0,"29":48,"30":48,"31":48,"32":36,"33":36,"34":0,"35":0,"36":0,"37":0,"38":48,"39":2},"f":{"0":48},"b":{"0":[36,0],"1":[0,0],"2":[36,0],"3":[0,0],"4":[24,0],"5":[0,0],"6":[36,0],"7":[0,0]},"_coverageSchema":"1a1c01bbd47fc00a2c39e90264f33305004495a9","hash":"89f6357d8d2233e4d7d32f9240fb7be6207d1b97"}
,"D:\\Escritorio\\Renzo\\Megachess\\pieces\\whitePawn.js": {"path":"D:\\Escritorio\\Renzo\\Megachess\\pieces\\whitePawn.js","statementMap":{"0":{"start":{"line":1,"column":18},"end":{"line":57,"column":1}},"1":{"start":{"line":3,"column":24},"end":{"line":3,"column":26}},"2":{"start":{"line":5,"column":4},"end":{"line":55,"column":5}},"3":{"start":{"line":6,"column":8},"end":{"line":16,"column":9}},"4":{"start":{"line":7,"column":12},"end":{"line":15,"column":13}},"5":{"start":{"line":8,"column":16},"end":{"line":14,"column":18}},"6":{"start":{"line":17,"column":8},"end":{"line":26,"column":9}},"7":{"start":{"line":18,"column":12},"end":{"line":25,"column":14}},"8":{"start":{"line":27,"column":8},"end":{"line":36,"column":9}},"9":{"start":{"line":28,"column":12},"end":{"line":35,"column":14}},"10":{"start":{"line":37,"column":8},"end":{"line":46,"column":9}},"11":{"start":{"line":38,"column":12},"end":{"line":45,"column":14}},"12":{"start":{"line":47,"column":8},"end":{"line":54,"column":10}},"13":{"start":{"line":56,"column":4},"end":{"line":56,"column":25}},"14":{"start":{"line":59,"column":0},"end":{"line":59,"column":27}}},"fnMap":{"0":{"name":"(anonymous_0)","decl":{"start":{"line":1,"column":18},"end":{"line":1,"column":19}},"loc":{"start":{"line":1,"column":65},"end":{"line":57,"column":1}},"line":1}},"branchMap":{"0":{"loc":{"start":{"line":5,"column":4},"end":{"line":55,"column":5}},"type":"if","locations":[{"start":{"line":5,"column":4},"end":{"line":55,"column":5}},{"start":{"line":5,"column":4},"end":{"line":55,"column":5}}],"line":5},"1":{"loc":{"start":{"line":6,"column":8},"end":{"line":16,"column":9}},"type":"if","locations":[{"start":{"line":6,"column":8},"end":{"line":16,"column":9}},{"start":{"line":6,"column":8},"end":{"line":16,"column":9}}],"line":6},"2":{"loc":{"start":{"line":7,"column":12},"end":{"line":15,"column":13}},"type":"if","locations":[{"start":{"line":7,"column":12},"end":{"line":15,"column":13}},{"start":{"line":7,"column":12},"end":{"line":15,"column":13}}],"line":7},"3":{"loc":{"start":{"line":7,"column":16},"end":{"line":7,"column":50}},"type":"binary-expr","locations":[{"start":{"line":7,"column":16},"end":{"line":7,"column":31}},{"start":{"line":7,"column":35},"end":{"line":7,"column":50}}],"line":7},"4":{"loc":{"start":{"line":17,"column":8},"end":{"line":26,"column":9}},"type":"if","locations":[{"start":{"line":17,"column":8},"end":{"line":26,"column":9}},{"start":{"line":17,"column":8},"end":{"line":26,"column":9}}],"line":17},"5":{"loc":{"start":{"line":27,"column":8},"end":{"line":36,"column":9}},"type":"if","locations":[{"start":{"line":27,"column":8},"end":{"line":36,"column":9}},{"start":{"line":27,"column":8},"end":{"line":36,"column":9}}],"line":27},"6":{"loc":{"start":{"line":37,"column":8},"end":{"line":46,"column":9}},"type":"if","locations":[{"start":{"line":37,"column":8},"end":{"line":46,"column":9}},{"start":{"line":37,"column":8},"end":{"line":46,"column":9}}],"line":37}},"s":{"0":1,"1":96,"2":96,"3":48,"4":48,"5":48,"6":48,"7":0,"8":48,"9":0,"10":48,"11":0,"12":48,"13":96,"14":1},"f":{"0":96},"b":{"0":[48,48],"1":[48,0],"2":[48,0],"3":[48,0],"4":[0,48],"5":[0,48],"6":[0,48]},"_coverageSchema":"1a1c01bbd47fc00a2c39e90264f33305004495a9","hash":"2f856015e32663f2f24ce274f0026e8ed9b8cb3f"}
,"D:\\Escritorio\\Renzo\\Megachess\\piecesValues\\eatValue.js": {"path":"D:\\Escritorio\\Renzo\\Megachess\\piecesValues\\eatValue.js","statementMap":{"0":{"start":{"line":2,"column":20},"end":{"line":9,"column":1}},"1":{"start":{"line":12,"column":20},"end":{"line":19,"column":1}},"2":{"start":{"line":21,"column":0},"end":{"line":24,"column":1}}},"fnMap":{},"branchMap":{},"s":{"0":2,"1":2,"2":2},"f":{},"b":{},"_coverageSchema":"1a1c01bbd47fc00a2c39e90264f33305004495a9","hash":"9206c9a701c46db743380ecfe05e8cc0f2f69993"}
,"D:\\Escritorio\\Renzo\\Megachess\\piecesValues\\moveValue.js": {"path":"D:\\Escritorio\\Renzo\\Megachess\\piecesValues\\moveValue.js","statementMap":{"0":{"start":{"line":2,"column":21},"end":{"line":9,"column":1}},"1":{"start":{"line":11,"column":21},"end":{"line":18,"column":1}},"2":{"start":{"line":20,"column":0},"end":{"line":23,"column":1}}},"fnMap":{},"branchMap":{},"s":{"0":2,"1":2,"2":2},"f":{},"b":{},"_coverageSchema":"1a1c01bbd47fc00a2c39e90264f33305004495a9","hash":"320e57f11a3103e1213f0fbc8cc0afefba5a3a7b"}
}
