TN:
SF:movements\black.js
FN:12,(anonymous_0)
FN:14,(anonymous_1)
FN:23,(anonymous_2)
FN:25,(anonymous_3)
FN:45,(anonymous_4)
FN:46,(anonymous_5)
FN:53,(anonymous_6)
FN:85,(anonymous_7)
FN:86,(anonymous_8)
FNF:9
FNH:8
FNDA:3,(anonymous_0)
FNDA:3,(anonymous_1)
FNDA:3,(anonymous_2)
FNDA:93,(anonymous_3)
FNDA:0,(anonymous_4)
FNDA:3,(anonymous_5)
FNDA:3,(anonymous_6)
FNDA:192,(anonymous_7)
FNDA:96,(anonymous_8)
DA:1,1
DA:2,1
DA:3,1
DA:4,1
DA:5,1
DA:6,1
DA:7,1
DA:8,1
DA:9,1
DA:12,1
DA:14,3
DA:16,3
DA:17,3
DA:18,3
DA:19,3
DA:20,3
DA:22,3
DA:25,3
DA:26,93
DA:27,93
DA:29,0
DA:33,3
DA:45,0
DA:47,3
DA:48,3
DA:53,1
DA:55,3
DA:56,48
DA:57,768
DA:60,96
DA:61,96
DA:63,24
DA:64,24
DA:66,24
DA:67,24
DA:69,24
DA:70,24
DA:72,12
DA:73,12
DA:75,12
DA:76,12
DA:78,576
DA:82,3
DA:85,3
DA:86,192
DA:87,96
DA:91,3
DA:94,1
LF:48
LH:46
BRDA:26,0,0,93
BRDA:26,0,1,0
BRDA:57,1,0,96
BRDA:57,1,1,24
BRDA:57,1,2,24
BRDA:57,1,3,24
BRDA:57,1,4,12
BRDA:57,1,5,12
BRDA:57,1,6,576
BRF:9
BRH:8
end_of_record
TN:
SF:movements\matriz.js
FN:1,(anonymous_0)
FNF:1
FNH:1
FNDA:262,(anonymous_0)
DA:1,3
DA:2,262
DA:3,262
DA:4,262
DA:6,262
DA:7,4192
DA:8,4192
DA:9,67072
DA:10,67072
DA:12,4192
DA:14,262
DA:17,3
LF:12
LH:12
BRF:0
BRH:0
end_of_record
TN:
SF:movements\white.js
FN:11,(anonymous_0)
FN:13,(anonymous_1)
FN:23,(anonymous_2)
FN:25,(anonymous_3)
FN:45,(anonymous_4)
FN:46,(anonymous_5)
FN:54,(anonymous_6)
FN:92,(anonymous_7)
FN:93,(anonymous_8)
FNF:9
FNH:8
FNDA:3,(anonymous_0)
FNDA:3,(anonymous_1)
FNDA:3,(anonymous_2)
FNDA:93,(anonymous_3)
FNDA:0,(anonymous_4)
FNDA:3,(anonymous_5)
FNDA:3,(anonymous_6)
FNDA:192,(anonymous_7)
FNDA:96,(anonymous_8)
DA:1,1
DA:2,1
DA:3,1
DA:4,1
DA:5,1
DA:6,1
DA:7,1
DA:8,1
DA:9,1
DA:11,1
DA:13,3
DA:15,3
DA:16,3
DA:17,3
DA:18,3
DA:19,3
DA:22,3
DA:25,3
DA:27,93
DA:28,93
DA:30,0
DA:33,3
DA:45,0
DA:47,3
DA:48,3
DA:54,1
DA:57,3
DA:58,48
DA:59,768
DA:61,96
DA:62,96
DA:65,24
DA:66,24
DA:69,24
DA:70,24
DA:73,24
DA:74,24
DA:77,12
DA:78,12
DA:81,12
DA:82,12
DA:85,576
DA:89,3
DA:92,3
DA:93,192
DA:94,96
DA:98,3
DA:101,1
LF:48
LH:46
BRDA:27,0,0,93
BRDA:27,0,1,0
BRDA:59,1,0,96
BRDA:59,1,1,24
BRDA:59,1,2,24
BRDA:59,1,3,24
BRDA:59,1,4,12
BRDA:59,1,5,12
BRDA:59,1,6,576
BRF:9
BRH:8
end_of_record
TN:
SF:pieces\bishop.js
FN:1,(anonymous_0)
FNF:1
FNH:1
FNDA:48,(anonymous_0)
DA:1,2
DA:3,48
DA:6,48
DA:8,48
DA:9,12
DA:12,36
DA:13,36
DA:16,0
DA:17,0
DA:25,0
DA:32,0
DA:38,48
DA:39,48
DA:40,12
DA:43,36
DA:44,36
DA:47,0
DA:48,0
DA:56,0
DA:63,0
DA:70,48
DA:72,48
DA:73,12
DA:76,36
DA:77,36
DA:80,0
DA:81,0
DA:90,0
DA:97,0
DA:104,48
DA:106,48
DA:107,12
DA:110,36
DA:111,36
DA:114,0
DA:115,0
DA:124,0
DA:131,0
DA:134,48
DA:137,2
LF:40
LH:24
BRDA:8,0,0,12
BRDA:8,0,1,36
BRDA:8,1,0,48
BRDA:8,1,1,48
BRDA:12,2,0,36
BRDA:12,2,1,0
BRDA:16,3,0,0
BRDA:16,3,1,0
BRDA:39,4,0,12
BRDA:39,4,1,36
BRDA:39,5,0,48
BRDA:39,5,1,48
BRDA:43,6,0,36
BRDA:43,6,1,0
BRDA:47,7,0,0
BRDA:47,7,1,0
BRDA:72,8,0,12
BRDA:72,8,1,36
BRDA:72,9,0,48
BRDA:72,9,1,48
BRDA:76,10,0,36
BRDA:76,10,1,0
BRDA:80,11,0,0
BRDA:80,11,1,0
BRDA:106,12,0,12
BRDA:106,12,1,36
BRDA:106,13,0,48
BRDA:106,13,1,48
BRDA:110,14,0,36
BRDA:110,14,1,0
BRDA:114,15,0,0
BRDA:114,15,1,0
BRF:32
BRH:20
end_of_record
TN:
SF:pieces\blackPawn.js
FN:1,(anonymous_0)
FNF:1
FNH:1
FNDA:96,(anonymous_0)
DA:1,1
DA:2,96
DA:4,96
DA:5,48
DA:7,48
DA:8,48
DA:18,48
DA:19,0
DA:27,48
DA:28,0
DA:36,48
DA:37,0
DA:45,48
DA:53,96
DA:55,1
LF:15
LH:12
BRDA:4,0,0,48
BRDA:4,0,1,48
BRDA:5,1,0,48
BRDA:5,1,1,0
BRDA:7,2,0,48
BRDA:7,2,1,0
BRDA:7,3,0,48
BRDA:7,3,1,48
BRDA:18,4,0,0
BRDA:18,4,1,48
BRDA:27,5,0,0
BRDA:27,5,1,48
BRDA:36,6,0,0
BRDA:36,6,1,48
BRF:14
BRH:9
end_of_record
TN:
SF:pieces\horse.js
FN:1,(anonymous_0)
FNF:1
FNH:1
FNDA:48,(anonymous_0)
DA:1,2
DA:3,48
DA:6,48
DA:7,96
DA:8,192
DA:9,96
DA:11,96
DA:12,96
DA:14,0
DA:15,0
DA:23,0
DA:35,48
DA:36,96
DA:37,192
DA:38,48
DA:40,144
DA:41,144
DA:43,0
DA:44,0
DA:52,0
DA:63,48
DA:66,2
LF:22
LH:16
BRDA:8,0,0,96
BRDA:8,0,1,96
BRDA:8,1,0,192
BRDA:8,1,1,144
BRDA:8,2,0,192
BRDA:8,2,1,0
BRDA:8,3,0,144
BRDA:8,3,1,0
BRDA:11,4,0,96
BRDA:11,4,1,0
BRDA:14,5,0,0
BRDA:14,5,1,0
BRDA:37,6,0,48
BRDA:37,6,1,144
BRDA:37,7,0,192
BRDA:37,7,1,168
BRDA:37,8,0,192
BRDA:37,8,1,24
BRDA:37,9,0,168
BRDA:37,9,1,24
BRDA:40,10,0,144
BRDA:40,10,1,0
BRDA:43,11,0,0
BRDA:43,11,1,0
BRF:24
BRH:16
end_of_record
TN:
SF:pieces\king.js
FN:1,(anonymous_0)
FNF:1
FNH:1
FNDA:24,(anonymous_0)
DA:1,2
DA:3,24
DA:6,24
DA:7,72
DA:8,216
DA:9,36
DA:12,180
DA:13,180
DA:16,0
DA:17,0
DA:25,0
DA:35,24
DA:37,2
LF:13
LH:10
BRDA:8,0,0,36
BRDA:8,0,1,180
BRDA:8,1,0,216
BRDA:8,1,1,198
BRDA:8,2,0,216
BRDA:8,2,1,36
BRDA:8,3,0,198
BRDA:8,3,1,36
BRDA:12,4,0,180
BRDA:12,4,1,0
BRDA:16,5,0,0
BRDA:16,5,1,0
BRF:12
BRH:9
end_of_record
TN:
SF:pieces\queen.js
FN:1,(anonymous_0)
FNF:1
FNH:1
FNDA:24,(anonymous_0)
DA:1,2
DA:2,24
DA:4,24
DA:6,18
DA:7,18
DA:10,0
DA:11,0
DA:19,0
DA:26,0
DA:31,24
DA:33,18
DA:34,18
DA:36,0
DA:37,0
DA:45,0
DA:52,0
DA:57,24
DA:58,24
DA:59,24
DA:61,0
DA:62,0
DA:70,0
DA:77,0
DA:83,24
DA:84,24
DA:85,24
DA:88,0
DA:89,0
DA:97,0
DA:104,0
DA:109,24
DA:111,24
DA:112,6
DA:115,18
DA:116,18
DA:119,0
DA:120,0
DA:128,0
DA:135,0
DA:142,24
DA:143,24
DA:144,6
DA:147,18
DA:149,18
DA:152,0
DA:153,0
DA:161,0
DA:168,0
DA:175,24
DA:177,24
DA:178,6
DA:181,18
DA:182,18
DA:185,0
DA:186,0
DA:195,0
DA:202,0
DA:209,24
DA:211,24
DA:212,6
DA:215,18
DA:216,18
DA:219,0
DA:220,0
DA:228,0
DA:235,0
DA:238,24
DA:241,2
LF:68
LH:36
BRDA:6,0,0,18
BRDA:6,0,1,0
BRDA:10,1,0,0
BRDA:10,1,1,0
BRDA:33,2,0,18
BRDA:33,2,1,0
BRDA:36,3,0,0
BRDA:36,3,1,0
BRDA:58,4,0,24
BRDA:58,4,1,0
BRDA:61,5,0,0
BRDA:61,5,1,0
BRDA:84,6,0,24
BRDA:84,6,1,0
BRDA:88,7,0,0
BRDA:88,7,1,0
BRDA:111,8,0,6
BRDA:111,8,1,18
BRDA:111,9,0,24
BRDA:111,9,1,24
BRDA:115,10,0,18
BRDA:115,10,1,0
BRDA:119,11,0,0
BRDA:119,11,1,0
BRDA:143,12,0,6
BRDA:143,12,1,18
BRDA:143,13,0,24
BRDA:143,13,1,24
BRDA:147,14,0,18
BRDA:147,14,1,0
BRDA:152,15,0,0
BRDA:152,15,1,0
BRDA:177,16,0,6
BRDA:177,16,1,18
BRDA:177,17,0,24
BRDA:177,17,1,24
BRDA:181,18,0,18
BRDA:181,18,1,0
BRDA:185,19,0,0
BRDA:185,19,1,0
BRDA:211,20,0,6
BRDA:211,20,1,18
BRDA:211,21,0,24
BRDA:211,21,1,24
BRDA:215,22,0,18
BRDA:215,22,1,0
BRDA:219,23,0,0
BRDA:219,23,1,0
BRF:48
BRH:24
end_of_record
TN:
SF:pieces\rook.js
FN:2,(anonymous_0)
FNF:1
FNH:1
FNDA:48,(anonymous_0)
DA:2,2
DA:4,48
DA:6,48
DA:8,36
DA:9,36
DA:12,0
DA:13,0
DA:21,0
DA:28,0
DA:34,48
DA:36,36
DA:37,36
DA:40,0
DA:41,0
DA:49,0
DA:56,0
DA:60,48
DA:61,24
DA:62,24
DA:65,0
DA:66,0
DA:74,0
DA:81,0
DA:87,48
DA:88,36
DA:89,36
DA:92,0
DA:93,0
DA:101,0
DA:108,0
DA:111,48
DA:114,2
LF:32
LH:16
BRDA:8,0,0,36
BRDA:8,0,1,0
BRDA:12,1,0,0
BRDA:12,1,1,0
BRDA:36,2,0,36
BRDA:36,2,1,0
BRDA:40,3,0,0
BRDA:40,3,1,0
BRDA:61,4,0,24
BRDA:61,4,1,0
BRDA:65,5,0,0
BRDA:65,5,1,0
BRDA:88,6,0,36
BRDA:88,6,1,0
BRDA:92,7,0,0
BRDA:92,7,1,0
BRF:16
BRH:4
end_of_record
TN:
SF:pieces\whitePawn.js
FN:1,(anonymous_0)
FNF:1
FNH:1
FNDA:96,(anonymous_0)
DA:1,1
DA:3,96
DA:5,96
DA:6,48
DA:7,48
DA:8,48
DA:17,48
DA:18,0
DA:27,48
DA:28,0
DA:37,48
DA:38,0
DA:47,48
DA:56,96
DA:59,1
LF:15
LH:12
BRDA:5,0,0,48
BRDA:5,0,1,48
BRDA:6,1,0,48
BRDA:6,1,1,0
BRDA:7,2,0,48
BRDA:7,2,1,0
BRDA:7,3,0,48
BRDA:7,3,1,0
BRDA:17,4,0,0
BRDA:17,4,1,48
BRDA:27,5,0,0
BRDA:27,5,1,48
BRDA:37,6,0,0
BRDA:37,6,1,48
BRF:14
BRH:8
end_of_record
TN:
SF:piecesValues\eatValue.js
FNF:0
FNH:0
DA:2,2
DA:12,2
DA:21,2
LF:3
LH:3
BRF:0
BRH:0
end_of_record
TN:
SF:piecesValues\moveValue.js
FNF:0
FNH:0
DA:2,2
DA:11,2
DA:20,2
LF:3
LH:3
BRF:0
BRH:0
end_of_record
